#
# There is insufficient memory for the Java Runtime Environment to continue.
# Native memory allocation (mmap) failed to map 35651584 bytes. Error detail: G1 virtual space
# Possible reasons:
#   The system is out of physical RAM or swap space
#   This process is running with CompressedOops enabled, and the Java Heap may be blocking the growth of the native heap
# Possible solutions:
#   Reduce memory load on the system
#   Increase physical memory or swap space
#   Check if swap backing store is full
#   Decrease Java heap size (-Xmx/-Xms)
#   Decrease number of Java threads
#   Decrease Java thread stack sizes (-Xss)
#   Set larger code cache with -XX:ReservedCodeCacheSize=
#   JVM is running with Unscaled Compressed Oops mode in which the Java heap is
#     placed in the first 4GB address space. The Java Heap base address is the
#     maximum limit for the native heap growth. Please use -XX:HeapBaseMinAddress
#     to set the Java Heap base and to place the Java Heap above 4GB virtual address.
# This output file may be truncated or incomplete.
#
#  Out of Memory Error (os_windows.cpp:3825), pid=16900, tid=12516
#
# JRE version: OpenJDK Runtime Environment (17.0.11) (build 17.0.11+0--11852314)
# Java VM: OpenJDK 64-Bit Server VM (17.0.11+0--11852314, mixed mode, tiered, compressed oops, compressed class ptrs, g1 gc, windows-amd64)
# No core dump will be written. Minidumps are not enabled by default on client versions of Windows
#

---------------  S U M M A R Y ------------

Command Line: --add-opens=java.base/java.util=ALL-UNNAMED --add-opens=java.base/java.lang=ALL-UNNAMED --add-opens=java.base/java.lang.invoke=ALL-UNNAMED --add-opens=java.prefs/java.util.prefs=ALL-UNNAMED --add-opens=java.base/java.nio.charset=ALL-UNNAMED --add-opens=java.base/java.net=ALL-UNNAMED --add-opens=java.base/java.util.concurrent.atomic=ALL-UNNAMED -Xmx2048m -Dfile.encoding=UTF-8 -Duser.country=US -Duser.language=en -Duser.variant org.gradle.launcher.daemon.bootstrap.GradleDaemon 8.0

Host: AMD Ryzen 3 5300U with Radeon Graphics         , 8 cores, 7G,  Windows 11 , 64 bit Build 22621 (10.0.22621.3958)
Time: Tue Sep  3 11:58:58 2024 W. Central Africa Standard Time elapsed time: 6.159885 seconds (0d 0h 0m 6s)

---------------  T H R E A D  ---------------

Current thread (0x0000017aacd453f0):  VMThread "VM Thread" [stack: 0x00000063a9000000,0x00000063a9100000] [id=12516]

Stack: [0x00000063a9000000,0x00000063a9100000]
Native frames: (J=compiled Java code, j=interpreted, Vv=VM code, C=native code)
V  [jvm.dll+0x687bb9]
V  [jvm.dll+0x84142a]
V  [jvm.dll+0x8430ae]
V  [jvm.dll+0x843713]
V  [jvm.dll+0x24a35f]
V  [jvm.dll+0x684989]
V  [jvm.dll+0x67923a]
V  [jvm.dll+0x30af0b]
V  [jvm.dll+0x3123b6]
V  [jvm.dll+0x361dfe]
V  [jvm.dll+0x36202f]
V  [jvm.dll+0x2e0d38]
V  [jvm.dll+0x2df144]
V  [jvm.dll+0x2de74c]
V  [jvm.dll+0x32305b]
V  [jvm.dll+0x847e0b]
V  [jvm.dll+0x848b42]
V  [jvm.dll+0x84905d]
V  [jvm.dll+0x849434]
V  [jvm.dll+0x849500]
V  [jvm.dll+0x7efa4a]
V  [jvm.dll+0x686a35]
C  [ucrtbase.dll+0x29333]
C  [KERNEL32.DLL+0x1257d]
C  [ntdll.dll+0x5af28]

VM_Operation (0x00000063aa8f32d0): G1CollectForAllocation, mode: safepoint, requested by thread 0x0000017ab24343b0


---------------  P R O C E S S  ---------------

Threads class SMR info:
_java_thread_list=0x0000017ab498dc90, length=125, elements={
0x0000017a90f49a80, 0x0000017aacd476b0, 0x0000017aacd48530, 0x0000017aacd703d0,
0x0000017aacd71250, 0x0000017aacd72e80, 0x0000017aacd73840, 0x0000017ab1033ed0,
0x0000017ab1037c60, 0x0000017ab1038a10, 0x0000017ab11a7800, 0x0000017ab11a9e90,
0x0000017ab38b50b0, 0x0000017ab17075e0, 0x0000017ab28328c0, 0x0000017ab247eaf0,
0x0000017ab247efd0, 0x0000017ab34ee830, 0x0000017ab24343b0, 0x0000017ab2a52ba0,
0x0000017ab230e650, 0x0000017ab230dc30, 0x0000017ab230d210, 0x0000017ab230e140,
0x0000017ab230d720, 0x0000017ab230eb60, 0x0000017ab230b3b0, 0x0000017ab230b8c0,
0x0000017ab230bdd0, 0x0000017ab230c2e0, 0x0000017ab230c7f0, 0x0000017ab4a35590,
0x0000017ab4a35aa0, 0x0000017ab5486060, 0x0000017ab4a35fb0, 0x0000017ab4a35080,
0x0000017ab4a38320, 0x0000017ab4a3a690, 0x0000017ab4a364c0, 0x0000017ab4a37e10,
0x0000017ab4a34150, 0x0000017ab4a373f0, 0x0000017ab4a3b0b0, 0x0000017ab4a39760,
0x0000017ab4a38830, 0x0000017ab4a36ee0, 0x0000017ab4a369d0, 0x0000017ab4a37900,
0x0000017ab4a38d40, 0x0000017ab4a34b70, 0x0000017ab4a3aba0, 0x0000017ab4a39250,
0x0000017ab4a39c70, 0x0000017ab4a3a180, 0x0000017ab4a33c40, 0x0000017ab4a3b5c0,
0x0000017ab4a34660, 0x0000017ab1f1c440, 0x0000017ab1f1bf30, 0x0000017ab1f1b510,
0x0000017ab1f191a0, 0x0000017ab1f17850, 0x0000017ab1f17d60, 0x0000017ab1f159f0,
0x0000017ab1f1c950, 0x0000017ab1f1ce60, 0x0000017ab1f18270, 0x0000017ab1f1ba20,
0x0000017ab1f1a5e0, 0x0000017ab1f19bc0, 0x0000017ab1f16410, 0x0000017ab1f1a0d0,
0x0000017ab1f196b0, 0x0000017ab1f1aaf0, 0x0000017ab1f16e30, 0x0000017ab1f16920,
0x0000017ab1f15f00, 0x0000017ab1f17340, 0x0000017ab1f18780, 0x0000017ab1f18c90,
0x0000017ab1f1d370, 0x0000017ab1f1b000, 0x0000017ab34609a0, 0x0000017ab3465080,
0x0000017ab3460490, 0x0000017ab345f050, 0x0000017ab3460eb0, 0x0000017ab345ff80,
0x0000017ab3463220, 0x0000017ab3464b70, 0x0000017ab3464150, 0x0000017ab3463730,
0x0000017ab3463c40, 0x0000017ab345fa70, 0x0000017ab34622f0, 0x0000017ab3464660,
0x0000017ab345dc10, 0x0000017ab345eb40, 0x0000017ab3465590, 0x0000017ab3462d10,
0x0000017ab345f560, 0x0000017ab345e120, 0x0000017ab345e630, 0x0000017ab34613c0,
0x0000017ab34618d0, 0x0000017ab3461de0, 0x0000017ab3462800, 0x0000017ab5762060,
0x0000017ab57643d0, 0x0000017ab5768090, 0x0000017ab5762f90, 0x0000017ab5766740,
0x0000017ab57685a0, 0x0000017ab57634a0, 0x0000017ab5763ec0, 0x0000017ab5766230,
0x0000017ab5767b80, 0x0000017ab5765300, 0x0000017ab5768ab0, 0x0000017ab5762570,
0x0000017ab5768fc0, 0x0000017ab57648e0, 0x0000017ab57694d0, 0x0000017ab57699e0,
0x0000017ab5767670
}

Java Threads: ( => current thread )
  0x0000017a90f49a80 JavaThread "main" [_thread_blocked, id=4708, stack(0x00000063a8a00000,0x00000063a8b00000)]
  0x0000017aacd476b0 JavaThread "Reference Handler" daemon [_thread_blocked, id=7948, stack(0x00000063a9100000,0x00000063a9200000)]
  0x0000017aacd48530 JavaThread "Finalizer" daemon [_thread_blocked, id=8152, stack(0x00000063a9200000,0x00000063a9300000)]
  0x0000017aacd703d0 JavaThread "Signal Dispatcher" daemon [_thread_blocked, id=17504, stack(0x00000063a9300000,0x00000063a9400000)]
  0x0000017aacd71250 JavaThread "Attach Listener" daemon [_thread_blocked, id=17528, stack(0x00000063a9400000,0x00000063a9500000)]
  0x0000017aacd72e80 JavaThread "Service Thread" daemon [_thread_blocked, id=12248, stack(0x00000063a9500000,0x00000063a9600000)]
  0x0000017aacd73840 JavaThread "Monitor Deflation Thread" daemon [_thread_blocked, id=4128, stack(0x00000063a9600000,0x00000063a9700000)]
  0x0000017ab1033ed0 JavaThread "C2 CompilerThread0" daemon [_thread_blocked, id=1764, stack(0x00000063a9700000,0x00000063a9800000)]
  0x0000017ab1037c60 JavaThread "C1 CompilerThread0" daemon [_thread_blocked, id=15828, stack(0x00000063a9800000,0x00000063a9900000)]
  0x0000017ab1038a10 JavaThread "Sweeper thread" daemon [_thread_blocked, id=11976, stack(0x00000063a9900000,0x00000063a9a00000)]
  0x0000017ab11a7800 JavaThread "Common-Cleaner" daemon [_thread_blocked, id=18456, stack(0x00000063a9a00000,0x00000063a9b00000)]
  0x0000017ab11a9e90 JavaThread "Notification Thread" daemon [_thread_blocked, id=16212, stack(0x00000063a9b00000,0x00000063a9c00000)]
  0x0000017ab38b50b0 JavaThread "Daemon health stats" [_thread_blocked, id=8544, stack(0x00000063aa300000,0x00000063aa400000)]
  0x0000017ab17075e0 JavaThread "Incoming local TCP Connector on port 52091" [_thread_in_native, id=5572, stack(0x00000063a9e00000,0x00000063a9f00000)]
  0x0000017ab28328c0 JavaThread "Daemon periodic checks" [_thread_blocked, id=17276, stack(0x00000063aa400000,0x00000063aa500000)]
  0x0000017ab247eaf0 JavaThread "Daemon" [_thread_blocked, id=7248, stack(0x00000063aa500000,0x00000063aa600000)]
  0x0000017ab247efd0 JavaThread "Handler for socket connection from /127.0.0.1:52091 to /127.0.0.1:52092" [_thread_in_native, id=16896, stack(0x00000063aa600000,0x00000063aa700000)]
  0x0000017ab34ee830 JavaThread "Cancel handler" [_thread_blocked, id=12184, stack(0x00000063aa700000,0x00000063aa800000)]
  0x0000017ab24343b0 JavaThread "Daemon worker" [_thread_blocked, id=10124, stack(0x00000063aa800000,0x00000063aa900000)]
  0x0000017ab2a52ba0 JavaThread "Asynchronous log dispatcher for DefaultDaemonConnection: socket connection from /127.0.0.1:52091 to /127.0.0.1:52092" [_thread_blocked, id=7076, stack(0x00000063aa900000,0x00000063aaa00000)]
  0x0000017ab230e650 JavaThread "Stdin handler" [_thread_blocked, id=15632, stack(0x00000063aaa00000,0x00000063aab00000)]
  0x0000017ab230dc30 JavaThread "Daemon client event forwarder" [_thread_blocked, id=10204, stack(0x00000063aab00000,0x00000063aac00000)]
  0x0000017ab230d210 JavaThread "Cache worker for journal cache (C:\Users\23480\.gradle\caches\journal-1)" [_thread_blocked, id=5052, stack(0x00000063ab000000,0x00000063ab100000)]
  0x0000017ab230e140 JavaThread "File lock request listener" [_thread_in_native, id=16516, stack(0x00000063ab100000,0x00000063ab200000)]
  0x0000017ab230d720 JavaThread "Cache worker for file hash cache (C:\Users\23480\.gradle\caches\8.0\fileHashes)" [_thread_blocked, id=14004, stack(0x00000063ab200000,0x00000063ab300000)]
  0x0000017ab230eb60 JavaThread "File watcher server" daemon [_thread_in_native, id=15336, stack(0x00000063ab300000,0x00000063ab400000)]
  0x0000017ab230b3b0 JavaThread "File watcher consumer" daemon [_thread_blocked, id=1984, stack(0x00000063ab400000,0x00000063ab500000)]
  0x0000017ab230b8c0 JavaThread "Cache worker for checksums cache (C:\Users\23480\Documents\androidproject\DailyQuotes\.gradle\8.0\checksums)" [_thread_blocked, id=11444, stack(0x00000063ab500000,0x00000063ab600000)]
  0x0000017ab230bdd0 JavaThread "Cache worker for cache directory md-rule (C:\Users\23480\.gradle\caches\8.0\md-rule)" [_thread_blocked, id=16032, stack(0x00000063ab600000,0x00000063ab700000)]
  0x0000017ab230c2e0 JavaThread "Cache worker for file content cache (C:\Users\23480\.gradle\caches\8.0\fileContent)" [_thread_blocked, id=14316, stack(0x00000063ab700000,0x00000063ab800000)]
  0x0000017ab230c7f0 JavaThread "Cache worker for file hash cache (C:\Users\23480\Documents\androidproject\DailyQuotes\.gradle\8.0\fileHashes)" [_thread_blocked, id=7956, stack(0x00000063ab800000,0x00000063ab900000)]
  0x0000017ab4a35590 JavaThread "Cache worker for cache directory md-supplier (C:\Users\23480\.gradle\caches\8.0\md-supplier)" [_thread_blocked, id=18724, stack(0x00000063ab900000,0x00000063aba00000)]
  0x0000017ab4a35aa0 JavaThread "Cache worker for execution history cache (C:\Users\23480\.gradle\caches\8.0\executionHistory)" [_thread_blocked, id=8684, stack(0x00000063a9d00000,0x00000063a9e00000)]
  0x0000017ab5486060 JavaThread "C2 CompilerThread1" daemon [_thread_in_native, id=5852, stack(0x00000063aba00000,0x00000063abb00000)]
  0x0000017ab4a35fb0 JavaThread "Cache worker for kotlin-dsl (C:\Users\23480\.gradle\caches\8.0\kotlin-dsl)" [_thread_blocked, id=12004, stack(0x00000063abb00000,0x00000063abc00000)]
  0x0000017ab4a35080 JavaThread "jar transforms" [_thread_blocked, id=13992, stack(0x00000063abc00000,0x00000063abd00000)]
  0x0000017ab4a38320 JavaThread "jar transforms Thread 2" [_thread_blocked, id=11224, stack(0x00000063abd00000,0x00000063abe00000)]
  0x0000017ab4a3a690 JavaThread "Cache worker for dependencies-accessors (C:\Users\23480\Documents\androidproject\DailyQuotes\.gradle\8.0\dependencies-accessors)" [_thread_blocked, id=17648, stack(0x00000063abe00000,0x00000063abf00000)]
  0x0000017ab4a364c0 JavaThread "Cache worker for Build Output Cleanup Cache (C:\Users\23480\Documents\androidproject\DailyQuotes\.gradle\buildOutputCleanup)" [_thread_blocked, id=17656, stack(0x00000063abf00000,0x00000063ac000000)]
  0x0000017ab4a37e10 JavaThread "jar transforms Thread 3" [_thread_blocked, id=140, stack(0x00000063ac000000,0x00000063ac100000)]
  0x0000017ab4a34150 JavaThread "Unconstrained build operations" [_thread_blocked, id=13296, stack(0x00000063ac100000,0x00000063ac200000)]
  0x0000017ab4a373f0 JavaThread "Unconstrained build operations Thread 2" [_thread_blocked, id=19336, stack(0x00000063ac200000,0x00000063ac300000)]
  0x0000017ab4a3b0b0 JavaThread "Unconstrained build operations Thread 3" [_thread_blocked, id=11920, stack(0x00000063ac300000,0x00000063ac400000)]
  0x0000017ab4a39760 JavaThread "Unconstrained build operations Thread 4" [_thread_blocked, id=11020, stack(0x00000063ac400000,0x00000063ac500000)]
  0x0000017ab4a38830 JavaThread "Unconstrained build operations Thread 5" [_thread_blocked, id=17136, stack(0x00000063ac500000,0x00000063ac600000)]
  0x0000017ab4a36ee0 JavaThread "Unconstrained build operations Thread 6" [_thread_blocked, id=5140, stack(0x00000063ac600000,0x00000063ac700000)]
  0x0000017ab4a369d0 JavaThread "Unconstrained build operations Thread 7" [_thread_blocked, id=7384, stack(0x00000063ac700000,0x00000063ac800000)]
  0x0000017ab4a37900 JavaThread "Unconstrained build operations Thread 8" [_thread_blocked, id=18560, stack(0x00000063ac800000,0x00000063ac900000)]
  0x0000017ab4a38d40 JavaThread "Unconstrained build operations Thread 9" [_thread_blocked, id=15120, stack(0x00000063ac900000,0x00000063aca00000)]
  0x0000017ab4a34b70 JavaThread "Unconstrained build operations Thread 10" [_thread_blocked, id=4460, stack(0x00000063aca00000,0x00000063acb00000)]
  0x0000017ab4a3aba0 JavaThread "Unconstrained build operations Thread 11" [_thread_blocked, id=9640, stack(0x00000063acb00000,0x00000063acc00000)]
  0x0000017ab4a39250 JavaThread "Unconstrained build operations Thread 12" [_thread_blocked, id=16760, stack(0x00000063acc00000,0x00000063acd00000)]
  0x0000017ab4a39c70 JavaThread "Unconstrained build operations Thread 13" [_thread_blocked, id=9676, stack(0x00000063acd00000,0x00000063ace00000)]
  0x0000017ab4a3a180 JavaThread "Unconstrained build operations Thread 14" [_thread_blocked, id=10560, stack(0x00000063ace00000,0x00000063acf00000)]
  0x0000017ab4a33c40 JavaThread "Unconstrained build operations Thread 15" [_thread_blocked, id=11232, stack(0x00000063acf00000,0x00000063ad000000)]
  0x0000017ab4a3b5c0 JavaThread "Unconstrained build operations Thread 16" [_thread_blocked, id=2784, stack(0x00000063ad000000,0x00000063ad100000)]
  0x0000017ab4a34660 JavaThread "Unconstrained build operations Thread 17" [_thread_blocked, id=17360, stack(0x00000063ad100000,0x00000063ad200000)]
  0x0000017ab1f1c440 JavaThread "Unconstrained build operations Thread 18" [_thread_blocked, id=5068, stack(0x00000063ad200000,0x00000063ad300000)]
  0x0000017ab1f1bf30 JavaThread "Unconstrained build operations Thread 19" [_thread_blocked, id=6772, stack(0x00000063ad300000,0x00000063ad400000)]
  0x0000017ab1f1b510 JavaThread "Unconstrained build operations Thread 20" [_thread_blocked, id=11612, stack(0x00000063ad400000,0x00000063ad500000)]
  0x0000017ab1f191a0 JavaThread "Unconstrained build operations Thread 21" [_thread_blocked, id=7160, stack(0x00000063ad500000,0x00000063ad600000)]
  0x0000017ab1f17850 JavaThread "Unconstrained build operations Thread 22" [_thread_blocked, id=19312, stack(0x00000063ad600000,0x00000063ad700000)]
  0x0000017ab1f17d60 JavaThread "Unconstrained build operations Thread 23" [_thread_blocked, id=6616, stack(0x00000063ad700000,0x00000063ad800000)]
  0x0000017ab1f159f0 JavaThread "Unconstrained build operations Thread 24" [_thread_blocked, id=15712, stack(0x00000063ad800000,0x00000063ad900000)]
  0x0000017ab1f1c950 JavaThread "Unconstrained build operations Thread 25" [_thread_blocked, id=11016, stack(0x00000063ad900000,0x00000063ada00000)]
  0x0000017ab1f1ce60 JavaThread "Unconstrained build operations Thread 26" [_thread_blocked, id=2844, stack(0x00000063ada00000,0x00000063adb00000)]
  0x0000017ab1f18270 JavaThread "Unconstrained build operations Thread 27" [_thread_blocked, id=10668, stack(0x00000063adb00000,0x00000063adc00000)]
  0x0000017ab1f1ba20 JavaThread "Unconstrained build operations Thread 28" [_thread_blocked, id=18652, stack(0x00000063adc00000,0x00000063add00000)]
  0x0000017ab1f1a5e0 JavaThread "Unconstrained build operations Thread 29" [_thread_blocked, id=13124, stack(0x00000063add00000,0x00000063ade00000)]
  0x0000017ab1f19bc0 JavaThread "Unconstrained build operations Thread 30" [_thread_blocked, id=13560, stack(0x00000063ade00000,0x00000063adf00000)]
  0x0000017ab1f16410 JavaThread "Unconstrained build operations Thread 31" [_thread_blocked, id=19068, stack(0x00000063adf00000,0x00000063ae000000)]
  0x0000017ab1f1a0d0 JavaThread "Unconstrained build operations Thread 32" [_thread_blocked, id=11280, stack(0x00000063ae000000,0x00000063ae100000)]
  0x0000017ab1f196b0 JavaThread "Unconstrained build operations Thread 33" [_thread_blocked, id=12368, stack(0x00000063ae100000,0x00000063ae200000)]
  0x0000017ab1f1aaf0 JavaThread "Unconstrained build operations Thread 34" [_thread_blocked, id=19176, stack(0x00000063ae200000,0x00000063ae300000)]
  0x0000017ab1f16e30 JavaThread "Unconstrained build operations Thread 35" [_thread_blocked, id=8424, stack(0x00000063ae300000,0x00000063ae400000)]
  0x0000017ab1f16920 JavaThread "Unconstrained build operations Thread 36" [_thread_blocked, id=15540, stack(0x00000063ae400000,0x00000063ae500000)]
  0x0000017ab1f15f00 JavaThread "Unconstrained build operations Thread 37" [_thread_blocked, id=4444, stack(0x00000063ae500000,0x00000063ae600000)]
  0x0000017ab1f17340 JavaThread "Unconstrained build operations Thread 38" [_thread_blocked, id=11760, stack(0x00000063ae600000,0x00000063ae700000)]
  0x0000017ab1f18780 JavaThread "Unconstrained build operations Thread 39" [_thread_blocked, id=4580, stack(0x00000063ae700000,0x00000063ae800000)]
  0x0000017ab1f18c90 JavaThread "Unconstrained build operations Thread 40" [_thread_blocked, id=12500, stack(0x00000063ae800000,0x00000063ae900000)]
  0x0000017ab1f1d370 JavaThread "Unconstrained build operations Thread 41" [_thread_blocked, id=16816, stack(0x00000063ae900000,0x00000063aea00000)]
  0x0000017ab1f1b000 JavaThread "Unconstrained build operations Thread 42" [_thread_blocked, id=11696, stack(0x00000063aea00000,0x00000063aeb00000)]
  0x0000017ab34609a0 JavaThread "Unconstrained build operations Thread 43" [_thread_blocked, id=7876, stack(0x00000063aeb00000,0x00000063aec00000)]
  0x0000017ab3465080 JavaThread "Unconstrained build operations Thread 44" [_thread_blocked, id=3152, stack(0x00000063aec00000,0x00000063aed00000)]
  0x0000017ab3460490 JavaThread "Unconstrained build operations Thread 45" [_thread_blocked, id=12492, stack(0x00000063aed00000,0x00000063aee00000)]
  0x0000017ab345f050 JavaThread "Unconstrained build operations Thread 46" [_thread_blocked, id=16196, stack(0x00000063aee00000,0x00000063aef00000)]
  0x0000017ab3460eb0 JavaThread "Unconstrained build operations Thread 47" [_thread_blocked, id=2132, stack(0x00000063aef00000,0x00000063af000000)]
  0x0000017ab345ff80 JavaThread "Unconstrained build operations Thread 48" [_thread_blocked, id=17804, stack(0x00000063af000000,0x00000063af100000)]
  0x0000017ab3463220 JavaThread "Unconstrained build operations Thread 49" [_thread_blocked, id=6728, stack(0x00000063af100000,0x00000063af200000)]
  0x0000017ab3464b70 JavaThread "Unconstrained build operations Thread 50" [_thread_blocked, id=4360, stack(0x00000063af200000,0x00000063af300000)]
  0x0000017ab3464150 JavaThread "Unconstrained build operations Thread 51" [_thread_blocked, id=12576, stack(0x00000063af300000,0x00000063af400000)]
  0x0000017ab3463730 JavaThread "Unconstrained build operations Thread 52" [_thread_blocked, id=11700, stack(0x00000063af400000,0x00000063af500000)]
  0x0000017ab3463c40 JavaThread "Unconstrained build operations Thread 53" [_thread_blocked, id=10440, stack(0x00000063af500000,0x00000063af600000)]
  0x0000017ab345fa70 JavaThread "Unconstrained build operations Thread 54" [_thread_blocked, id=15748, stack(0x00000063af600000,0x00000063af700000)]
  0x0000017ab34622f0 JavaThread "Unconstrained build operations Thread 55" [_thread_blocked, id=2996, stack(0x00000063af700000,0x00000063af800000)]
  0x0000017ab3464660 JavaThread "Unconstrained build operations Thread 56" [_thread_blocked, id=4760, stack(0x00000063af800000,0x00000063af900000)]
  0x0000017ab345dc10 JavaThread "Unconstrained build operations Thread 57" [_thread_blocked, id=4932, stack(0x00000063af900000,0x00000063afa00000)]
  0x0000017ab345eb40 JavaThread "Unconstrained build operations Thread 58" [_thread_blocked, id=11440, stack(0x00000063afa00000,0x00000063afb00000)]
  0x0000017ab3465590 JavaThread "Unconstrained build operations Thread 59" [_thread_blocked, id=17700, stack(0x00000063afb00000,0x00000063afc00000)]
  0x0000017ab3462d10 JavaThread "Unconstrained build operations Thread 60" [_thread_blocked, id=17432, stack(0x00000063afc00000,0x00000063afd00000)]
  0x0000017ab345f560 JavaThread "Unconstrained build operations Thread 61" [_thread_blocked, id=18236, stack(0x00000063afd00000,0x00000063afe00000)]
  0x0000017ab345e120 JavaThread "Unconstrained build operations Thread 62" [_thread_blocked, id=14508, stack(0x00000063afe00000,0x00000063aff00000)]
  0x0000017ab345e630 JavaThread "Unconstrained build operations Thread 63" [_thread_blocked, id=2544, stack(0x00000063aff00000,0x00000063b0000000)]
  0x0000017ab34613c0 JavaThread "Unconstrained build operations Thread 64" [_thread_blocked, id=10308, stack(0x00000063b0000000,0x00000063b0100000)]
  0x0000017ab34618d0 JavaThread "Unconstrained build operations Thread 65" [_thread_blocked, id=788, stack(0x00000063b0100000,0x00000063b0200000)]
  0x0000017ab3461de0 JavaThread "Unconstrained build operations Thread 66" [_thread_blocked, id=10564, stack(0x00000063b0200000,0x00000063b0300000)]
  0x0000017ab3462800 JavaThread "Unconstrained build operations Thread 67" [_thread_blocked, id=15752, stack(0x00000063b0300000,0x00000063b0400000)]
  0x0000017ab5762060 JavaThread "Unconstrained build operations Thread 68" [_thread_blocked, id=10112, stack(0x00000063b0400000,0x00000063b0500000)]
  0x0000017ab57643d0 JavaThread "Unconstrained build operations Thread 69" [_thread_blocked, id=17476, stack(0x00000063b0500000,0x00000063b0600000)]
  0x0000017ab5768090 JavaThread "Unconstrained build operations Thread 70" [_thread_blocked, id=4060, stack(0x00000063b0600000,0x00000063b0700000)]
  0x0000017ab5762f90 JavaThread "Unconstrained build operations Thread 71" [_thread_blocked, id=4320, stack(0x00000063b0700000,0x00000063b0800000)]
  0x0000017ab5766740 JavaThread "Unconstrained build operations Thread 72" [_thread_blocked, id=15908, stack(0x00000063b0800000,0x00000063b0900000)]
  0x0000017ab57685a0 JavaThread "Unconstrained build operations Thread 73" [_thread_blocked, id=16768, stack(0x00000063b0900000,0x00000063b0a00000)]
  0x0000017ab57634a0 JavaThread "Unconstrained build operations Thread 74" [_thread_blocked, id=8156, stack(0x00000063b0a00000,0x00000063b0b00000)]
  0x0000017ab5763ec0 JavaThread "Unconstrained build operations Thread 75" [_thread_blocked, id=9872, stack(0x00000063b0b00000,0x00000063b0c00000)]
  0x0000017ab5766230 JavaThread "Unconstrained build operations Thread 76" [_thread_blocked, id=17404, stack(0x00000063b0c00000,0x00000063b0d00000)]
  0x0000017ab5767b80 JavaThread "Unconstrained build operations Thread 77" [_thread_blocked, id=12156, stack(0x00000063b0d00000,0x00000063b0e00000)]
  0x0000017ab5765300 JavaThread "Unconstrained build operations Thread 78" [_thread_blocked, id=9588, stack(0x00000063b0e00000,0x00000063b0f00000)]
  0x0000017ab5768ab0 JavaThread "Unconstrained build operations Thread 79" [_thread_blocked, id=15848, stack(0x00000063b0f00000,0x00000063b1000000)]
  0x0000017ab5762570 JavaThread "Unconstrained build operations Thread 80" [_thread_blocked, id=17060, stack(0x00000063b1000000,0x00000063b1100000)]
  0x0000017ab5768fc0 JavaThread "jar transforms Thread 4" [_thread_blocked, id=10432, stack(0x00000063b1400000,0x00000063b1500000)]
  0x0000017ab57648e0 JavaThread "jar transforms Thread 5" [_thread_blocked, id=4724, stack(0x00000063b1500000,0x00000063b1600000)]
  0x0000017ab57694d0 JavaThread "jar transforms Thread 6" [_thread_blocked, id=11656, stack(0x00000063b1600000,0x00000063b1700000)]
  0x0000017ab57699e0 JavaThread "jar transforms Thread 7" [_thread_blocked, id=7036, stack(0x00000063b1700000,0x00000063b1800000)]
  0x0000017ab5767670 JavaThread "jar transforms Thread 8" [_thread_blocked, id=15688, stack(0x00000063b1800000,0x00000063b1900000)]

Other Threads:
=>0x0000017aacd453f0 VMThread "VM Thread" [stack: 0x00000063a9000000,0x00000063a9100000] [id=12516]
  0x0000017ab11aa370 WatcherThread [stack: 0x00000063a9c00000,0x00000063a9d00000] [id=2204]
  0x0000017a90fa7b70 GCTaskThread "GC Thread#0" [stack: 0x00000063a8b00000,0x00000063a8c00000] [id=9344]
  0x0000017ab161d980 GCTaskThread "GC Thread#1" [stack: 0x00000063a9f00000,0x00000063aa000000] [id=11632]
  0x0000017ab1d27f60 GCTaskThread "GC Thread#2" [stack: 0x00000063aa000000,0x00000063aa100000] [id=10328]
  0x0000017ab2170a80 GCTaskThread "GC Thread#3" [stack: 0x00000063aa100000,0x00000063aa200000] [id=9892]
  0x0000017ab2352fc0 GCTaskThread "GC Thread#4" [stack: 0x00000063aa200000,0x00000063aa300000] [id=10952]
  0x0000017ab26a82a0 GCTaskThread "GC Thread#5" [stack: 0x00000063aac00000,0x00000063aad00000] [id=19300]
  0x0000017ab34eed10 GCTaskThread "GC Thread#6" [stack: 0x00000063aad00000,0x00000063aae00000] [id=13896]
  0x0000017ab3113070 GCTaskThread "GC Thread#7" [stack: 0x00000063aae00000,0x00000063aaf00000] [id=3288]
  0x0000017a90fb8ac0 ConcurrentGCThread "G1 Main Marker" [stack: 0x00000063a8c00000,0x00000063a8d00000] [id=2228]
  0x0000017a90fb94e0 ConcurrentGCThread "G1 Conc#0" [stack: 0x00000063a8d00000,0x00000063a8e00000] [id=14680]
  0x0000017ab2509e60 ConcurrentGCThread "G1 Conc#1" [stack: 0x00000063aaf00000,0x00000063ab000000] [id=19348]
  0x0000017a90ffe7d0 ConcurrentGCThread "G1 Refine#0" [stack: 0x00000063a8e00000,0x00000063a8f00000] [id=276]
  0x0000017ab49c5100 ConcurrentGCThread "G1 Refine#1" [stack: 0x00000063b1100000,0x00000063b1200000] [id=17220]
  0x0000017ab49c27e0 ConcurrentGCThread "G1 Refine#2" [stack: 0x00000063b1200000,0x00000063b1300000] [id=4268]
  0x0000017ab49c4830 ConcurrentGCThread "G1 Refine#3" [stack: 0x00000063b1300000,0x00000063b1400000] [id=2372]
  0x0000017aacbb2720 ConcurrentGCThread "G1 Service" [stack: 0x00000063a8f00000,0x00000063a9000000] [id=3768]

Threads with active compile tasks:
C2 CompilerThread0     6179 5842       4       java.util.regex.Pattern::compile (500 bytes)
C2 CompilerThread1     6179 5839       4       java.util.zip.ZipFile$Source::initCEN (591 bytes)

VM state: at safepoint (normal execution)

VM Mutex/Monitor currently owned by a thread:  ([mutex/lock_event])
[0x0000017a90f43790] Threads_lock - owner thread: 0x0000017aacd453f0
[0x0000017a90f44e10] Heap_lock - owner thread: 0x0000017ab24343b0

Heap address: 0x0000000080000000, size: 2048 MB, Compressed Oops mode: 32-bit

CDS archive(s) not mapped
Compressed class space mapped at: 0x0000000100000000-0x0000000140000000, reserved size: 1073741824
Narrow klass base: 0x0000000000000000, Narrow klass shift: 3, Narrow klass range: 0x140000000

GC Precious Log:
 CPUs: 8 total, 8 available
 Memory: 7502M
 Large Page Support: Disabled
 NUMA Support: Disabled
 Compressed Oops: Enabled (32-bit)
 Heap Region Size: 1M
 Heap Min Capacity: 8M
 Heap Initial Capacity: 118M
 Heap Max Capacity: 2G
 Pre-touch: Disabled
 Parallel Workers: 8
 Concurrent Workers: 2
 Concurrent Refinement Workers: 8
 Periodic GC: Disabled

Heap:
 garbage-first heap   total 86016K, used 55441K [0x0000000080000000, 0x0000000100000000)
  region size 1024K, 2 young (2048K), 2 survivors (2048K)
 Metaspace       used 52267K, committed 52736K, reserved 1114112K
  class space    used 7047K, committed 7296K, reserved 1048576K

Heap Regions: E=young(eden), S=young(survivor), O=old, HS=humongous(starts), HC=humongous(continues), CS=collection set, F=free, OA=open archive, CA=closed archive, TAMS=top-at-mark-start (previous, next)
|   0|0x0000000080000000, 0x0000000080100000, 0x0000000080100000|100%|HS|  |TAMS 0x0000000080100000, 0x0000000080000000| Complete 
|   1|0x0000000080100000, 0x0000000080200000, 0x0000000080200000|100%|HC|  |TAMS 0x0000000080200000, 0x0000000080100000| Complete 
|   2|0x0000000080200000, 0x0000000080300000, 0x0000000080300000|100%|HC|  |TAMS 0x0000000080300000, 0x0000000080200000| Complete 
|   3|0x0000000080300000, 0x0000000080400000, 0x0000000080400000|100%|HC|  |TAMS 0x0000000080400000, 0x0000000080300000| Complete 
|   4|0x0000000080400000, 0x0000000080500000, 0x0000000080500000|100%| O|  |TAMS 0x0000000080500000, 0x0000000080400000| Untracked 
|   5|0x0000000080500000, 0x0000000080600000, 0x0000000080600000|100%| O|  |TAMS 0x0000000080600000, 0x0000000080500000| Untracked 
|   6|0x0000000080600000, 0x0000000080700000, 0x0000000080700000|100%| O|  |TAMS 0x0000000080700000, 0x0000000080600000| Untracked 
|   7|0x0000000080700000, 0x0000000080800000, 0x0000000080800000|100%| O|  |TAMS 0x0000000080800000, 0x0000000080700000| Untracked 
|   8|0x0000000080800000, 0x0000000080900000, 0x0000000080900000|100%| O|  |TAMS 0x0000000080900000, 0x0000000080800000| Untracked 
|   9|0x0000000080900000, 0x0000000080a00000, 0x0000000080a00000|100%| O|  |TAMS 0x0000000080a00000, 0x0000000080900000| Untracked 
|  10|0x0000000080a00000, 0x0000000080b00000, 0x0000000080b00000|100%| O|  |TAMS 0x0000000080b00000, 0x0000000080a00000| Untracked 
|  11|0x0000000080b00000, 0x0000000080c00000, 0x0000000080c00000|100%| O|  |TAMS 0x0000000080c00000, 0x0000000080b00000| Untracked 
|  12|0x0000000080c00000, 0x0000000080d00000, 0x0000000080d00000|100%| O|  |TAMS 0x0000000080d00000, 0x0000000080c00000| Untracked 
|  13|0x0000000080d00000, 0x0000000080e00000, 0x0000000080e00000|100%| O|  |TAMS 0x0000000080e00000, 0x0000000080d00000| Untracked 
|  14|0x0000000080e00000, 0x0000000080f00000, 0x0000000080f00000|100%| O|  |TAMS 0x0000000080f00000, 0x0000000080e00000| Untracked 
|  15|0x0000000080f00000, 0x0000000081000000, 0x0000000081000000|100%| O|  |TAMS 0x0000000081000000, 0x0000000080f00000| Untracked 
|  16|0x0000000081000000, 0x0000000081100000, 0x0000000081100000|100%| O|  |TAMS 0x0000000081100000, 0x0000000081000000| Untracked 
|  17|0x0000000081100000, 0x0000000081200000, 0x0000000081200000|100%| O|  |TAMS 0x0000000081200000, 0x0000000081100000| Untracked 
|  18|0x0000000081200000, 0x0000000081300000, 0x0000000081300000|100%| O|  |TAMS 0x0000000081300000, 0x0000000081200000| Untracked 
|  19|0x0000000081300000, 0x0000000081400000, 0x0000000081400000|100%| O|  |TAMS 0x0000000081400000, 0x0000000081300000| Untracked 
|  20|0x0000000081400000, 0x0000000081500000, 0x0000000081500000|100%| O|  |TAMS 0x0000000081500000, 0x0000000081400000| Untracked 
|  21|0x0000000081500000, 0x0000000081600000, 0x0000000081600000|100%| O|  |TAMS 0x0000000081600000, 0x0000000081500000| Untracked 
|  22|0x0000000081600000, 0x0000000081700000, 0x0000000081700000|100%| O|  |TAMS 0x0000000081700000, 0x0000000081600000| Untracked 
|  23|0x0000000081700000, 0x0000000081800000, 0x0000000081800000|100%| O|  |TAMS 0x0000000081800000, 0x0000000081700000| Untracked 
|  24|0x0000000081800000, 0x0000000081900000, 0x0000000081900000|100%| O|  |TAMS 0x0000000081900000, 0x0000000081800000| Untracked 
|  25|0x0000000081900000, 0x0000000081a00000, 0x0000000081a00000|100%| O|  |TAMS 0x0000000081a00000, 0x0000000081900000| Untracked 
|  26|0x0000000081a00000, 0x0000000081b00000, 0x0000000081b00000|100%| O|  |TAMS 0x0000000081b00000, 0x0000000081a00000| Untracked 
|  27|0x0000000081b00000, 0x0000000081c00000, 0x0000000081c00000|100%| O|  |TAMS 0x0000000081c00000, 0x0000000081b00000| Untracked 
|  28|0x0000000081c00000, 0x0000000081d00000, 0x0000000081d00000|100%| O|  |TAMS 0x0000000081d00000, 0x0000000081c00000| Untracked 
|  29|0x0000000081d00000, 0x0000000081e00000, 0x0000000081e00000|100%| O|  |TAMS 0x0000000081e00000, 0x0000000081d00000| Untracked 
|  30|0x0000000081e00000, 0x0000000081f00000, 0x0000000081f00000|100%| O|  |TAMS 0x0000000081f00000, 0x0000000081e00000| Untracked 
|  31|0x0000000081f00000, 0x0000000082000000, 0x0000000082000000|100%| O|  |TAMS 0x0000000082000000, 0x0000000081f00000| Complete 
|  32|0x0000000082000000, 0x0000000082100000, 0x0000000082100000|100%| O|  |TAMS 0x0000000082100000, 0x0000000082000000| Untracked 
|  33|0x0000000082100000, 0x0000000082200000, 0x0000000082200000|100%| O|  |TAMS 0x0000000082200000, 0x0000000082100000| Untracked 
|  34|0x0000000082200000, 0x0000000082300000, 0x0000000082300000|100%| O|  |TAMS 0x0000000082300000, 0x0000000082200000| Untracked 
|  35|0x0000000082300000, 0x0000000082400000, 0x0000000082400000|100%| O|  |TAMS 0x0000000082400000, 0x0000000082300000| Untracked 
|  36|0x0000000082400000, 0x0000000082500000, 0x0000000082500000|100%| O|  |TAMS 0x000000008245fe00, 0x0000000082400000| Untracked 
|  37|0x0000000082500000, 0x0000000082600000, 0x0000000082600000|100%|HS|  |TAMS 0x0000000082600000, 0x0000000082500000| Complete 
|  38|0x0000000082600000, 0x0000000082700000, 0x0000000082700000|100%|HS|  |TAMS 0x0000000082700000, 0x0000000082600000| Complete 
|  39|0x0000000082700000, 0x0000000082800000, 0x0000000082800000|100%|HS|  |TAMS 0x0000000082800000, 0x0000000082700000| Complete 
|  40|0x0000000082800000, 0x0000000082900000, 0x0000000082900000|100%|HC|  |TAMS 0x0000000082900000, 0x0000000082800000| Complete 
|  41|0x0000000082900000, 0x0000000082a00000, 0x0000000082a00000|100%| O|  |TAMS 0x0000000082900000, 0x0000000082900000| Untracked 
|  42|0x0000000082a00000, 0x0000000082b00000, 0x0000000082b00000|100%| O|  |TAMS 0x0000000082a00000, 0x0000000082a00000| Untracked 
|  43|0x0000000082b00000, 0x0000000082c00000, 0x0000000082c00000|100%| O|  |TAMS 0x0000000082b00000, 0x0000000082b00000| Untracked 
|  44|0x0000000082c00000, 0x0000000082d00000, 0x0000000082d00000|100%|HS|  |TAMS 0x0000000082c00000, 0x0000000082c00000| Complete 
|  45|0x0000000082d00000, 0x0000000082e00000, 0x0000000082e00000|100%|HS|  |TAMS 0x0000000082d00000, 0x0000000082d00000| Complete 
|  46|0x0000000082e00000, 0x0000000082f00000, 0x0000000082f00000|100%|HC|  |TAMS 0x0000000082e00000, 0x0000000082e00000| Complete 
|  47|0x0000000082f00000, 0x0000000083000000, 0x0000000083000000|100%|HC|  |TAMS 0x0000000082f00000, 0x0000000082f00000| Complete 
|  48|0x0000000083000000, 0x0000000083100000, 0x0000000083100000|100%|HC|  |TAMS 0x0000000083000000, 0x0000000083000000| Complete 
|  49|0x0000000083100000, 0x0000000083100000, 0x0000000083200000|  0%| F|  |TAMS 0x0000000083100000, 0x0000000083100000| Untracked 
|  50|0x0000000083200000, 0x0000000083300000, 0x0000000083300000|100%| O|  |TAMS 0x0000000083200000, 0x0000000083200000| Untracked 
|  51|0x0000000083300000, 0x0000000083400000, 0x0000000083400000|100%| O|  |TAMS 0x0000000083300000, 0x0000000083300000| Untracked 
|  52|0x0000000083400000, 0x0000000083500000, 0x0000000083500000|100%| O|  |TAMS 0x0000000083400000, 0x0000000083400000| Untracked 
|  53|0x0000000083500000, 0x0000000083524400, 0x0000000083600000| 14%| O|  |TAMS 0x0000000083500000, 0x0000000083500000| Untracked 
|  54|0x0000000083600000, 0x0000000083600000, 0x0000000083700000|  0%| F|  |TAMS 0x0000000083600000, 0x0000000083600000| Untracked 
|  55|0x0000000083700000, 0x0000000083700000, 0x0000000083800000|  0%| F|  |TAMS 0x0000000083700000, 0x0000000083700000| Untracked 
|  56|0x0000000083800000, 0x0000000083800000, 0x0000000083900000|  0%| F|  |TAMS 0x0000000083800000, 0x0000000083800000| Untracked 
|  57|0x0000000083900000, 0x0000000083900000, 0x0000000083a00000|  0%| F|  |TAMS 0x0000000083900000, 0x0000000083900000| Untracked 
|  58|0x0000000083a00000, 0x0000000083a00000, 0x0000000083b00000|  0%| F|  |TAMS 0x0000000083a00000, 0x0000000083a00000| Untracked 
|  59|0x0000000083b00000, 0x0000000083b00000, 0x0000000083c00000|  0%| F|  |TAMS 0x0000000083b00000, 0x0000000083b00000| Untracked 
|  60|0x0000000083c00000, 0x0000000083c00000, 0x0000000083d00000|  0%| F|  |TAMS 0x0000000083c00000, 0x0000000083c00000| Untracked 
|  61|0x0000000083d00000, 0x0000000083d00000, 0x0000000083e00000|  0%| F|  |TAMS 0x0000000083d00000, 0x0000000083d00000| Untracked 
|  62|0x0000000083e00000, 0x0000000083e00000, 0x0000000083f00000|  0%| F|  |TAMS 0x0000000083e00000, 0x0000000083e00000| Untracked 
|  63|0x0000000083f00000, 0x0000000083f00000, 0x0000000084000000|  0%| F|  |TAMS 0x0000000083f00000, 0x0000000083f00000| Untracked 
|  64|0x0000000084000000, 0x0000000084000000, 0x0000000084100000|  0%| F|  |TAMS 0x0000000084000000, 0x0000000084000000| Untracked 
|  65|0x0000000084100000, 0x0000000084100000, 0x0000000084200000|  0%| F|  |TAMS 0x0000000084100000, 0x0000000084100000| Untracked 
|  66|0x0000000084200000, 0x0000000084200000, 0x0000000084300000|  0%| F|  |TAMS 0x0000000084200000, 0x0000000084200000| Untracked 
|  67|0x0000000084300000, 0x0000000084300000, 0x0000000084400000|  0%| F|  |TAMS 0x0000000084300000, 0x0000000084300000| Untracked 
|  68|0x0000000084400000, 0x0000000084400000, 0x0000000084500000|  0%| F|  |TAMS 0x0000000084400000, 0x0000000084400000| Untracked 
|  69|0x0000000084500000, 0x0000000084500000, 0x0000000084600000|  0%| F|  |TAMS 0x0000000084500000, 0x0000000084500000| Untracked 
|  70|0x0000000084600000, 0x0000000084700000, 0x0000000084700000|100%| S|CS|TAMS 0x0000000084600000, 0x0000000084600000| Complete 
|  71|0x0000000084700000, 0x0000000084800000, 0x0000000084800000|100%| S|CS|TAMS 0x0000000084700000, 0x0000000084700000| Complete 
|  72|0x0000000084800000, 0x0000000084800000, 0x0000000084900000|  0%| F|  |TAMS 0x0000000084800000, 0x0000000084800000| Untracked 
|  73|0x0000000084900000, 0x0000000084900000, 0x0000000084a00000|  0%| F|  |TAMS 0x0000000084900000, 0x0000000084900000| Untracked 
|  74|0x0000000084a00000, 0x0000000084a00000, 0x0000000084b00000|  0%| F|  |TAMS 0x0000000084a00000, 0x0000000084a00000| Untracked 
|  75|0x0000000084b00000, 0x0000000084b00000, 0x0000000084c00000|  0%| F|  |TAMS 0x0000000084b00000, 0x0000000084b00000| Untracked 
|  76|0x0000000084c00000, 0x0000000084c00000, 0x0000000084d00000|  0%| F|  |TAMS 0x0000000084c00000, 0x0000000084c00000| Untracked 
|  77|0x0000000084d00000, 0x0000000084d00000, 0x0000000084e00000|  0%| F|  |TAMS 0x0000000084d00000, 0x0000000084d00000| Untracked 
|  78|0x0000000084e00000, 0x0000000084e00000, 0x0000000084f00000|  0%| F|  |TAMS 0x0000000084e00000, 0x0000000084e00000| Untracked 
|  79|0x0000000084f00000, 0x0000000084f00000, 0x0000000085000000|  0%| F|  |TAMS 0x0000000084f00000, 0x0000000084f00000| Untracked 
|  80|0x0000000085000000, 0x0000000085000000, 0x0000000085100000|  0%| F|  |TAMS 0x0000000085000000, 0x0000000085000000| Untracked 
|  81|0x0000000085100000, 0x0000000085100000, 0x0000000085200000|  0%| F|  |TAMS 0x0000000085100000, 0x0000000085100000| Untracked 
|  82|0x0000000085200000, 0x0000000085200000, 0x0000000085300000|  0%| F|  |TAMS 0x0000000085200000, 0x0000000085200000| Untracked 
| 117|0x0000000087500000, 0x0000000087500000, 0x0000000087600000|  0%| F|  |TAMS 0x0000000087500000, 0x0000000087500000| Untracked 

Card table byte_map: [0x0000017aa5a60000,0x0000017aa5e60000] _byte_map_base: 0x0000017aa5660000

Marking Bits (Prev, Next): (CMBitMap*) 0x0000017a90fa8190, (CMBitMap*) 0x0000017a90fa81d0
 Prev Bits: [0x0000017aa6260000, 0x0000017aa8260000)
 Next Bits: [0x0000017aa8260000, 0x0000017aaa260000)

Polling page: 0x0000017a95bd0000

Metaspace:

Usage:
  Non-class:     44.16 MB used.
      Class:      6.88 MB used.
       Both:     51.04 MB used.

Virtual space:
  Non-class space:       64.00 MB reserved,      44.38 MB ( 69%) committed,  1 nodes.
      Class space:        1.00 GB reserved,       7.12 MB ( <1%) committed,  1 nodes.
             Both:        1.06 GB reserved,      51.50 MB (  5%) committed. 

Chunk freelists:
   Non-Class:  2.89 MB
       Class:  8.84 MB
        Both:  11.73 MB

MaxMetaspaceSize: unlimited
CompressedClassSpaceSize: 1.00 GB
Initial GC threshold: 21.00 MB
Current GC threshold: 84.94 MB
CDS: off
MetaspaceReclaimPolicy: balanced
 - commit_granule_bytes: 65536.
 - commit_granule_words: 8192.
 - virtual_space_node_default_size: 8388608.
 - enlarge_chunks_in_place: 1.
 - new_chunks_are_fully_committed: 0.
 - uncommit_free_chunks: 1.
 - use_allocation_guard: 0.
 - handle_deallocations: 1.


Internal statistics:

num_allocs_failed_limit: 6.
num_arena_births: 572.
num_arena_deaths: 0.
num_vsnodes_births: 2.
num_vsnodes_deaths: 0.
num_space_committed: 824.
num_space_uncommitted: 0.
num_chunks_returned_to_freelist: 6.
num_chunks_taken_from_freelist: 2266.
num_chunk_merges: 3.
num_chunk_splits: 1489.
num_chunks_enlarged: 1013.
num_inconsistent_stats: 0.

CodeHeap 'non-profiled nmethods': size=120000Kb used=3156Kb max_used=3156Kb free=116843Kb
 bounds [0x0000017a9d6c0000, 0x0000017a9d9e0000, 0x0000017aa4bf0000]
CodeHeap 'profiled nmethods': size=120000Kb used=11025Kb max_used=11025Kb free=108974Kb
 bounds [0x0000017a95bf0000, 0x0000017a966c0000, 0x0000017a9d120000]
CodeHeap 'non-nmethods': size=5760Kb used=1620Kb max_used=1667Kb free=4139Kb
 bounds [0x0000017a9d120000, 0x0000017a9d390000, 0x0000017a9d6c0000]
 total_blobs=6515 nmethods=5823 adapters=604
 compilation: enabled
              stopped_count=0, restarted_count=0
 full_count=0

Compilation events (20 events):
Event: 6.108 Thread 0x0000017ab1037c60 5845       3       com.google.common.collect.MapMakerInternalMap$Segment::getEntry (80 bytes)
Event: 6.108 Thread 0x0000017ab1037c60 nmethod 5845 0x0000017a966afa90 code [0x0000017a966afd40, 0x0000017a966b0d88]
Event: 6.108 Thread 0x0000017ab1037c60 5846       3       com.google.common.collect.MapMakerInternalMap::segmentFor (17 bytes)
Event: 6.108 Thread 0x0000017ab1037c60 nmethod 5846 0x0000017a966b1210 code [0x0000017a966b13a0, 0x0000017a966b14d8]
Event: 6.108 Thread 0x0000017ab1037c60 5847       3       java.util.jar.Attributes::<init> (17 bytes)
Event: 6.109 Thread 0x0000017ab1037c60 nmethod 5847 0x0000017a966b1590 code [0x0000017a966b1780, 0x0000017a966b1ac8]
Event: 6.114 Thread 0x0000017ab1037c60 5849       3       jdk.internal.loader.URLClassPath$JarLoader$2::getInputStream (15 bytes)
Event: 6.114 Thread 0x0000017ab1037c60 nmethod 5849 0x0000017a966b1c10 code [0x0000017a966b1dc0, 0x0000017a966b1fa8]
Event: 6.122 Thread 0x0000017ab1037c60 5850       1       com.google.common.collect.MapMakerInternalMap$StrongKeyWeakValueSegment::access$100 (5 bytes)
Event: 6.122 Thread 0x0000017ab1037c60 nmethod 5850 0x0000017a9d9d5090 code [0x0000017a9d9d5220, 0x0000017a9d9d52d8]
Event: 6.126 Thread 0x0000017ab1037c60 5851       3       com.google.common.collect.MapMakerInternalMap$StrongKeyWeakValueSegment::self (5 bytes)
Event: 6.126 Thread 0x0000017ab1037c60 nmethod 5851 0x0000017a966b2090 code [0x0000017a966b2220, 0x0000017a966b2398]
Event: 6.126 Thread 0x0000017ab1037c60 5852       3       com.google.common.collect.MapMakerInternalMap$StrongKeyWeakValueSegment::self (2 bytes)
Event: 6.126 Thread 0x0000017ab1037c60 nmethod 5852 0x0000017a966b2490 code [0x0000017a966b2620, 0x0000017a966b2738]
Event: 6.145 Thread 0x0000017ab1037c60 5853   !   3       java.net.URLClassLoader::findClass (47 bytes)
Event: 6.146 Thread 0x0000017ab1037c60 nmethod 5853 0x0000017a966b2810 code [0x0000017a966b2a20, 0x0000017a966b3318]
Event: 6.147 Thread 0x0000017ab1037c60 5855       3       org.gradle.internal.util.Trie::find (135 bytes)
Event: 6.147 Thread 0x0000017ab1037c60 nmethod 5855 0x0000017a966b3590 code [0x0000017a966b37a0, 0x0000017a966b3f58]
Event: 6.147 Thread 0x0000017ab1037c60 5854       3       org.gradle.internal.classloader.FilteringClassLoader$TrieSet::find (9 bytes)
Event: 6.148 Thread 0x0000017ab1037c60 nmethod 5854 0x0000017a966b4210 code [0x0000017a966b43c0, 0x0000017a966b4528]

GC Heap History (20 events):
Event: 3.525 GC heap after
{Heap after GC invocations=7 (full 0):
 garbage-first heap   total 65536K, used 22975K [0x0000000080000000, 0x0000000100000000)
  region size 1024K, 3 young (3072K), 3 survivors (3072K)
 Metaspace       used 33750K, committed 34112K, reserved 1114112K
  class space    used 4608K, committed 4800K, reserved 1048576K
}
Event: 3.663 GC heap before
{Heap before GC invocations=7 (full 0):
 garbage-first heap   total 65536K, used 31167K [0x0000000080000000, 0x0000000100000000)
  region size 1024K, 12 young (12288K), 3 survivors (3072K)
 Metaspace       used 35678K, committed 35968K, reserved 1114112K
  class space    used 4802K, committed 4928K, reserved 1048576K
}
Event: 3.666 GC heap after
{Heap after GC invocations=8 (full 0):
 garbage-first heap   total 65536K, used 24115K [0x0000000080000000, 0x0000000100000000)
  region size 1024K, 3 young (3072K), 3 survivors (3072K)
 Metaspace       used 35678K, committed 35968K, reserved 1114112K
  class space    used 4802K, committed 4928K, reserved 1048576K
}
Event: 3.931 GC heap before
{Heap before GC invocations=9 (full 0):
 garbage-first heap   total 65536K, used 48691K [0x0000000080000000, 0x0000000100000000)
  region size 1024K, 27 young (27648K), 3 survivors (3072K)
 Metaspace       used 39366K, committed 39744K, reserved 1114112K
  class space    used 5189K, committed 5376K, reserved 1048576K
}
Event: 3.936 GC heap after
{Heap after GC invocations=10 (full 0):
 garbage-first heap   total 78848K, used 27534K [0x0000000080000000, 0x0000000100000000)
  region size 1024K, 4 young (4096K), 4 survivors (4096K)
 Metaspace       used 39366K, committed 39744K, reserved 1114112K
  class space    used 5189K, committed 5376K, reserved 1048576K
}
Event: 3.942 GC heap before
{Heap before GC invocations=10 (full 0):
 garbage-first heap   total 78848K, used 28558K [0x0000000080000000, 0x0000000100000000)
  region size 1024K, 5 young (5120K), 4 survivors (4096K)
 Metaspace       used 39377K, committed 39744K, reserved 1114112K
  class space    used 5189K, committed 5376K, reserved 1048576K
}
Event: 3.945 GC heap after
{Heap after GC invocations=11 (full 0):
 garbage-first heap   total 78848K, used 28164K [0x0000000080000000, 0x0000000100000000)
  region size 1024K, 1 young (1024K), 1 survivors (1024K)
 Metaspace       used 39377K, committed 39744K, reserved 1114112K
  class space    used 5189K, committed 5376K, reserved 1048576K
}
Event: 4.334 GC heap before
{Heap before GC invocations=11 (full 0):
 garbage-first heap   total 78848K, used 57860K [0x0000000080000000, 0x0000000100000000)
  region size 1024K, 30 young (30720K), 1 survivors (1024K)
 Metaspace       used 42594K, committed 43008K, reserved 1114112K
  class space    used 5606K, committed 5760K, reserved 1048576K
}
Event: 4.337 GC heap after
{Heap after GC invocations=12 (full 0):
 garbage-first heap   total 78848K, used 29980K [0x0000000080000000, 0x0000000100000000)
  region size 1024K, 3 young (3072K), 3 survivors (3072K)
 Metaspace       used 42594K, committed 43008K, reserved 1114112K
  class space    used 5606K, committed 5760K, reserved 1048576K
}
Event: 4.797 GC heap before
{Heap before GC invocations=12 (full 0):
 garbage-first heap   total 78848K, used 59676K [0x0000000080000000, 0x0000000100000000)
  region size 1024K, 32 young (32768K), 3 survivors (3072K)
 Metaspace       used 46618K, committed 47040K, reserved 1114112K
  class space    used 6275K, committed 6464K, reserved 1048576K
}
Event: 4.800 GC heap after
{Heap after GC invocations=13 (full 0):
 garbage-first heap   total 78848K, used 31967K [0x0000000080000000, 0x0000000100000000)
  region size 1024K, 2 young (2048K), 2 survivors (2048K)
 Metaspace       used 46618K, committed 47040K, reserved 1114112K
  class space    used 6275K, committed 6464K, reserved 1048576K
}
Event: 5.304 GC heap before
{Heap before GC invocations=13 (full 0):
 garbage-first heap   total 78848K, used 60639K [0x0000000080000000, 0x0000000100000000)
  region size 1024K, 30 young (30720K), 2 survivors (2048K)
 Metaspace       used 50337K, committed 50880K, reserved 1114112K
  class space    used 6833K, committed 7104K, reserved 1048576K
}
Event: 5.308 GC heap after
{Heap after GC invocations=14 (full 0):
 garbage-first heap   total 78848K, used 33583K [0x0000000080000000, 0x0000000100000000)
  region size 1024K, 4 young (4096K), 4 survivors (4096K)
 Metaspace       used 50337K, committed 50880K, reserved 1114112K
  class space    used 6833K, committed 7104K, reserved 1048576K
}
Event: 5.784 GC heap before
{Heap before GC invocations=14 (full 0):
 garbage-first heap   total 78848K, used 61231K [0x0000000080000000, 0x0000000100000000)
  region size 1024K, 31 young (31744K), 4 survivors (4096K)
 Metaspace       used 51152K, committed 51648K, reserved 1114112K
  class space    used 6904K, committed 7168K, reserved 1048576K
}
Event: 5.790 GC heap after
{Heap after GC invocations=15 (full 0):
 garbage-first heap   total 78848K, used 37988K [0x0000000080000000, 0x0000000100000000)
  region size 1024K, 4 young (4096K), 4 survivors (4096K)
 Metaspace       used 51152K, committed 51648K, reserved 1114112K
  class space    used 6904K, committed 7168K, reserved 1048576K
}
Event: 5.988 GC heap before
{Heap before GC invocations=15 (full 0):
 garbage-first heap   total 78848K, used 51300K [0x0000000080000000, 0x0000000100000000)
  region size 1024K, 19 young (19456K), 4 survivors (4096K)
 Metaspace       used 51567K, committed 52032K, reserved 1114112K
  class space    used 6951K, committed 7168K, reserved 1048576K
}
Event: 5.992 GC heap after
{Heap after GC invocations=16 (full 0):
 garbage-first heap   total 78848K, used 40147K [0x0000000080000000, 0x0000000100000000)
  region size 1024K, 3 young (3072K), 3 survivors (3072K)
 Metaspace       used 51567K, committed 52032K, reserved 1114112K
  class space    used 6951K, committed 7168K, reserved 1048576K
}
Event: 6.036 GC heap before
{Heap before GC invocations=17 (full 0):
 garbage-first heap   total 78848K, used 46291K [0x0000000080000000, 0x0000000100000000)
  region size 1024K, 6 young (6144K), 3 survivors (3072K)
 Metaspace       used 51738K, committed 52288K, reserved 1114112K
  class space    used 6968K, committed 7232K, reserved 1048576K
}
Event: 6.038 GC heap after
{Heap after GC invocations=18 (full 0):
 garbage-first heap   total 78848K, used 45999K [0x0000000080000000, 0x0000000100000000)
  region size 1024K, 2 young (2048K), 2 survivors (2048K)
 Metaspace       used 51738K, committed 52288K, reserved 1114112K
  class space    used 6968K, committed 7232K, reserved 1048576K
}
Event: 6.153 GC heap before
{Heap before GC invocations=19 (full 0):
 garbage-first heap   total 86016K, used 61359K [0x0000000080000000, 0x0000000100000000)
  region size 1024K, 12 young (12288K), 2 survivors (2048K)
 Metaspace       used 52267K, committed 52736K, reserved 1114112K
  class space    used 7047K, committed 7296K, reserved 1048576K
}

Dll operation events (2 events):
Event: 0.009 Loaded shared library C:\Program Files\Android\Android Studio\jbr\bin\java.dll
Event: 0.415 Loaded shared library C:\Program Files\Android\Android Studio\jbr\bin\verify.dll

Deoptimization events (20 events):
Event: 5.984 Thread 0x0000017ab24343b0 Uncommon trap: trap_request=0xfffffff4 fr.pc=0x0000017a9d943690 relative=0x0000000000000730
Event: 5.984 Thread 0x0000017ab24343b0 Uncommon trap: reason=null_check action=make_not_entrant pc=0x0000017a9d943690 method=org.gradle.util.internal.SimpleMapInterner.intern(Ljava/lang/Object;)Ljava/lang/Object; @ 2 c2
Event: 5.984 Thread 0x0000017ab24343b0 DEOPT PACKING pc=0x0000017a9d943690 sp=0x00000063aa8f96c0
Event: 5.984 Thread 0x0000017ab24343b0 DEOPT UNPACKING pc=0x0000017a9d1769a3 sp=0x00000063aa8f9688 mode 2
Event: 5.984 Thread 0x0000017ab24343b0 Uncommon trap: trap_request=0xffffff45 fr.pc=0x0000017a9d9500fc relative=0x000000000000071c
Event: 5.984 Thread 0x0000017ab24343b0 Uncommon trap: reason=unstable_if action=reinterpret pc=0x0000017a9d9500fc method=org.gradle.util.internal.SimpleMapInterner.intern(Ljava/lang/String;)Ljava/lang/String; @ 1 c2
Event: 5.984 Thread 0x0000017ab24343b0 DEOPT PACKING pc=0x0000017a9d9500fc sp=0x00000063aa8f9650
Event: 5.984 Thread 0x0000017ab24343b0 DEOPT UNPACKING pc=0x0000017a9d1769a3 sp=0x00000063aa8f9618 mode 2
Event: 6.009 Thread 0x0000017ab24343b0 DEOPT PACKING pc=0x0000017a95cabb3d sp=0x00000063aa8f8cb0
Event: 6.009 Thread 0x0000017ab24343b0 DEOPT UNPACKING pc=0x0000017a9d177143 sp=0x00000063aa8f8138 mode 0
Event: 6.012 Thread 0x0000017ab24343b0 Uncommon trap: trap_request=0xffffff45 fr.pc=0x0000017a9d717da8 relative=0x0000000000000668
Event: 6.012 Thread 0x0000017ab24343b0 Uncommon trap: reason=unstable_if action=reinterpret pc=0x0000017a9d717da8 method=java.util.jar.Manifest$FastInputStream.readLine([BII)I @ 130 c2
Event: 6.012 Thread 0x0000017ab24343b0 DEOPT PACKING pc=0x0000017a9d717da8 sp=0x00000063aa8f88a0
Event: 6.012 Thread 0x0000017ab24343b0 DEOPT UNPACKING pc=0x0000017a9d1769a3 sp=0x00000063aa8f8830 mode 2
Event: 6.087 Thread 0x0000017ab24343b0 DEOPT PACKING pc=0x0000017a96695369 sp=0x00000063aa8f6ba0
Event: 6.087 Thread 0x0000017ab24343b0 DEOPT UNPACKING pc=0x0000017a9d177143 sp=0x00000063aa8f6120 mode 0
Event: 6.100 Thread 0x0000017ab24343b0 Uncommon trap: trap_request=0xffffffde fr.pc=0x0000017a9d9b8138 relative=0x0000000000000458
Event: 6.100 Thread 0x0000017ab24343b0 Uncommon trap: reason=class_check action=maybe_recompile pc=0x0000017a9d9b8138 method=java.util.regex.Pattern$Start.match(Ljava/util/regex/Matcher;ILjava/lang/CharSequence;)Z @ 44 c2
Event: 6.100 Thread 0x0000017ab24343b0 DEOPT PACKING pc=0x0000017a9d9b8138 sp=0x00000063aa8f8170
Event: 6.100 Thread 0x0000017ab24343b0 DEOPT UNPACKING pc=0x0000017a9d1769a3 sp=0x00000063aa8f8038 mode 2

Classes unloaded (0 events):
No events

Classes redefined (0 events):
No events

Internal exceptions (20 events):
Event: 5.182 Thread 0x0000017ab24343b0 Exception <a 'java/lang/NoSuchMethodError'{0x0000000083683bf8}: 'int java.lang.invoke.DirectMethodHandle$Holder.invokeStatic(java.lang.Object)'> (0x0000000083683bf8) 
thrown [s\src\hotspot\share\interpreter\linkResolver.cpp, line 771]
Event: 5.182 Thread 0x0000017ab24343b0 Exception <a 'java/lang/NoSuchMethodError'{0x0000000083688290}: 'int java.lang.invoke.DirectMethodHandle$Holder.invokeStaticInit(java.lang.Object)'> (0x0000000083688290) 
thrown [s\src\hotspot\share\interpreter\linkResolver.cpp, line 771]
Event: 5.190 Thread 0x0000017ab24343b0 Exception <a 'java/lang/NoSuchMethodError'{0x00000000836fc420}: 'java.lang.Object java.lang.invoke.DirectMethodHandle$Holder.newInvokeSpecial(java.lang.Object, java.lang.Object, java.lang.Object, java.lang.Object, java.lang.Object, int)'> (0x00000000836fc420) 
thrown [s\src\hotspot\share\interpreter\linkResolver.cpp, line 771]
Event: 5.191 Thread 0x0000017ab24343b0 Exception <a 'java/lang/NoSuchMethodError'{0x0000000083501f28}: 'java.lang.Object java.lang.invoke.DirectMethodHandle$Holder.invokeSpecial(java.lang.Object, java.lang.Object, java.lang.Object, java.lang.Object, java.lang.Object, java.lang.Object, int)'> (0x0000000083501f28) 
thrown [s\src\hotspot\share\interpreter\linkResolver.cpp, line 771]
Event: 5.208 Thread 0x0000017ab24343b0 Exception <a 'java/lang/NoSuchMethodError'{0x00000000835d32f0}: 'void java.lang.invoke.DirectMethodHandle$Holder.invokeStatic(java.lang.Object, java.lang.Object, java.lang.Object, int, java.lang.Object)'> (0x00000000835d32f0) 
thrown [s\src\hotspot\share\interpreter\linkResolver.cpp, line 771]
Event: 5.277 Thread 0x0000017ab24343b0 Exception <a 'java/lang/NoSuchMethodError'{0x0000000083139948}: 'java.lang.Object java.lang.invoke.DirectMethodHandle$Holder.newInvokeSpecial(java.lang.Object, java.lang.Object, int)'> (0x0000000083139948) 
thrown [s\src\hotspot\share\interpreter\linkResolver.cpp, line 771]
Event: 5.578 Thread 0x0000017ab24343b0 Implicit null exception at 0x0000017a9d96cfef to 0x0000017a9d96d230
Event: 5.830 Thread 0x0000017ab24343b0 Exception <a 'java/lang/NoSuchMethodError'{0x0000000084a809a0}: 'long java.lang.invoke.DirectMethodHandle$Holder.invokeVirtual(java.lang.Object, java.lang.Object)'> (0x0000000084a809a0) 
thrown [s\src\hotspot\share\interpreter\linkResolver.cpp, line 771]
Event: 5.835 Thread 0x0000017ab230dc30 Exception <a 'java/lang/NoSuchMethodError'{0x0000000084ac60a0}: static Lorg/gradle/internal/build/event/types/DefaultOperationFinishedProgressEvent;.<clinit>()V> (0x0000000084ac60a0) 
thrown [s\src\hotspot\share\prims\jni.cpp, line 1127]
Event: 5.839 Thread 0x0000017ab230dc30 Exception <a 'java/lang/NoSuchMethodError'{0x0000000084aeeb70}: static Lorg/gradle/internal/build/event/types/DefaultProjectConfigurationSuccessResult;.<clinit>()V> (0x0000000084aeeb70) 
thrown [s\src\hotspot\share\prims\jni.cpp, line 1127]
Event: 5.839 Thread 0x0000017ab230dc30 Exception <a 'java/lang/NoSuchMethodError'{0x0000000084af00f0}: static Lorg/gradle/internal/build/event/types/AbstractProjectConfigurationResult;.<clinit>()V> (0x0000000084af00f0) 
thrown [s\src\hotspot\share\prims\jni.cpp, line 1127]
Event: 5.839 Thread 0x0000017ab230dc30 Exception <a 'java/lang/NoSuchMethodError'{0x0000000084af1848}: static Lorg/gradle/internal/build/event/types/AbstractOperationResult;.<clinit>()V> (0x0000000084af1848) 
thrown [s\src\hotspot\share\prims\jni.cpp, line 1127]
Event: 5.839 Thread 0x0000017ab230dc30 Exception <a 'java/lang/NoSuchMethodError'{0x0000000084af2cc0}: static Lorg/gradle/internal/build/event/types/AbstractResult;.<clinit>()V> (0x0000000084af2cc0) 
thrown [s\src\hotspot\share\prims\jni.cpp, line 1127]
Event: 5.841 Thread 0x0000017ab230dc30 Exception <a 'java/lang/NoSuchMethodError'{0x0000000084976960}: static Lorg/gradle/internal/build/event/types/DefaultPluginApplicationResult;.<clinit>()V> (0x0000000084976960) 
thrown [s\src\hotspot\share\prims\jni.cpp, line 1127]
Event: 5.842 Thread 0x0000017ab230dc30 Exception <a 'java/lang/NoSuchMethodError'{0x0000000084982d08}: static Lorg/gradle/internal/build/event/types/DefaultBinaryPluginIdentifier;.<clinit>()V> (0x0000000084982d08) 
thrown [s\src\hotspot\share\prims\jni.cpp, line 1127]
Event: 5.844 Thread 0x0000017ab230dc30 Exception <a 'java/lang/NoSuchMethodError'{0x00000000849a3410}: static Lorg/gradle/internal/build/event/types/DefaultScriptPluginIdentifier;.<clinit>()V> (0x00000000849a3410) 
thrown [s\src\hotspot\share\prims\jni.cpp, line 1127]
Event: 5.984 Thread 0x0000017ab24343b0 Implicit null exception at 0x0000017a9d942f92 to 0x0000017a9d943680
Event: 5.984 Thread 0x0000017ab24343b0 Implicit null exception at 0x0000017a9d94fa14 to 0x0000017a9d9500e4
Event: 6.099 Thread 0x0000017ab24343b0 Exception <a 'java/lang/ClassNotFoundException'{0x0000000084f93b78}: org/gradle/api/internal/plugins/DefaultObjectConfigurationActionBeanInfo> (0x0000000084f93b78) 
thrown [s\src\hotspot\share\classfile\systemDictionary.cpp, line 256]
Event: 6.100 Thread 0x0000017ab24343b0 Exception <a 'java/lang/ClassNotFoundException'{0x0000000084fa7c38}: org/gradle/api/internal/plugins/DefaultObjectConfigurationActionCustomizer> (0x0000000084fa7c38) 
thrown [s\src\hotspot\share\classfile\systemDictionary.cpp, line 256]

VM Operations (20 events):
Event: 5.668 Executing VM operation: ICBufferFull done
Event: 5.771 Executing VM operation: G1CollectForAllocation
Event: 5.790 Executing VM operation: G1CollectForAllocation done
Event: 5.832 Executing VM operation: HandshakeAllThreads
Event: 5.832 Executing VM operation: HandshakeAllThreads done
Event: 5.980 Executing VM operation: ICBufferFull
Event: 5.981 Executing VM operation: ICBufferFull done
Event: 5.988 Executing VM operation: G1TryInitiateConcMark
Event: 5.992 Executing VM operation: G1TryInitiateConcMark done
Event: 6.015 Executing VM operation: G1PauseRemark
Event: 6.017 Executing VM operation: G1PauseRemark done
Event: 6.028 Executing VM operation: G1PauseCleanup
Event: 6.028 Executing VM operation: G1PauseCleanup done
Event: 6.036 Executing VM operation: G1TryInitiateConcMark
Event: 6.038 Executing VM operation: G1TryInitiateConcMark done
Event: 6.059 Executing VM operation: G1PauseRemark
Event: 6.062 Executing VM operation: G1PauseRemark done
Event: 6.071 Executing VM operation: G1PauseCleanup
Event: 6.071 Executing VM operation: G1PauseCleanup done
Event: 6.153 Executing VM operation: G1CollectForAllocation

Events (20 events):
Event: 5.607 Thread 0x0000017ab5762570 Thread added: 0x0000017ab5762570
Event: 5.798 Thread 0x0000017ab5768fc0 Thread added: 0x0000017ab5768fc0
Event: 5.799 Thread 0x0000017ab57648e0 Thread added: 0x0000017ab57648e0
Event: 5.799 Thread 0x0000017ab57694d0 Thread added: 0x0000017ab57694d0
Event: 5.799 Thread 0x0000017ab57699e0 Thread added: 0x0000017ab57699e0
Event: 5.799 Thread 0x0000017ab5767670 Thread added: 0x0000017ab5767670
Event: 5.830 loading class java/util/stream/SortedOps
Event: 5.831 loading class java/util/stream/SortedOps done
Event: 5.831 loading class java/util/stream/SortedOps$OfRef
Event: 5.831 loading class java/util/stream/ReferencePipeline$StatefulOp
Event: 5.831 loading class java/util/stream/ReferencePipeline$StatefulOp done
Event: 5.831 loading class java/util/stream/SortedOps$OfRef done
Event: 5.833 loading class java/util/stream/SortedOps$RefSortingSink
Event: 5.833 loading class java/util/stream/SortedOps$AbstractRefSortingSink
Event: 5.833 loading class java/util/stream/SortedOps$AbstractRefSortingSink done
Event: 5.833 loading class java/util/stream/SortedOps$RefSortingSink done
Event: 5.843 loading class java/time/Ser
Event: 5.843 loading class java/time/Ser done
Event: 6.101 loading class jdk/internal/reflect/UnsafeObjectFieldAccessorImpl
Event: 6.101 loading class jdk/internal/reflect/UnsafeObjectFieldAccessorImpl done


Dynamic libraries:
0x00007ff613990000 - 0x00007ff61399a000 	C:\Program Files\Android\Android Studio\jbr\bin\java.exe
0x00007ff8e32f0000 - 0x00007ff8e3507000 	C:\WINDOWS\SYSTEM32\ntdll.dll
0x00007ff8e2b80000 - 0x00007ff8e2c44000 	C:\WINDOWS\System32\KERNEL32.DLL
0x00007ff8e06d0000 - 0x00007ff8e0a7d000 	C:\WINDOWS\System32\KERNELBASE.dll
0x00007ff8e0ae0000 - 0x00007ff8e0bf1000 	C:\WINDOWS\System32\ucrtbase.dll
0x00007ff859ca0000 - 0x00007ff859cb7000 	C:\Program Files\Android\Android Studio\jbr\bin\jli.dll
0x00007ff8e28f0000 - 0x00007ff8e2a9e000 	C:\WINDOWS\System32\USER32.dll
0x00007ff8ac0f0000 - 0x00007ff8ac10b000 	C:\Program Files\Android\Android Studio\jbr\bin\VCRUNTIME140.dll
0x00007ff8e0ab0000 - 0x00007ff8e0ad6000 	C:\WINDOWS\System32\win32u.dll
0x00007ff8e1e90000 - 0x00007ff8e1eb9000 	C:\WINDOWS\System32\GDI32.dll
0x00007ff8e0ca0000 - 0x00007ff8e0db9000 	C:\WINDOWS\System32\gdi32full.dll
0x00007ff8d2b00000 - 0x00007ff8d2d93000 	C:\WINDOWS\WinSxS\amd64_microsoft.windows.common-controls_6595b64144ccf1df_6.0.22621.3672_none_2713b9d173822955\COMCTL32.dll
0x00007ff8e0c00000 - 0x00007ff8e0c9a000 	C:\WINDOWS\System32\msvcp_win.dll
0x00007ff8e3110000 - 0x00007ff8e31b7000 	C:\WINDOWS\System32\msvcrt.dll
0x00007ff8e12e0000 - 0x00007ff8e1311000 	C:\WINDOWS\System32\IMM32.DLL
0x00007ff8ab980000 - 0x00007ff8ab98c000 	C:\Program Files\Android\Android Studio\jbr\bin\vcruntime140_1.dll
0x00007ff89fcf0000 - 0x00007ff89fd7d000 	C:\Program Files\Android\Android Studio\jbr\bin\msvcp140.dll
0x00007ff84c970000 - 0x00007ff84d5f3000 	C:\Program Files\Android\Android Studio\jbr\bin\server\jvm.dll
0x00007ff8e31c0000 - 0x00007ff8e3272000 	C:\WINDOWS\System32\ADVAPI32.dll
0x00007ff8e1320000 - 0x00007ff8e13c9000 	C:\WINDOWS\System32\sechost.dll
0x00007ff8e0a80000 - 0x00007ff8e0aa8000 	C:\WINDOWS\System32\bcrypt.dll
0x00007ff8e2c50000 - 0x00007ff8e2d64000 	C:\WINDOWS\System32\RPCRT4.dll
0x00007ff8dadb0000 - 0x00007ff8dade4000 	C:\WINDOWS\SYSTEM32\WINMM.dll
0x00007ff8c3c90000 - 0x00007ff8c3c99000 	C:\WINDOWS\SYSTEM32\WSOCK32.dll
0x00007ff8e1020000 - 0x00007ff8e1091000 	C:\WINDOWS\System32\WS2_32.dll
0x00007ff8e0320000 - 0x00007ff8e036d000 	C:\WINDOWS\SYSTEM32\POWRPROF.dll
0x00007ff8d5270000 - 0x00007ff8d527a000 	C:\WINDOWS\SYSTEM32\VERSION.dll
0x00007ff8e0300000 - 0x00007ff8e0313000 	C:\WINDOWS\SYSTEM32\UMPDC.dll
0x00007ff8df640000 - 0x00007ff8df658000 	C:\WINDOWS\SYSTEM32\kernel.appcore.dll
0x00007ff8c88f0000 - 0x00007ff8c88fa000 	C:\Program Files\Android\Android Studio\jbr\bin\jimage.dll
0x00007ff8d7a60000 - 0x00007ff8d7c92000 	C:\WINDOWS\SYSTEM32\DBGHELP.DLL
0x00007ff8e2d80000 - 0x00007ff8e310d000 	C:\WINDOWS\System32\combase.dll
0x00007ff8e10b0000 - 0x00007ff8e1187000 	C:\WINDOWS\System32\OLEAUT32.dll
0x00007ff8c8870000 - 0x00007ff8c88a2000 	C:\WINDOWS\SYSTEM32\dbgcore.DLL
0x00007ff8e0e30000 - 0x00007ff8e0eab000 	C:\WINDOWS\System32\bcryptPrimitives.dll
0x00007ff8c88c0000 - 0x00007ff8c88e5000 	C:\Program Files\Android\Android Studio\jbr\bin\java.dll
0x00007ff8c81d0000 - 0x00007ff8c81e8000 	C:\Program Files\Android\Android Studio\jbr\bin\zip.dll
0x00007ff8e1ec0000 - 0x00007ff8e2728000 	C:\WINDOWS\System32\SHELL32.dll
0x00007ff8de520000 - 0x00007ff8dee1e000 	C:\WINDOWS\SYSTEM32\windows.storage.dll
0x00007ff8de3e0000 - 0x00007ff8de51f000 	C:\WINDOWS\SYSTEM32\wintypes.dll
0x00007ff8e1190000 - 0x00007ff8e1289000 	C:\WINDOWS\System32\SHCORE.dll
0x00007ff8e2aa0000 - 0x00007ff8e2afe000 	C:\WINDOWS\System32\shlwapi.dll
0x00007ff8e0540000 - 0x00007ff8e0561000 	C:\WINDOWS\SYSTEM32\profapi.dll
0x00007ff8c66c0000 - 0x00007ff8c66d9000 	C:\Program Files\Android\Android Studio\jbr\bin\net.dll
0x00007ff8dc310000 - 0x00007ff8dc446000 	C:\WINDOWS\SYSTEM32\WINHTTP.dll
0x00007ff8dfab0000 - 0x00007ff8dfb19000 	C:\WINDOWS\system32\mswsock.dll
0x00007ff8c66a0000 - 0x00007ff8c66b6000 	C:\Program Files\Android\Android Studio\jbr\bin\nio.dll
0x00007ff866840000 - 0x00007ff866850000 	C:\Program Files\Android\Android Studio\jbr\bin\verify.dll
0x00007ff8aca00000 - 0x00007ff8aca27000 	C:\Users\23480\.gradle\native\68d5fa5c4cc2d200863cafc0d521ce42e7d3e7ee720ec0a83991735586a16f82\windows-amd64\native-platform.dll
0x00007ff896e50000 - 0x00007ff896f94000 	C:\Users\23480\.gradle\native\e376f236ea51e6404a007f0833ffe2c6e607c4080706a723a18a27aeea778392\windows-amd64\native-platform-file-events.dll
0x00007ff8c63d0000 - 0x00007ff8c63d9000 	C:\Program Files\Android\Android Studio\jbr\bin\management.dll
0x00007ff89ae00000 - 0x00007ff89ae0b000 	C:\Program Files\Android\Android Studio\jbr\bin\management_ext.dll
0x00007ff8e2d70000 - 0x00007ff8e2d78000 	C:\WINDOWS\System32\PSAPI.DLL
0x00007ff8dfd20000 - 0x00007ff8dfd3b000 	C:\WINDOWS\SYSTEM32\CRYPTSP.dll
0x00007ff8df5a0000 - 0x00007ff8df5d5000 	C:\WINDOWS\system32\rsaenh.dll
0x00007ff8dfbb0000 - 0x00007ff8dfbd8000 	C:\WINDOWS\SYSTEM32\USERENV.dll
0x00007ff8dfd10000 - 0x00007ff8dfd1c000 	C:\WINDOWS\SYSTEM32\CRYPTBASE.dll
0x00007ff8df080000 - 0x00007ff8df0ad000 	C:\WINDOWS\SYSTEM32\IPHLPAPI.DLL
0x00007ff8e1e80000 - 0x00007ff8e1e89000 	C:\WINDOWS\System32\NSI.dll
0x00007ff8db840000 - 0x00007ff8db859000 	C:\WINDOWS\SYSTEM32\dhcpcsvc6.DLL
0x00007ff8db380000 - 0x00007ff8db39f000 	C:\WINDOWS\SYSTEM32\dhcpcsvc.DLL
0x00007ff8df0b0000 - 0x00007ff8df1a8000 	C:\WINDOWS\SYSTEM32\DNSAPI.dll
0x00007ff8c88b0000 - 0x00007ff8c88b9000 	C:\Program Files\Android\Android Studio\jbr\bin\extnet.dll
0x00007ff8dae40000 - 0x00007ff8dae48000 	C:\WINDOWS\system32\wshunix.dll

dbghelp: loaded successfully - version: 4.0.5 - missing functions: none
symbol engine: initialized successfully - sym options: 0x614 - pdb path: .;C:\Program Files\Android\Android Studio\jbr\bin;C:\WINDOWS\SYSTEM32;C:\WINDOWS\WinSxS\amd64_microsoft.windows.common-controls_6595b64144ccf1df_6.0.22621.3672_none_2713b9d173822955;C:\Program Files\Android\Android Studio\jbr\bin\server;C:\Users\23480\.gradle\native\68d5fa5c4cc2d200863cafc0d521ce42e7d3e7ee720ec0a83991735586a16f82\windows-amd64;C:\Users\23480\.gradle\native\e376f236ea51e6404a007f0833ffe2c6e607c4080706a723a18a27aeea778392\windows-amd64

VM Arguments:
jvm_args: --add-opens=java.base/java.util=ALL-UNNAMED --add-opens=java.base/java.lang=ALL-UNNAMED --add-opens=java.base/java.lang.invoke=ALL-UNNAMED --add-opens=java.prefs/java.util.prefs=ALL-UNNAMED --add-opens=java.base/java.nio.charset=ALL-UNNAMED --add-opens=java.base/java.net=ALL-UNNAMED --add-opens=java.base/java.util.concurrent.atomic=ALL-UNNAMED -Xmx2048m -Dfile.encoding=UTF-8 -Duser.country=US -Duser.language=en -Duser.variant 
java_command: org.gradle.launcher.daemon.bootstrap.GradleDaemon 8.0
java_class_path (initial): C:\Users\23480\.gradle\wrapper\dists\gradle-8.0-bin\ca5e32bp14vu59qr306oxotwh\gradle-8.0\lib\gradle-launcher-8.0.jar
Launcher Type: SUN_STANDARD

[Global flags]
     intx CICompilerCount                          = 4                                         {product} {ergonomic}
     uint ConcGCThreads                            = 2                                         {product} {ergonomic}
     uint G1ConcRefinementThreads                  = 8                                         {product} {ergonomic}
   size_t G1HeapRegionSize                         = 1048576                                   {product} {ergonomic}
    uintx GCDrainStackTargetSize                   = 64                                        {product} {ergonomic}
   size_t InitialHeapSize                          = 123731968                                 {product} {ergonomic}
   size_t MarkStackSize                            = 4194304                                   {product} {ergonomic}
   size_t MaxHeapSize                              = 2147483648                                {product} {command line}
   size_t MaxNewSize                               = 1287651328                                {product} {ergonomic}
   size_t MinHeapDeltaBytes                        = 1048576                                   {product} {ergonomic}
   size_t MinHeapSize                              = 8388608                                   {product} {ergonomic}
    uintx NonNMethodCodeHeapSize                   = 5839372                                {pd product} {ergonomic}
    uintx NonProfiledCodeHeapSize                  = 122909434                              {pd product} {ergonomic}
    uintx ProfiledCodeHeapSize                     = 122909434                              {pd product} {ergonomic}
    uintx ReservedCodeCacheSize                    = 251658240                              {pd product} {ergonomic}
     bool SegmentedCodeCache                       = true                                      {product} {ergonomic}
   size_t SoftMaxHeapSize                          = 2147483648                             {manageable} {ergonomic}
     bool UseCompressedClassPointers               = true                           {product lp64_product} {ergonomic}
     bool UseCompressedOops                        = true                           {product lp64_product} {ergonomic}
     bool UseG1GC                                  = true                                      {product} {ergonomic}
     bool UseLargePagesIndividualAllocation        = false                                  {pd product} {ergonomic}

Logging:
Log output configuration:
 #0: stdout all=warning uptime,level,tags
 #1: stderr all=off uptime,level,tags

Environment Variables:
PATH=C:\WINDOWS\system32;C:\WINDOWS;C:\WINDOWS\System32\Wbem;C:\WINDOWS\System32\WindowsPowerShell\v1.0\;C:\WINDOWS\System32\OpenSSH\;C:\Program Files\nodejs\;C:\Program Files\HP\HP One Agent;C:\Program Files\Git\cmd;C:\Users\23480\AppData\Local\Programs\Python\Python311\Scripts\;C:\Users\23480\AppData\Local\Programs\Python\Python311\;C:\Users\23480\AppData\Local\Microsoft\WindowsApps;C:\Users\23480\AppData\Local\atom\bin;C:\Users\23480\AppData\Local\Programs\Microsoft VS Code\bin;C:\Users\23480\AppData\Local\Microsoft\WindowsApps;;C:\Program Files\JetBrains\IntelliJ IDEA Community Edition 2023.2.1\bin;;C:\Users\23480\AppData\Roaming\npm
USERNAME=23480
OS=Windows_NT
PROCESSOR_IDENTIFIER=AMD64 Family 23 Model 104 Stepping 1, AuthenticAMD
TMP=C:\Users\23480\AppData\Local\Temp
TEMP=C:\Users\23480\AppData\Local\Temp



Periodic native trim disabled

JNI global refs:
JNI global refs: 24, weak refs: 0

JNI global refs memory usage: 843, weak refs: 841

Process memory usage:
Resident Set Size: 258692K (3% of 7682524K total physical memory with 439688K free physical memory)

OOME stack traces (most recent first):
Classloader memory used:
Loader org.gradle.internal.classloader.VisitableURLClassLoader                         : 3023K
Loader bootstrap                                                                       : 2379K
Loader org.gradle.initialization.MixInLegacyTypesClassLoader                           : 949K
Loader org.gradle.internal.classloader.VisitableURLClassLoader                         : 79018B
Loader jdk.internal.loader.ClassLoaders$PlatformClassLoader                            : 65563B
Loader jdk.internal.loader.ClassLoaders$AppClassLoader                                 : 26051B
Loader jdk.internal.reflect.DelegatingClassLoader                                      : 14102B

Classes loaded by more than one classloader:
Class Program                                                                         : loaded 4 times (x 72B)
Class com.google.common.collect.SingletonImmutableList                                : loaded 2 times (x 167B)
Class org.gradle.internal.classpath.ClassPath                                         : loaded 2 times (x 68B)
Class org.gradle.api.internal.classpath.DefaultModuleRegistry                         : loaded 2 times (x 84B)
Class Settings_gradle$1$1                                                             : loaded 2 times (x 72B)
Class com.google.common.base.CharMatcher$JavaDigit                                    : loaded 2 times (x 109B)
Class com.google.common.base.CharMatcher$Digit                                        : loaded 2 times (x 110B)
Class org.gradle.api.Action                                                           : loaded 2 times (x 68B)
Class com.google.common.collect.Lists$StringAsImmutableList                           : loaded 2 times (x 167B)
Class com.google.common.base.CharMatcher                                              : loaded 2 times (x 109B)
Class com.google.common.base.CharMatcher$IsNot                                        : loaded 2 times (x 109B)
Class com.google.common.base.Splitter                                                 : loaded 2 times (x 70B)
Class org.gradle.api.internal.DefaultClassPathProvider                                : loaded 2 times (x 74B)
Class org.gradle.internal.installation.GradleInstallation$1                           : loaded 2 times (x 73B)
Class com.google.common.base.CharMatcher$BitSetMatcher                                : loaded 2 times (x 110B)
Class com.google.common.base.Predicate                                                : loaded 2 times (x 68B)
Class org.gradle.internal.classloader.FilteringClassLoader                            : loaded 2 times (x 103B)
Class org.gradle.internal.classpath.DefaultClassPath$ImmutableUniqueList$Builder      : loaded 2 times (x 73B)
Class com.google.common.base.CharMatcher$InRange                                      : loaded 2 times (x 109B)
Class com.google.common.collect.Lists                                                 : loaded 2 times (x 69B)
Class org.gradle.internal.classloader.ClassLoaderVisitor                              : loaded 2 times (x 74B)
Class org.gradle.internal.service.DefaultServiceLocator                               : loaded 2 times (x 81B)
Class org.gradle.internal.service.UnknownServiceException                             : loaded 2 times (x 81B)
Class org.gradle.internal.classloader.DefaultClassLoaderFactory                       : loaded 2 times (x 80B)
Class com.google.common.collect.UnmodifiableIterator                                  : loaded 2 times (x 78B)
Class com.google.common.base.CharMatcher$SingleWidth                                  : loaded 2 times (x 110B)
Class com.google.common.base.JdkPattern                                               : loaded 2 times (x 73B)
Class org.gradle.internal.classloader.VisitableURLClassLoader$Spec                    : loaded 2 times (x 72B)
Class org.gradle.api.GradleException                                                  : loaded 2 times (x 80B)
Class com.google.common.base.CharMatcher$JavaLetterOrDigit                            : loaded 2 times (x 109B)
Class org.gradle.api.internal.classpath.ModuleRegistry                                : loaded 2 times (x 68B)
Class com.google.common.collect.ImmutableCollection                                   : loaded 2 times (x 123B)
Class org.gradle.api.internal.ClassPathProvider                                       : loaded 2 times (x 68B)
Class org.gradle.internal.classloader.ClasspathUtil$1                                 : loaded 2 times (x 74B)
Class com.google.common.collect.ImmutableList$ReverseImmutableList                    : loaded 2 times (x 168B)
Class org.gradle.internal.classloader.ClassLoaderFactory                              : loaded 2 times (x 68B)
Class com.google.common.collect.ObjectArrays                                          : loaded 2 times (x 69B)
Class com.google.common.collect.ImmutableList                                         : loaded 2 times (x 166B)
Class org.gradle.api.internal.classpath.ManifestUtil                                  : loaded 2 times (x 69B)
Class org.gradle.api.specs.Spec                                                       : loaded 2 times (x 68B)
Class com.google.common.base.CharMatcher$Whitespace                                   : loaded 2 times (x 110B)
Class com.google.common.base.Preconditions                                            : loaded 2 times (x 69B)
Class org.gradle.internal.IoActions                                                   : loaded 2 times (x 69B)
Class com.google.common.collect.CollectPreconditions                                  : loaded 2 times (x 69B)
Class com.google.common.collect.AbstractIndexedListIterator                           : loaded 2 times (x 94B)
Class com.google.common.base.CharMatcher$None                                         : loaded 2 times (x 110B)
Class org.gradle.api.internal.classpath.EffectiveClassPath                            : loaded 2 times (x 88B)
Class com.google.common.collect.UnmodifiableListIterator                              : loaded 2 times (x 93B)
Class com.google.common.collect.ImmutableList$1                                       : loaded 2 times (x 95B)
Class com.google.common.base.Splitter$Strategy                                        : loaded 2 times (x 68B)
Class org.gradle.internal.installation.CurrentGradleInstallation                      : loaded 2 times (x 71B)
Class org.gradle.internal.installation.CurrentGradleInstallationLocator               : loaded 2 times (x 69B)
Class org.gradle.api.internal.classpath.Module                                        : loaded 2 times (x 68B)
Class com.google.common.base.Splitter$1$1                                             : loaded 2 times (x 84B)
Class org.gradle.internal.service.CachingServiceLocator                               : loaded 2 times (x 80B)
Class org.gradle.internal.classpath.DefaultClassPath                                  : loaded 2 times (x 88B)
Class com.google.common.base.Splitter$SplittingIterator                               : loaded 2 times (x 82B)
Class com.google.common.base.CharMatcher$Is                                           : loaded 2 times (x 109B)
Class com.google.common.collect.RegularImmutableAsList                                : loaded 2 times (x 176B)
Class org.gradle.internal.classloader.SystemClassLoaderSpec                           : loaded 2 times (x 69B)
Class [Lcom.google.common.base.AbstractIterator$State;                                : loaded 2 times (x 67B)
Class com.google.common.base.AbstractIterator                                         : loaded 2 times (x 78B)
Class com.google.common.base.AbstractIterator$1                                       : loaded 2 times (x 69B)
Class com.google.common.base.CharMatcher$1                                            : loaded 2 times (x 111B)
Class com.google.common.base.CharMatcher$Ascii                                        : loaded 2 times (x 110B)
Class org.gradle.api.UncheckedIOException                                             : loaded 2 times (x 80B)
Class com.google.common.base.CharMatcher$And                                          : loaded 2 times (x 110B)
Class com.google.common.base.CharMatcher$Any                                          : loaded 2 times (x 110B)
Class org.gradle.internal.installation.GradleInstallation                             : loaded 2 times (x 73B)
Class com.google.common.base.CharMatcher$RangesMatcher                                : loaded 2 times (x 110B)
Class com.google.common.collect.ImmutableList$SubList                                 : loaded 2 times (x 168B)
Class org.gradle.internal.classloader.ClasspathUtil                                   : loaded 2 times (x 69B)
Class com.google.common.base.Splitter$1                                               : loaded 2 times (x 75B)
Class org.gradle.api.internal.DefaultClassPathRegistry                                : loaded 2 times (x 74B)
Class org.gradle.api.internal.classpath.DefaultModuleRegistry$DefaultModule           : loaded 2 times (x 84B)
Class com.google.common.base.CharMatcher$JavaIsoControl                               : loaded 2 times (x 110B)
Class com.google.common.base.CharMatcher$Or                                           : loaded 2 times (x 110B)
Class com.google.common.base.CharMatcher$JavaLowerCase                                : loaded 2 times (x 109B)
Class org.gradle.api.internal.classpath.UnknownModuleException                        : loaded 2 times (x 80B)
Class com.google.common.base.CommonPattern                                            : loaded 2 times (x 72B)
Class org.gradle.internal.service.ServiceLookupException                              : loaded 2 times (x 80B)
Class org.gradle.cache.GlobalCache                                                    : loaded 2 times (x 68B)
Class com.google.common.base.CharMatcher$NegatedFastMatcher                           : loaded 2 times (x 111B)
Class [Lorg.gradle.api.internal.ClassPathProvider;                                    : loaded 2 times (x 67B)
Class org.gradle.util.internal.GUtil                                                  : loaded 2 times (x 69B)
Class org.gradle.internal.classloader.ClassLoaderSpec                                 : loaded 2 times (x 69B)
Class com.google.common.base.NullnessCasts                                            : loaded 2 times (x 69B)
Class com.google.common.base.CharMatcher$Negated                                      : loaded 2 times (x 111B)
Class com.google.common.base.CharMatcher$ForPredicate                                 : loaded 2 times (x 110B)
Class org.gradle.internal.classloader.VisitableURLClassLoader                         : loaded 2 times (x 115B)
Class org.gradle.internal.Cast                                                        : loaded 2 times (x 69B)
Class org.gradle.api.internal.ClassPathRegistry                                       : loaded 2 times (x 68B)
Class org.gradle.internal.classloader.ClassLoaderHierarchy                            : loaded 2 times (x 68B)
Class com.google.common.base.AbstractIterator$State                                   : loaded 2 times (x 77B)
Class com.google.common.base.CharMatcher$NamedFastMatcher                             : loaded 2 times (x 110B)
Class org.gradle.internal.InternalTransformer                                         : loaded 2 times (x 68B)
Class org.gradle.internal.service.ServiceLocator                                      : loaded 2 times (x 68B)
Class Settings_gradle$1                                                               : loaded 2 times (x 72B)
Class com.google.common.base.CharMatcher$Invisible                                    : loaded 2 times (x 110B)
Class com.google.common.base.CharMatcher$FastMatcher                                  : loaded 2 times (x 109B)
Class org.gradle.internal.classpath.DefaultClassPath$ImmutableUniqueList              : loaded 2 times (x 159B)
Class com.google.common.base.CharMatcher$JavaLetter                                   : loaded 2 times (x 109B)
Class Settings_gradle                                                                 : loaded 2 times (x 126B)
Class com.google.common.collect.ImmutableAsList                                       : loaded 2 times (x 169B)
Class com.google.common.base.CharMatcher$AnyOf                                        : loaded 2 times (x 110B)
Class com.google.common.base.CharMatcher$IsEither                                     : loaded 2 times (x 109B)
Class com.google.common.collect.RegularImmutableList                                  : loaded 2 times (x 172B)
Class com.google.common.base.CharMatcher$JavaUpperCase                                : loaded 2 times (x 109B)


---------------  S Y S T E M  ---------------

OS:
 Windows 11 , 64 bit Build 22621 (10.0.22621.3958)
OS uptime: 0 days 1:54 hours
Hyper-V role detected

CPU: total 8 (initial active 8) (8 cores per cpu, 2 threads per core) family 23 model 104 stepping 1 microcode 0x0, cx8, cmov, fxsr, ht, mmx, 3dnowpref, sse, sse2, sse3, ssse3, sse4a, sse4.1, sse4.2, popcnt, lzcnt, tsc, tscinvbit, avx, avx2, aes, clmul, bmi1, bmi2, adx, sha, fma, vzeroupper, clflush, clflushopt, hv
Processor Information for processor 0
  Max Mhz: 2600, Current Mhz: 2003, Mhz Limit: 2600
Processor Information for processor 1
  Max Mhz: 2600, Current Mhz: 2003, Mhz Limit: 2600
Processor Information for processor 2
  Max Mhz: 2600, Current Mhz: 2003, Mhz Limit: 2600
Processor Information for processor 3
  Max Mhz: 2600, Current Mhz: 2003, Mhz Limit: 2600
Processor Information for processor 4
  Max Mhz: 2600, Current Mhz: 2003, Mhz Limit: 2600
Processor Information for processor 5
  Max Mhz: 2600, Current Mhz: 2003, Mhz Limit: 2600
Processor Information for processor 6
  Max Mhz: 2600, Current Mhz: 2003, Mhz Limit: 2600
Processor Information for processor 7
  Max Mhz: 2600, Current Mhz: 2600, Mhz Limit: 2600

Memory: 4k page, system-wide physical 7502M (429M free)
TotalPageFile size 11571M (AvailPageFile size 30M)
current process WorkingSet (physical memory assigned to process): 252M, peak: 252M
current process commit charge ("private bytes"): 291M, peak: 326M

vm_info: OpenJDK 64-Bit Server VM (17.0.11+0--11852314) for windows-amd64 JRE (17.0.11+0--11852314), built on May 16 2024 21:29:20 by "androidbuild" with MS VC++ 16.10 / 16.11 (VS2019)

END.
