#
# There is insufficient memory for the Java Runtime Environment to continue.
# Native memory allocation (mmap) failed to map 37748736 bytes. Error detail: G1 virtual space
# Possible reasons:
#   The system is out of physical RAM or swap space
#   This process is running with CompressedOops enabled, and the Java Heap may be blocking the growth of the native heap
# Possible solutions:
#   Reduce memory load on the system
#   Increase physical memory or swap space
#   Check if swap backing store is full
#   Decrease Java heap size (-Xmx/-Xms)
#   Decrease number of Java threads
#   Decrease Java thread stack sizes (-Xss)
#   Set larger code cache with -XX:ReservedCodeCacheSize=
#   JVM is running with Unscaled Compressed Oops mode in which the Java heap is
#     placed in the first 4GB address space. The Java Heap base address is the
#     maximum limit for the native heap growth. Please use -XX:HeapBaseMinAddress
#     to set the Java Heap base and to place the Java Heap above 4GB virtual address.
# This output file may be truncated or incomplete.
#
#  Out of Memory Error (os_windows.cpp:3825), pid=8832, tid=11228
#
# JRE version: OpenJDK Runtime Environment (17.0.11) (build 17.0.11+0--11852314)
# Java VM: OpenJDK 64-Bit Server VM (17.0.11+0--11852314, mixed mode, tiered, compressed oops, compressed class ptrs, g1 gc, windows-amd64)
# No core dump will be written. Minidumps are not enabled by default on client versions of Windows
#

---------------  S U M M A R Y ------------

Command Line: --add-opens=java.base/java.util=ALL-UNNAMED --add-opens=java.base/java.lang=ALL-UNNAMED --add-opens=java.base/java.lang.invoke=ALL-UNNAMED --add-opens=java.prefs/java.util.prefs=ALL-UNNAMED --add-opens=java.base/java.nio.charset=ALL-UNNAMED --add-opens=java.base/java.net=ALL-UNNAMED --add-opens=java.base/java.util.concurrent.atomic=ALL-UNNAMED -Xmx2048m -Dfile.encoding=UTF-8 -Duser.country=US -Duser.language=en -Duser.variant org.gradle.launcher.daemon.bootstrap.GradleDaemon 8.0

Host: AMD Ryzen 3 5300U with Radeon Graphics         , 8 cores, 7G,  Windows 11 , 64 bit Build 22621 (10.0.22621.3958)
Time: Tue Sep  3 11:57:43 2024 W. Central Africa Standard Time elapsed time: 4.988666 seconds (0d 0h 0m 4s)

---------------  T H R E A D  ---------------

Current thread (0x0000020d84a47e80):  VMThread "VM Thread" [stack: 0x000000dce8d00000,0x000000dce8e00000] [id=11228]

Stack: [0x000000dce8d00000,0x000000dce8e00000]
Native frames: (J=compiled Java code, j=interpreted, Vv=VM code, C=native code)
V  [jvm.dll+0x687bb9]
V  [jvm.dll+0x84142a]
V  [jvm.dll+0x8430ae]
V  [jvm.dll+0x843713]
V  [jvm.dll+0x24a35f]
V  [jvm.dll+0x684989]
V  [jvm.dll+0x67923a]
V  [jvm.dll+0x30af0b]
V  [jvm.dll+0x3123b6]
V  [jvm.dll+0x361dfe]
V  [jvm.dll+0x36202f]
V  [jvm.dll+0x2e0d38]
V  [jvm.dll+0x2df144]
V  [jvm.dll+0x2de74c]
V  [jvm.dll+0x32305b]
V  [jvm.dll+0x847e0b]
V  [jvm.dll+0x848b42]
V  [jvm.dll+0x84905d]
V  [jvm.dll+0x849434]
V  [jvm.dll+0x849500]
V  [jvm.dll+0x7efa4a]
V  [jvm.dll+0x686a35]
C  [ucrtbase.dll+0x29333]
C  [KERNEL32.DLL+0x1257d]
C  [ntdll.dll+0x5af28]

VM_Operation (0x000000dcea6f8570): G1CollectForAllocation, mode: safepoint, requested by thread 0x0000020d8a745f30


---------------  P R O C E S S  ---------------

Threads class SMR info:
_java_thread_list=0x0000020d8c084420, length=34, elements={
0x0000020deab79b00, 0x0000020d84a499a0, 0x0000020d84a4a820, 0x0000020d84a70d00,
0x0000020d84a717d0, 0x0000020d84a72390, 0x0000020d84a72d50, 0x0000020d84a73af0,
0x0000020d84a745a0, 0x0000020d84be5690, 0x0000020d84d5d250, 0x0000020d84d81a00,
0x0000020d8bb5e740, 0x0000020d8ad628c0, 0x0000020d89f47d90, 0x0000020d8a62f020,
0x0000020d8a4e26e0, 0x0000020d8a745640, 0x0000020d8a745f30, 0x0000020d8aaa97c0,
0x0000020d89b84590, 0x0000020d89b84aa0, 0x0000020d89b86e10, 0x0000020d89b854c0,
0x0000020d89b859d0, 0x0000020d89b84080, 0x0000020d89b863f0, 0x0000020d8d6cf580,
0x0000020d8d6d1e00, 0x0000020d8d6cfa90, 0x0000020d8d6cf070, 0x0000020d8d6cbdd0,
0x0000020d8d6d3750, 0x0000020d8c4dcd10
}

Java Threads: ( => current thread )
  0x0000020deab79b00 JavaThread "main" [_thread_blocked, id=3236, stack(0x000000dce8700000,0x000000dce8800000)]
  0x0000020d84a499a0 JavaThread "Reference Handler" daemon [_thread_blocked, id=15704, stack(0x000000dce8e00000,0x000000dce8f00000)]
  0x0000020d84a4a820 JavaThread "Finalizer" daemon [_thread_blocked, id=17924, stack(0x000000dce8f00000,0x000000dce9000000)]
  0x0000020d84a70d00 JavaThread "Signal Dispatcher" daemon [_thread_blocked, id=11452, stack(0x000000dce9000000,0x000000dce9100000)]
  0x0000020d84a717d0 JavaThread "Attach Listener" daemon [_thread_blocked, id=6720, stack(0x000000dce9100000,0x000000dce9200000)]
  0x0000020d84a72390 JavaThread "Service Thread" daemon [_thread_blocked, id=4624, stack(0x000000dce9200000,0x000000dce9300000)]
  0x0000020d84a72d50 JavaThread "Monitor Deflation Thread" daemon [_thread_blocked, id=6432, stack(0x000000dce9300000,0x000000dce9400000)]
  0x0000020d84a73af0 JavaThread "C2 CompilerThread0" daemon [_thread_in_native, id=5008, stack(0x000000dce9400000,0x000000dce9500000)]
  0x0000020d84a745a0 JavaThread "C1 CompilerThread0" daemon [_thread_blocked, id=1660, stack(0x000000dce9500000,0x000000dce9600000)]
  0x0000020d84be5690 JavaThread "Sweeper thread" daemon [_thread_blocked, id=18740, stack(0x000000dce9600000,0x000000dce9700000)]
  0x0000020d84d5d250 JavaThread "Common-Cleaner" daemon [_thread_blocked, id=9012, stack(0x000000dce9700000,0x000000dce9800000)]
  0x0000020d84d81a00 JavaThread "Notification Thread" daemon [_thread_blocked, id=8816, stack(0x000000dce9800000,0x000000dce9900000)]
  0x0000020d8bb5e740 JavaThread "Daemon health stats" [_thread_blocked, id=11904, stack(0x000000dcea000000,0x000000dcea100000)]
  0x0000020d8ad628c0 JavaThread "Incoming local TCP Connector on port 52081" [_thread_in_native, id=13864, stack(0x000000dcea100000,0x000000dcea200000)]
  0x0000020d89f47d90 JavaThread "Daemon periodic checks" [_thread_blocked, id=8616, stack(0x000000dcea200000,0x000000dcea300000)]
  0x0000020d8a62f020 JavaThread "Daemon" [_thread_blocked, id=11736, stack(0x000000dcea300000,0x000000dcea400000)]
  0x0000020d8a4e26e0 JavaThread "Handler for socket connection from /127.0.0.1:52081 to /127.0.0.1:52082" [_thread_in_native, id=14852, stack(0x000000dcea400000,0x000000dcea500000)]
  0x0000020d8a745640 JavaThread "Cancel handler" [_thread_blocked, id=13416, stack(0x000000dcea500000,0x000000dcea600000)]
  0x0000020d8a745f30 JavaThread "Daemon worker" [_thread_blocked, id=17340, stack(0x000000dcea600000,0x000000dcea700000)]
  0x0000020d8aaa97c0 JavaThread "Asynchronous log dispatcher for DefaultDaemonConnection: socket connection from /127.0.0.1:52081 to /127.0.0.1:52082" [_thread_blocked, id=6676, stack(0x000000dcea700000,0x000000dcea800000)]
  0x0000020d89b84590 JavaThread "Stdin handler" [_thread_blocked, id=7924, stack(0x000000dcea800000,0x000000dcea900000)]
  0x0000020d89b84aa0 JavaThread "Daemon client event forwarder" [_thread_blocked, id=18476, stack(0x000000dcea900000,0x000000dceaa00000)]
  0x0000020d89b86e10 JavaThread "Cache worker for journal cache (C:\Users\23480\.gradle\caches\journal-1)" [_thread_blocked, id=13456, stack(0x000000dceae00000,0x000000dceaf00000)]
  0x0000020d89b854c0 JavaThread "File lock request listener" [_thread_in_native, id=10700, stack(0x000000dceaf00000,0x000000dceb000000)]
  0x0000020d89b859d0 JavaThread "Cache worker for file hash cache (C:\Users\23480\.gradle\caches\8.0\fileHashes)" [_thread_blocked, id=3012, stack(0x000000dceb000000,0x000000dceb100000)]
  0x0000020d89b84080 JavaThread "File watcher server" daemon [_thread_in_native, id=13760, stack(0x000000dceb100000,0x000000dceb200000)]
  0x0000020d89b863f0 JavaThread "File watcher consumer" daemon [_thread_blocked, id=12824, stack(0x000000dceb200000,0x000000dceb300000)]
  0x0000020d8d6cf580 JavaThread "Cache worker for checksums cache (C:\Users\23480\Documents\androidproject\DailyQuotes\.gradle\8.0\checksums)" [_thread_blocked, id=10968, stack(0x000000dce9b00000,0x000000dce9c00000)]
  0x0000020d8d6d1e00 JavaThread "Cache worker for cache directory md-rule (C:\Users\23480\.gradle\caches\8.0\md-rule)" [_thread_blocked, id=12556, stack(0x000000dceb300000,0x000000dceb400000)]
  0x0000020d8d6cfa90 JavaThread "Cache worker for file content cache (C:\Users\23480\.gradle\caches\8.0\fileContent)" [_thread_blocked, id=10168, stack(0x000000dceb400000,0x000000dceb500000)]
  0x0000020d8d6cf070 JavaThread "Cache worker for file hash cache (C:\Users\23480\Documents\androidproject\DailyQuotes\.gradle\8.0\fileHashes)" [_thread_blocked, id=17532, stack(0x000000dceb500000,0x000000dceb600000)]
  0x0000020d8d6cbdd0 JavaThread "Cache worker for cache directory md-supplier (C:\Users\23480\.gradle\caches\8.0\md-supplier)" [_thread_blocked, id=17232, stack(0x000000dceb600000,0x000000dceb700000)]
  0x0000020d8d6d3750 JavaThread "Cache worker for execution history cache (C:\Users\23480\.gradle\caches\8.0\executionHistory)" [_thread_blocked, id=6516, stack(0x000000dce9a00000,0x000000dce9b00000)]
  0x0000020d8c4dcd10 JavaThread "C2 CompilerThread1" daemon [_thread_blocked, id=9644, stack(0x000000dceb700000,0x000000dceb800000)]

Other Threads:
=>0x0000020d84a47e80 VMThread "VM Thread" [stack: 0x000000dce8d00000,0x000000dce8e00000] [id=11228]
  0x0000020d849e9470 WatcherThread [stack: 0x000000dce9900000,0x000000dce9a00000] [id=17816]
  0x0000020deabd6cb0 GCTaskThread "GC Thread#0" [stack: 0x000000dce8800000,0x000000dce8900000] [id=11296]
  0x0000020d8926fe20 GCTaskThread "GC Thread#1" [stack: 0x000000dce9c00000,0x000000dce9d00000] [id=13356]
  0x0000020d89c028b0 GCTaskThread "GC Thread#2" [stack: 0x000000dce9d00000,0x000000dce9e00000] [id=2400]
  0x0000020d89583260 GCTaskThread "GC Thread#3" [stack: 0x000000dce9e00000,0x000000dce9f00000] [id=2196]
  0x0000020d8a40a170 GCTaskThread "GC Thread#4" [stack: 0x000000dce9f00000,0x000000dcea000000] [id=6200]
  0x0000020d8b1e2dc0 GCTaskThread "GC Thread#5" [stack: 0x000000dceaa00000,0x000000dceab00000] [id=5048]
  0x0000020d89cc3ae0 GCTaskThread "GC Thread#6" [stack: 0x000000dceab00000,0x000000dceac00000] [id=2712]
  0x0000020d8b282cd0 GCTaskThread "GC Thread#7" [stack: 0x000000dceac00000,0x000000dcead00000] [id=12352]
  0x0000020deabe7c00 ConcurrentGCThread "G1 Main Marker" [stack: 0x000000dce8900000,0x000000dce8a00000] [id=16464]
  0x0000020deabe8620 ConcurrentGCThread "G1 Conc#0" [stack: 0x000000dce8a00000,0x000000dce8b00000] [id=17820]
  0x0000020d8a152c80 ConcurrentGCThread "G1 Conc#1" [stack: 0x000000dcead00000,0x000000dceae00000] [id=15876]
  0x0000020deac2d160 ConcurrentGCThread "G1 Refine#0" [stack: 0x000000dce8b00000,0x000000dce8c00000] [id=10100]
  0x0000020deac2db90 ConcurrentGCThread "G1 Service" [stack: 0x000000dce8c00000,0x000000dce8d00000] [id=14632]

Threads with active compile tasks:
C2 CompilerThread0     5007 2856       4       jdk.internal.loader.URLClassPath::getResource (74 bytes)
C1 CompilerThread0     5007 3430       3       org.codehaus.groovy.vmplugin.v9.Java9$$Lambda$400/0x0000000100551870::apply (12 bytes)
C2 CompilerThread1     5007 3397       4       java.lang.String::subSequence (7 bytes)

VM state: at safepoint (normal execution)

VM Mutex/Monitor currently owned by a thread:  ([mutex/lock_event])
[0x0000020deab749d0] Threads_lock - owner thread: 0x0000020d84a47e80
[0x0000020deab75c60] Heap_lock - owner thread: 0x0000020d8a745f30

Heap address: 0x0000000080000000, size: 2048 MB, Compressed Oops mode: 32-bit

CDS archive(s) not mapped
Compressed class space mapped at: 0x0000000100000000-0x0000000140000000, reserved size: 1073741824
Narrow klass base: 0x0000000000000000, Narrow klass shift: 3, Narrow klass range: 0x140000000

GC Precious Log:
 CPUs: 8 total, 8 available
 Memory: 7502M
 Large Page Support: Disabled
 NUMA Support: Disabled
 Compressed Oops: Enabled (32-bit)
 Heap Region Size: 1M
 Heap Min Capacity: 8M
 Heap Initial Capacity: 118M
 Heap Max Capacity: 2G
 Pre-touch: Disabled
 Parallel Workers: 8
 Concurrent Workers: 2
 Concurrent Refinement Workers: 8
 Periodic GC: Disabled

Heap:
 garbage-first heap   total 81920K, used 27655K [0x0000000080000000, 0x0000000100000000)
  region size 1024K, 4 young (4096K), 4 survivors (4096K)
 Metaspace       used 39377K, committed 39744K, reserved 1114112K
  class space    used 5190K, committed 5376K, reserved 1048576K

Heap Regions: E=young(eden), S=young(survivor), O=old, HS=humongous(starts), HC=humongous(continues), CS=collection set, F=free, OA=open archive, CA=closed archive, TAMS=top-at-mark-start (previous, next)
|   0|0x0000000080000000, 0x0000000080100000, 0x0000000080100000|100%|HS|  |TAMS 0x0000000080100000, 0x0000000080000000| Complete 
|   1|0x0000000080100000, 0x0000000080200000, 0x0000000080200000|100%|HC|  |TAMS 0x0000000080200000, 0x0000000080100000| Complete 
|   2|0x0000000080200000, 0x0000000080300000, 0x0000000080300000|100%|HC|  |TAMS 0x0000000080300000, 0x0000000080200000| Complete 
|   3|0x0000000080300000, 0x0000000080400000, 0x0000000080400000|100%|HC|  |TAMS 0x0000000080400000, 0x0000000080300000| Complete 
|   4|0x0000000080400000, 0x0000000080500000, 0x0000000080500000|100%| O|  |TAMS 0x0000000080500000, 0x0000000080400000| Untracked 
|   5|0x0000000080500000, 0x0000000080600000, 0x0000000080600000|100%| O|  |TAMS 0x0000000080600000, 0x0000000080500000| Untracked 
|   6|0x0000000080600000, 0x0000000080700000, 0x0000000080700000|100%| O|  |TAMS 0x0000000080700000, 0x0000000080600000| Untracked 
|   7|0x0000000080700000, 0x0000000080800000, 0x0000000080800000|100%| O|  |TAMS 0x0000000080800000, 0x0000000080700000| Untracked 
|   8|0x0000000080800000, 0x0000000080900000, 0x0000000080900000|100%| O|  |TAMS 0x0000000080900000, 0x0000000080800000| Untracked 
|   9|0x0000000080900000, 0x0000000080a00000, 0x0000000080a00000|100%| O|  |TAMS 0x0000000080a00000, 0x0000000080900000| Untracked 
|  10|0x0000000080a00000, 0x0000000080b00000, 0x0000000080b00000|100%| O|  |TAMS 0x0000000080b00000, 0x0000000080a00000| Untracked 
|  11|0x0000000080b00000, 0x0000000080c00000, 0x0000000080c00000|100%| O|  |TAMS 0x0000000080b00000, 0x0000000080b00000| Untracked 
|  12|0x0000000080c00000, 0x0000000080d00000, 0x0000000080d00000|100%| O|  |TAMS 0x0000000080d00000, 0x0000000080c00000| Untracked 
|  13|0x0000000080d00000, 0x0000000080e00000, 0x0000000080e00000|100%| O|  |TAMS 0x0000000080e00000, 0x0000000080d00000| Untracked 
|  14|0x0000000080e00000, 0x0000000080f00000, 0x0000000080f00000|100%| O|  |TAMS 0x0000000080f00000, 0x0000000080e00000| Untracked 
|  15|0x0000000080f00000, 0x0000000081000000, 0x0000000081000000|100%| O|  |TAMS 0x0000000081000000, 0x0000000080f00000| Untracked 
|  16|0x0000000081000000, 0x0000000081100000, 0x0000000081100000|100%| O|  |TAMS 0x0000000081100000, 0x0000000081000000| Untracked 
|  17|0x0000000081100000, 0x0000000081200000, 0x0000000081200000|100%| O|  |TAMS 0x0000000081200000, 0x0000000081100000| Untracked 
|  18|0x0000000081200000, 0x0000000081300000, 0x0000000081300000|100%| O|  |TAMS 0x0000000081300000, 0x0000000081200000| Untracked 
|  19|0x0000000081300000, 0x0000000081400000, 0x0000000081400000|100%| O|  |TAMS 0x0000000081400000, 0x0000000081300000| Untracked 
|  20|0x0000000081400000, 0x0000000081500000, 0x0000000081500000|100%| O|  |TAMS 0x00000000814be600, 0x0000000081400000| Untracked 
|  21|0x0000000081500000, 0x0000000081600000, 0x0000000081600000|100%| O|  |TAMS 0x0000000081500000, 0x0000000081500000| Untracked 
|  22|0x0000000081600000, 0x0000000081700000, 0x0000000081700000|100%| O|  |TAMS 0x0000000081600000, 0x0000000081600000| Untracked 
|  23|0x0000000081700000, 0x0000000081722c00, 0x0000000081800000| 13%| O|  |TAMS 0x0000000081700000, 0x0000000081700000| Untracked 
|  24|0x0000000081800000, 0x0000000081800000, 0x0000000081900000|  0%| F|  |TAMS 0x0000000081800000, 0x0000000081800000| Untracked 
|  25|0x0000000081900000, 0x0000000081900000, 0x0000000081a00000|  0%| F|  |TAMS 0x0000000081900000, 0x0000000081900000| Untracked 
|  26|0x0000000081a00000, 0x0000000081a00000, 0x0000000081b00000|  0%| F|  |TAMS 0x0000000081a00000, 0x0000000081a00000| Untracked 
|  27|0x0000000081b00000, 0x0000000081b00000, 0x0000000081c00000|  0%| F|  |TAMS 0x0000000081b00000, 0x0000000081b00000| Untracked 
|  28|0x0000000081c00000, 0x0000000081c00000, 0x0000000081d00000|  0%| F|  |TAMS 0x0000000081c00000, 0x0000000081c00000| Untracked 
|  29|0x0000000081d00000, 0x0000000081d00000, 0x0000000081e00000|  0%| F|  |TAMS 0x0000000081d00000, 0x0000000081d00000| Untracked 
|  30|0x0000000081e00000, 0x0000000081e00000, 0x0000000081f00000|  0%| F|  |TAMS 0x0000000081e00000, 0x0000000081e00000| Untracked 
|  31|0x0000000081f00000, 0x0000000081f00000, 0x0000000082000000|  0%| F|  |TAMS 0x0000000081f00000, 0x0000000081f00000| Untracked 
|  32|0x0000000082000000, 0x0000000082000000, 0x0000000082100000|  0%| F|  |TAMS 0x0000000082000000, 0x0000000082000000| Untracked 
|  33|0x0000000082100000, 0x0000000082100000, 0x0000000082200000|  0%| F|  |TAMS 0x0000000082100000, 0x0000000082100000| Untracked 
|  34|0x0000000082200000, 0x0000000082200000, 0x0000000082300000|  0%| F|  |TAMS 0x0000000082200000, 0x0000000082200000| Untracked 
|  35|0x0000000082300000, 0x00000000823df270, 0x0000000082400000| 87%| S|CS|TAMS 0x0000000082300000, 0x0000000082300000| Complete 
|  36|0x0000000082400000, 0x0000000082500000, 0x0000000082500000|100%| S|CS|TAMS 0x0000000082400000, 0x0000000082400000| Complete 
|  37|0x0000000082500000, 0x0000000082600000, 0x0000000082600000|100%| S|CS|TAMS 0x0000000082500000, 0x0000000082500000| Complete 
|  38|0x0000000082600000, 0x0000000082700000, 0x0000000082700000|100%| S|CS|TAMS 0x0000000082600000, 0x0000000082600000| Complete 
|  39|0x0000000082700000, 0x0000000082700000, 0x0000000082800000|  0%| F|  |TAMS 0x0000000082700000, 0x0000000082700000| Untracked 
|  40|0x0000000082800000, 0x0000000082800000, 0x0000000082900000|  0%| F|  |TAMS 0x0000000082800000, 0x0000000082800000| Untracked 
|  41|0x0000000082900000, 0x0000000082900000, 0x0000000082a00000|  0%| F|  |TAMS 0x0000000082900000, 0x0000000082900000| Untracked 
|  42|0x0000000082a00000, 0x0000000082a00000, 0x0000000082b00000|  0%| F|  |TAMS 0x0000000082a00000, 0x0000000082a00000| Untracked 
|  43|0x0000000082b00000, 0x0000000082b00000, 0x0000000082c00000|  0%| F|  |TAMS 0x0000000082b00000, 0x0000000082b00000| Untracked 
|  44|0x0000000082c00000, 0x0000000082c00000, 0x0000000082d00000|  0%| F|  |TAMS 0x0000000082c00000, 0x0000000082c00000| Untracked 
|  45|0x0000000082d00000, 0x0000000082d00000, 0x0000000082e00000|  0%| F|  |TAMS 0x0000000082d00000, 0x0000000082d00000| Untracked 
|  46|0x0000000082e00000, 0x0000000082e00000, 0x0000000082f00000|  0%| F|  |TAMS 0x0000000082e00000, 0x0000000082e00000| Untracked 
|  47|0x0000000082f00000, 0x0000000082f00000, 0x0000000083000000|  0%| F|  |TAMS 0x0000000082f00000, 0x0000000082f00000| Untracked 
|  48|0x0000000083000000, 0x0000000083000000, 0x0000000083100000|  0%| F|  |TAMS 0x0000000083000000, 0x0000000083000000| Untracked 
|  49|0x0000000083100000, 0x0000000083100000, 0x0000000083200000|  0%| F|  |TAMS 0x0000000083100000, 0x0000000083100000| Untracked 
|  50|0x0000000083200000, 0x0000000083200000, 0x0000000083300000|  0%| F|  |TAMS 0x0000000083200000, 0x0000000083200000| Untracked 
|  51|0x0000000083300000, 0x0000000083300000, 0x0000000083400000|  0%| F|  |TAMS 0x0000000083300000, 0x0000000083300000| Untracked 
|  52|0x0000000083400000, 0x0000000083400000, 0x0000000083500000|  0%| F|  |TAMS 0x0000000083400000, 0x0000000083400000| Untracked 
|  53|0x0000000083500000, 0x0000000083500000, 0x0000000083600000|  0%| F|  |TAMS 0x0000000083500000, 0x0000000083500000| Untracked 
|  54|0x0000000083600000, 0x0000000083600000, 0x0000000083700000|  0%| F|  |TAMS 0x0000000083600000, 0x0000000083600000| Untracked 
|  55|0x0000000083700000, 0x0000000083700000, 0x0000000083800000|  0%| F|  |TAMS 0x0000000083700000, 0x0000000083700000| Untracked 
|  56|0x0000000083800000, 0x0000000083800000, 0x0000000083900000|  0%| F|  |TAMS 0x0000000083800000, 0x0000000083800000| Untracked 
|  57|0x0000000083900000, 0x0000000083900000, 0x0000000083a00000|  0%| F|  |TAMS 0x0000000083900000, 0x0000000083900000| Untracked 
|  58|0x0000000083a00000, 0x0000000083a00000, 0x0000000083b00000|  0%| F|  |TAMS 0x0000000083a00000, 0x0000000083a00000| Untracked 
|  59|0x0000000083b00000, 0x0000000083b00000, 0x0000000083c00000|  0%| F|  |TAMS 0x0000000083b00000, 0x0000000083b00000| Untracked 
|  60|0x0000000083c00000, 0x0000000083c00000, 0x0000000083d00000|  0%| F|  |TAMS 0x0000000083c00000, 0x0000000083c00000| Untracked 
|  61|0x0000000083d00000, 0x0000000083d00000, 0x0000000083e00000|  0%| F|  |TAMS 0x0000000083d00000, 0x0000000083d00000| Untracked 
|  62|0x0000000083e00000, 0x0000000083e00000, 0x0000000083f00000|  0%| F|  |TAMS 0x0000000083e00000, 0x0000000083e00000| Untracked 
|  63|0x0000000083f00000, 0x0000000083f00000, 0x0000000084000000|  0%| F|  |TAMS 0x0000000083f00000, 0x0000000083f00000| Untracked 
|  64|0x0000000084000000, 0x0000000084000000, 0x0000000084100000|  0%| F|  |TAMS 0x0000000084000000, 0x0000000084000000| Untracked 
|  65|0x0000000084100000, 0x0000000084100000, 0x0000000084200000|  0%| F|  |TAMS 0x0000000084100000, 0x0000000084100000| Untracked 
|  66|0x0000000084200000, 0x0000000084200000, 0x0000000084300000|  0%| F|  |TAMS 0x0000000084200000, 0x0000000084200000| Untracked 
|  67|0x0000000084300000, 0x0000000084300000, 0x0000000084400000|  0%| F|  |TAMS 0x0000000084300000, 0x0000000084300000| Untracked 
|  68|0x0000000084400000, 0x0000000084400000, 0x0000000084500000|  0%| F|  |TAMS 0x0000000084400000, 0x0000000084400000| Untracked 
|  69|0x0000000084500000, 0x0000000084500000, 0x0000000084600000|  0%| F|  |TAMS 0x0000000084500000, 0x0000000084500000| Untracked 
|  70|0x0000000084600000, 0x0000000084600000, 0x0000000084700000|  0%| F|  |TAMS 0x0000000084600000, 0x0000000084600000| Untracked 
|  71|0x0000000084700000, 0x0000000084700000, 0x0000000084800000|  0%| F|  |TAMS 0x0000000084700000, 0x0000000084700000| Untracked 
|  72|0x0000000084800000, 0x0000000084800000, 0x0000000084900000|  0%| F|  |TAMS 0x0000000084800000, 0x0000000084800000| Untracked 
|  73|0x0000000084900000, 0x0000000084900000, 0x0000000084a00000|  0%| F|  |TAMS 0x0000000084900000, 0x0000000084900000| Untracked 
|  74|0x0000000084a00000, 0x0000000084a00000, 0x0000000084b00000|  0%| F|  |TAMS 0x0000000084a00000, 0x0000000084a00000| Untracked 
|  75|0x0000000084b00000, 0x0000000084b00000, 0x0000000084c00000|  0%| F|  |TAMS 0x0000000084b00000, 0x0000000084b00000| Untracked 
|  76|0x0000000084c00000, 0x0000000084c00000, 0x0000000084d00000|  0%| F|  |TAMS 0x0000000084c00000, 0x0000000084c00000| Untracked 
|  77|0x0000000084d00000, 0x0000000084d00000, 0x0000000084e00000|  0%| F|  |TAMS 0x0000000084d00000, 0x0000000084d00000| Untracked 
|  78|0x0000000084e00000, 0x0000000084e00000, 0x0000000084f00000|  0%| F|  |TAMS 0x0000000084e00000, 0x0000000084e00000| Untracked 
| 117|0x0000000087500000, 0x0000000087500000, 0x0000000087600000|  0%| F|  |TAMS 0x0000000087500000, 0x0000000087500000| Untracked 

Card table byte_map: [0x0000020dfd780000,0x0000020dfdb80000] _byte_map_base: 0x0000020dfd380000

Marking Bits (Prev, Next): (CMBitMap*) 0x0000020deabd72d0, (CMBitMap*) 0x0000020deabd7310
 Prev Bits: [0x0000020dfdf80000, 0x0000020dfff80000)
 Next Bits: [0x0000020d80000000, 0x0000020d82000000)

Polling page: 0x0000020de8ae0000

Metaspace:

Usage:
  Non-class:     33.39 MB used.
      Class:      5.07 MB used.
       Both:     38.45 MB used.

Virtual space:
  Non-class space:       64.00 MB reserved,      33.56 MB ( 52%) committed,  1 nodes.
      Class space:        1.00 GB reserved,       5.25 MB ( <1%) committed,  1 nodes.
             Both:        1.06 GB reserved,      38.81 MB (  4%) committed. 

Chunk freelists:
   Non-Class:  13.95 MB
       Class:  10.66 MB
        Both:  24.61 MB

MaxMetaspaceSize: unlimited
CompressedClassSpaceSize: 1.00 GB
Initial GC threshold: 21.00 MB
Current GC threshold: 59.00 MB
CDS: off
MetaspaceReclaimPolicy: balanced
 - commit_granule_bytes: 65536.
 - commit_granule_words: 8192.
 - virtual_space_node_default_size: 8388608.
 - enlarge_chunks_in_place: 1.
 - new_chunks_are_fully_committed: 0.
 - uncommit_free_chunks: 1.
 - use_allocation_guard: 0.
 - handle_deallocations: 1.


Internal statistics:

num_allocs_failed_limit: 6.
num_arena_births: 294.
num_arena_deaths: 0.
num_vsnodes_births: 2.
num_vsnodes_deaths: 0.
num_space_committed: 621.
num_space_uncommitted: 0.
num_chunks_returned_to_freelist: 6.
num_chunks_taken_from_freelist: 1352.
num_chunk_merges: 3.
num_chunk_splits: 901.
num_chunks_enlarged: 650.
num_inconsistent_stats: 0.

CodeHeap 'non-profiled nmethods': size=120000Kb used=1838Kb max_used=1838Kb free=118161Kb
 bounds [0x0000020df5b20000, 0x0000020df5d90000, 0x0000020dfd050000]
CodeHeap 'profiled nmethods': size=120000Kb used=6992Kb max_used=6992Kb free=113007Kb
 bounds [0x0000020dee050000, 0x0000020dee730000, 0x0000020df5580000]
CodeHeap 'non-nmethods': size=5760Kb used=1580Kb max_used=1600Kb free=4179Kb
 bounds [0x0000020df5580000, 0x0000020df57f0000, 0x0000020df5b20000]
 total_blobs=4055 nmethods=3410 adapters=557
 compilation: enabled
              stopped_count=0, restarted_count=0
 full_count=0

Compilation events (20 events):
Event: 4.977 Thread 0x0000020d84a745a0 nmethod 3417 0x0000020dee720210 code [0x0000020dee7203c0, 0x0000020dee720698]
Event: 4.977 Thread 0x0000020d84a745a0 3418       3       java.util.stream.ReduceOps$3ReducingSink::begin (14 bytes)
Event: 4.977 Thread 0x0000020d84a745a0 nmethod 3418 0x0000020dee720790 code [0x0000020dee720940, 0x0000020dee720b68]
Event: 4.977 Thread 0x0000020d84a745a0 3420       3       java.util.stream.Collectors$CollectorImpl::<init> (13 bytes)
Event: 4.977 Thread 0x0000020d84a745a0 nmethod 3420 0x0000020dee720c10 code [0x0000020dee720de0, 0x0000020dee721378]
Event: 4.977 Thread 0x0000020d84a745a0 3421       3       java.util.stream.Collectors::castingIdentity (6 bytes)
Event: 4.977 Thread 0x0000020d84a745a0 nmethod 3421 0x0000020dee721510 code [0x0000020dee7216c0, 0x0000020dee721918]
Event: 4.977 Thread 0x0000020d84a745a0 3422       3       java.util.stream.Collectors$$Lambda$53/0x0000000100162708::get (8 bytes)
Event: 4.977 Thread 0x0000020d84a745a0 nmethod 3422 0x0000020dee721a10 code [0x0000020dee721be0, 0x0000020dee722098]
Event: 4.977 Thread 0x0000020d84a745a0 3423       3       org.codehaus.groovy.vmplugin.v9.Java9$$Lambda$405/0x0000000100551d50::test (12 bytes)
Event: 4.977 Thread 0x0000020d84a745a0 nmethod 3423 0x0000020dee722290 code [0x0000020dee722440, 0x0000020dee722748]
Event: 4.977 Thread 0x0000020d84a745a0 3424       3       org.codehaus.groovy.vmplugin.v9.Java9::lambda$doFindClasses$1 (8 bytes)
Event: 4.977 Thread 0x0000020d84a745a0 nmethod 3424 0x0000020dee722890 code [0x0000020dee722a40, 0x0000020dee722be8]
Event: 4.977 Thread 0x0000020d84a745a0 3425       3       java.util.stream.Collectors$$Lambda$402/0x000000010050d970::accept (17 bytes)
Event: 4.977 Thread 0x0000020d84a745a0 nmethod 3425 0x0000020dee722c90 code [0x0000020dee722e40, 0x0000020dee723088]
Event: 4.977 Thread 0x0000020d84a745a0 3426       3       java.util.stream.Collectors::lambda$uniqKeysMapAccumulator$1 (49 bytes)
Event: 4.977 Thread 0x0000020d84a745a0 nmethod 3426 0x0000020dee723190 code [0x0000020dee723380, 0x0000020dee7238c8]
Event: 4.977 Thread 0x0000020d84a745a0 3429       3       org.codehaus.groovy.vmplugin.v9.Java9$$Lambda$399/0x0000000100551610::apply (10 bytes)
Event: 4.978 Thread 0x0000020d84a745a0 nmethod 3429 0x0000020dee723b10 code [0x0000020dee723cc0, 0x0000020dee723f88]
Event: 4.978 Thread 0x0000020d84a745a0 3430       3       org.codehaus.groovy.vmplugin.v9.Java9$$Lambda$400/0x0000000100551870::apply (12 bytes)

GC Heap History (17 events):
Event: 0.712 GC heap before
{Heap before GC invocations=0 (full 0):
 garbage-first heap   total 120832K, used 26624K [0x0000000080000000, 0x0000000100000000)
  region size 1024K, 23 young (23552K), 0 survivors (0K)
 Metaspace       used 10303K, committed 10496K, reserved 1114112K
  class space    used 1060K, committed 1152K, reserved 1048576K
}
Event: 0.717 GC heap after
{Heap after GC invocations=1 (full 0):
 garbage-first heap   total 120832K, used 10218K [0x0000000080000000, 0x0000000100000000)
  region size 1024K, 3 young (3072K), 3 survivors (3072K)
 Metaspace       used 10303K, committed 10496K, reserved 1114112K
  class space    used 1060K, committed 1152K, reserved 1048576K
}
Event: 1.156 GC heap before
{Heap before GC invocations=1 (full 0):
 garbage-first heap   total 120832K, used 40938K [0x0000000080000000, 0x0000000100000000)
  region size 1024K, 32 young (32768K), 3 survivors (3072K)
 Metaspace       used 11239K, committed 11456K, reserved 1114112K
  class space    used 1163K, committed 1280K, reserved 1048576K
}
Event: 1.162 GC heap after
{Heap after GC invocations=2 (full 0):
 garbage-first heap   total 120832K, used 14480K [0x0000000080000000, 0x0000000100000000)
  region size 1024K, 4 young (4096K), 4 survivors (4096K)
 Metaspace       used 11239K, committed 11456K, reserved 1114112K
  class space    used 1163K, committed 1280K, reserved 1048576K
}
Event: 2.093 GC heap before
{Heap before GC invocations=2 (full 0):
 garbage-first heap   total 120832K, used 49296K [0x0000000080000000, 0x0000000100000000)
  region size 1024K, 39 young (39936K), 4 survivors (4096K)
 Metaspace       used 21264K, committed 21504K, reserved 1114112K
  class space    used 2537K, committed 2688K, reserved 1048576K
}
Event: 2.099 GC heap after
{Heap after GC invocations=3 (full 0):
 garbage-first heap   total 120832K, used 18391K [0x0000000080000000, 0x0000000100000000)
  region size 1024K, 8 young (8192K), 8 survivors (8192K)
 Metaspace       used 21264K, committed 21504K, reserved 1114112K
  class space    used 2537K, committed 2688K, reserved 1048576K
}
Event: 3.295 GC heap before
{Heap before GC invocations=4 (full 0):
 garbage-first heap   total 68608K, used 51159K [0x0000000080000000, 0x0000000100000000)
  region size 1024K, 40 young (40960K), 8 survivors (8192K)
 Metaspace       used 26389K, committed 26688K, reserved 1114112K
  class space    used 3431K, committed 3520K, reserved 1048576K
}
Event: 3.307 GC heap after
{Heap after GC invocations=5 (full 0):
 garbage-first heap   total 68608K, used 20416K [0x0000000080000000, 0x0000000100000000)
  region size 1024K, 3 young (3072K), 3 survivors (3072K)
 Metaspace       used 26389K, committed 26688K, reserved 1114112K
  class space    used 3431K, committed 3520K, reserved 1048576K
}
Event: 3.333 GC heap before
{Heap before GC invocations=5 (full 0):
 garbage-first heap   total 68608K, used 21440K [0x0000000080000000, 0x0000000100000000)
  region size 1024K, 4 young (4096K), 3 survivors (3072K)
 Metaspace       used 26515K, committed 26816K, reserved 1114112K
  class space    used 3450K, committed 3584K, reserved 1048576K
}
Event: 3.336 GC heap after
{Heap after GC invocations=6 (full 0):
 garbage-first heap   total 68608K, used 20538K [0x0000000080000000, 0x0000000100000000)
  region size 1024K, 1 young (1024K), 1 survivors (1024K)
 Metaspace       used 26515K, committed 26816K, reserved 1114112K
  class space    used 3450K, committed 3584K, reserved 1048576K
}
Event: 4.111 GC heap before
{Heap before GC invocations=6 (full 0):
 garbage-first heap   total 68608K, used 47162K [0x0000000080000000, 0x0000000100000000)
  region size 1024K, 27 young (27648K), 1 survivors (1024K)
 Metaspace       used 30661K, committed 30976K, reserved 1114112K
  class space    used 4131K, committed 4288K, reserved 1048576K
}
Event: 4.114 GC heap after
{Heap after GC invocations=7 (full 0):
 garbage-first heap   total 68608K, used 21833K [0x0000000080000000, 0x0000000100000000)
  region size 1024K, 2 young (2048K), 2 survivors (2048K)
 Metaspace       used 30661K, committed 30976K, reserved 1114112K
  class space    used 4131K, committed 4288K, reserved 1048576K
}
Event: 4.658 GC heap before
{Heap before GC invocations=7 (full 0):
 garbage-first heap   total 68608K, used 49481K [0x0000000080000000, 0x0000000100000000)
  region size 1024K, 29 young (29696K), 2 survivors (2048K)
 Metaspace       used 35499K, committed 35840K, reserved 1114112K
  class space    used 4785K, committed 4928K, reserved 1048576K
}
Event: 4.662 GC heap after
{Heap after GC invocations=8 (full 0):
 garbage-first heap   total 68608K, used 23794K [0x0000000080000000, 0x0000000100000000)
  region size 1024K, 4 young (4096K), 4 survivors (4096K)
 Metaspace       used 35499K, committed 35840K, reserved 1114112K
  class space    used 4785K, committed 4928K, reserved 1048576K
}
Event: 4.685 GC heap before
{Heap before GC invocations=8 (full 0):
 garbage-first heap   total 68608K, used 24818K [0x0000000080000000, 0x0000000100000000)
  region size 1024K, 6 young (6144K), 4 survivors (4096K)
 Metaspace       used 35685K, committed 35968K, reserved 1114112K
  class space    used 4803K, committed 4928K, reserved 1048576K
}
Event: 4.690 GC heap after
{Heap after GC invocations=9 (full 0):
 garbage-first heap   total 68608K, used 24062K [0x0000000080000000, 0x0000000100000000)
  region size 1024K, 3 young (3072K), 3 survivors (3072K)
 Metaspace       used 35685K, committed 35968K, reserved 1114112K
  class space    used 4803K, committed 4928K, reserved 1048576K
}
Event: 4.978 GC heap before
{Heap before GC invocations=10 (full 0):
 garbage-first heap   total 68608K, used 48638K [0x0000000080000000, 0x0000000100000000)
  region size 1024K, 28 young (28672K), 3 survivors (3072K)
 Metaspace       used 39377K, committed 39744K, reserved 1114112K
  class space    used 5190K, committed 5376K, reserved 1048576K
}

Dll operation events (2 events):
Event: 0.008 Loaded shared library C:\Program Files\Android\Android Studio\jbr\bin\java.dll
Event: 0.385 Loaded shared library C:\Program Files\Android\Android Studio\jbr\bin\verify.dll

Deoptimization events (20 events):
Event: 4.788 Thread 0x0000020d8a745f30 Uncommon trap: trap_request=0xffffff54 fr.pc=0x0000020df5bbc2dc relative=0x000000000000141c
Event: 4.788 Thread 0x0000020d8a745f30 Uncommon trap: reason=speculate_null_assert action=make_not_entrant pc=0x0000020df5bbc2dc method=jdk.internal.loader.URLClassPath$JarLoader.getResource(Ljava/lang/String;ZLjava/util/Set;)Ljdk/internal/loader/Resource; @ 17 c2
Event: 4.788 Thread 0x0000020d8a745f30 DEOPT PACKING pc=0x0000020df5bbc2dc sp=0x000000dcea6f7990
Event: 4.788 Thread 0x0000020d8a745f30 DEOPT UNPACKING pc=0x0000020df55d69a3 sp=0x000000dcea6f7928 mode 2
Event: 4.836 Thread 0x0000020d8a745f30 Uncommon trap: trap_request=0xffffff45 fr.pc=0x0000020df5c4c3f4 relative=0x0000000000004914
Event: 4.836 Thread 0x0000020d8a745f30 Uncommon trap: reason=unstable_if action=reinterpret pc=0x0000020df5c4c3f4 method=java.lang.ClassLoader.getClassLoadingLock(Ljava/lang/String;)Ljava/lang/Object; @ 6 c2
Event: 4.836 Thread 0x0000020d8a745f30 DEOPT PACKING pc=0x0000020df5c4c3f4 sp=0x000000dcea6f8ba0
Event: 4.836 Thread 0x0000020d8a745f30 DEOPT UNPACKING pc=0x0000020df55d69a3 sp=0x000000dcea6f8b80 mode 2
Event: 4.843 Thread 0x0000020d8a745f30 Uncommon trap: trap_request=0xffffffc6 fr.pc=0x0000020df5ca2140 relative=0x0000000000004100
Event: 4.843 Thread 0x0000020d8a745f30 Uncommon trap: reason=bimorphic_or_optimized_type_check action=maybe_recompile pc=0x0000020df5ca2140 method=java.net.URL.<init>(Ljava/net/URL;Ljava/lang/String;Ljava/net/URLStreamHandler;)V @ 504 c2
Event: 4.843 Thread 0x0000020d8a745f30 DEOPT PACKING pc=0x0000020df5ca2140 sp=0x000000dcea6f82a0
Event: 4.843 Thread 0x0000020d8a745f30 DEOPT UNPACKING pc=0x0000020df55d69a3 sp=0x000000dcea6f8260 mode 2
Event: 4.910 Thread 0x0000020d8a745f30 Uncommon trap: trap_request=0xffffff45 fr.pc=0x0000020df5c16400 relative=0x00000000000000e0
Event: 4.910 Thread 0x0000020d8a745f30 Uncommon trap: reason=unstable_if action=reinterpret pc=0x0000020df5c16400 method=java.lang.ClassLoader.getClassLoadingLock(Ljava/lang/String;)Ljava/lang/Object; @ 6 c2
Event: 4.910 Thread 0x0000020d8a745f30 DEOPT PACKING pc=0x0000020df5c16400 sp=0x000000dcea6f8be0
Event: 4.910 Thread 0x0000020d8a745f30 DEOPT UNPACKING pc=0x0000020df55d69a3 sp=0x000000dcea6f8b80 mode 2
Event: 4.912 Thread 0x0000020d8a745f30 Uncommon trap: trap_request=0xffffff6e fr.pc=0x0000020df5cde8ec relative=0x000000000000048c
Event: 4.912 Thread 0x0000020d8a745f30 Uncommon trap: reason=loop_limit_check action=maybe_recompile pc=0x0000020df5cde8ec method=java.util.regex.Pattern$Start.match(Ljava/util/regex/Matcher;ILjava/lang/CharSequence;)Z @ 34 c2
Event: 4.912 Thread 0x0000020d8a745f30 DEOPT PACKING pc=0x0000020df5cde8ec sp=0x000000dcea6f8920
Event: 4.912 Thread 0x0000020d8a745f30 DEOPT UNPACKING pc=0x0000020df55d69a3 sp=0x000000dcea6f8860 mode 2

Classes unloaded (0 events):
No events

Classes redefined (0 events):
No events

Internal exceptions (20 events):
Event: 4.170 Thread 0x0000020d8a745f30 Exception <a 'java/lang/NoSuchMethodError'{0x0000000084da5290}: 'java.lang.Object java.lang.invoke.DirectMethodHandle$Holder.invokeSpecial(java.lang.Object, java.lang.Object, java.lang.Object, java.lang.Object, java.lang.Object, java.lang.Object, java.lang.Object, java.lang.Object, java.lang.Object, java.lang.Object, java.lang.Object, java.lang.Object, java.lang.Object, java.lang.Object)'> (0x0000000084da5290) 
thrown [s\src\hotspot\share\interpreter\linkResolver.cpp, line 771]
Event: 4.170 Thread 0x0000020d8a745f30 Exception <a 'java/lang/NoSuchMethodError'{0x0000000084db78b8}: 'java.lang.Object java.lang.invoke.DirectMethodHandle$Holder.newInvokeSpecial(java.lang.Object, java.lang.Object, java.lang.Object, java.lang.Object, java.lang.Object, java.lang.Object, java.lang.Object, java.lang.Object, java.lang.Object, java.lang.Object, java.lang.Object, java.lang.Object)'> (0x0000000084db78b8) 
thrown [s\src\hotspot\share\interpreter\linkResolver.cpp, line 771]
Event: 4.171 Thread 0x0000020d8a745f30 Exception <a 'java/lang/NoSuchMethodError'{0x0000000084dbd250}: 'java.lang.Object java.lang.invoke.Invokers$Holder.linkToTargetMethod(java.lang.Object, java.lang.Object, java.lang.Object, java.lang.Object, java.lang.Object, java.lang.Object, java.lang.Object, java.lang.Object, java.lang.Object, java.lang.Object, java.lang.Object, java.lang.Object)'> (0x0000000084dbd250) 
thrown [s\src\hotspot\share\interpreter\linkResolver.cpp, line 771]
Event: 4.185 Thread 0x0000020d8a745f30 Exception <a 'java/lang/NoSuchMethodError'{0x0000000084c50670}: 'java.lang.Object java.lang.invoke.DirectMethodHandle$Holder.invokeStaticInit(java.lang.Object, java.lang.Object, java.lang.Object, java.lang.Object)'> (0x0000000084c50670) 
thrown [s\src\hotspot\share\interpreter\linkResolver.cpp, line 771]
Event: 4.446 Thread 0x0000020d8a745f30 Exception <a 'java/lang/NoSuchMethodError'{0x00000000836ac428}: 'java.lang.Object java.lang.invoke.DirectMethodHandle$Holder.newInvokeSpecial(java.lang.Object, java.lang.Object, java.lang.Object, java.lang.Object, java.lang.Object, java.lang.Object, java.lang.Object, java.lang.Object)'> (0x00000000836ac428) 
thrown [s\src\hotspot\share\interpreter\linkResolver.cpp, line 771]
Event: 4.446 Thread 0x0000020d8a745f30 Exception <a 'java/lang/NoSuchMethodError'{0x00000000836b2208}: 'java.lang.Object java.lang.invoke.Invokers$Holder.linkToTargetMethod(java.lang.Object, java.lang.Object, java.lang.Object, java.lang.Object, java.lang.Object, java.lang.Object, java.lang.Object, java.lang.Object)'> (0x00000000836b2208) 
thrown [s\src\hotspot\share\interpreter\linkResolver.cpp, line 771]
Event: 4.453 Thread 0x0000020d8a745f30 Exception <a 'java/lang/IncompatibleClassChangeError'{0x0000000083520e90}: Found class java.lang.Object, but interface was expected> (0x0000000083520e90) 
thrown [s\src\hotspot\share\interpreter\linkResolver.cpp, line 838]
Event: 4.520 Thread 0x0000020d8a745f30 Exception <a 'java/lang/NoSuchMethodError'{0x0000000083008d30}: 'java.lang.Object java.lang.invoke.DirectMethodHandle$Holder.newInvokeSpecial(java.lang.Object, java.lang.Object, int, int)'> (0x0000000083008d30) 
thrown [s\src\hotspot\share\interpreter\linkResolver.cpp, line 771]
Event: 4.600 Thread 0x0000020d8a745f30 Exception <a 'java/lang/NoSuchMethodError'{0x0000000082b95398}: 'void java.lang.invoke.DirectMethodHandle$Holder.invokeStaticInit(java.lang.Object, java.lang.Object, java.lang.Object)'> (0x0000000082b95398) 
thrown [s\src\hotspot\share\interpreter\linkResolver.cpp, line 771]
Event: 4.601 Thread 0x0000020d8a745f30 Exception <a 'java/lang/NoSuchMethodError'{0x0000000082b9c838}: 'void java.lang.invoke.DirectMethodHandle$Holder.invokeStaticInit(java.lang.Object, java.lang.Object, java.lang.Object, java.lang.Object)'> (0x0000000082b9c838) 
thrown [s\src\hotspot\share\interpreter\linkResolver.cpp, line 771]
Event: 4.604 Thread 0x0000020d8a745f30 Exception <a 'java/lang/NoSuchMethodError'{0x0000000082bbe818}: 'void java.lang.invoke.DirectMethodHandle$Holder.invokeStaticInit(java.lang.Object, java.lang.Object, java.lang.Object, java.lang.Object, java.lang.Object)'> (0x0000000082bbe818) 
thrown [s\src\hotspot\share\interpreter\linkResolver.cpp, line 771]
Event: 4.604 Thread 0x0000020d8a745f30 Exception <a 'java/lang/NoSuchMethodError'{0x0000000082bc65e0}: 'int java.lang.invoke.DirectMethodHandle$Holder.invokeStaticInit(java.lang.Object, java.lang.Object, java.lang.Object)'> (0x0000000082bc65e0) 
thrown [s\src\hotspot\share\interpreter\linkResolver.cpp, line 771]
Event: 4.612 Thread 0x0000020d8a745f30 Exception <a 'java/lang/NoSuchMethodError'{0x0000000082a1ceb0}: 'int java.lang.invoke.DirectMethodHandle$Holder.invokeStaticInit(java.lang.Object, java.lang.Object, java.lang.Object, java.lang.Object)'> (0x0000000082a1ceb0) 
thrown [s\src\hotspot\share\interpreter\linkResolver.cpp, line 771]
Event: 4.789 Thread 0x0000020d8a745f30 Exception <a 'java/lang/ClassNotFoundException'{0x0000000084978e78}: groovy/lang/ExpandoMetaClassBeanInfo> (0x0000000084978e78) 
thrown [s\src\hotspot\share\classfile\systemDictionary.cpp, line 256]
Event: 4.790 Thread 0x0000020d8a745f30 Exception <a 'java/lang/ClassNotFoundException'{0x000000008498f710}: groovy/lang/MetaClassImplBeanInfo> (0x000000008498f710) 
thrown [s\src\hotspot\share\classfile\systemDictionary.cpp, line 256]
Event: 4.790 Thread 0x0000020d8a745f30 Exception <a 'java/lang/ClassNotFoundException'{0x00000000849946c8}: java/lang/ObjectBeanInfo> (0x00000000849946c8) 
thrown [s\src\hotspot\share\classfile\systemDictionary.cpp, line 256]
Event: 4.791 Thread 0x0000020d8a745f30 Exception <a 'java/lang/ClassNotFoundException'{0x0000000084999d38}: java/lang/ObjectCustomizer> (0x0000000084999d38) 
thrown [s\src\hotspot\share\classfile\systemDictionary.cpp, line 256]
Event: 4.793 Thread 0x0000020d8a745f30 Exception <a 'java/lang/IncompatibleClassChangeError'{0x000000008499e760}: Found class java.lang.Object, but interface was expected> (0x000000008499e760) 
thrown [s\src\hotspot\share\interpreter\linkResolver.cpp, line 838]
Event: 4.796 Thread 0x0000020d8a745f30 Exception <a 'java/lang/ClassNotFoundException'{0x00000000849b9fb8}: groovy/lang/MetaClassImplCustomizer> (0x00000000849b9fb8) 
thrown [s\src\hotspot\share\classfile\systemDictionary.cpp, line 256]
Event: 4.799 Thread 0x0000020d8a745f30 Exception <a 'java/lang/ClassNotFoundException'{0x00000000849ef570}: groovy/lang/ExpandoMetaClassCustomizer> (0x00000000849ef570) 
thrown [s\src\hotspot\share\classfile\systemDictionary.cpp, line 256]

VM Operations (20 events):
Event: 4.690 Executing VM operation: CollectForMetadataAllocation done
Event: 4.702 Executing VM operation: G1PauseRemark
Event: 4.704 Executing VM operation: G1PauseRemark done
Event: 4.707 Executing VM operation: HandshakeAllThreads
Event: 4.707 Executing VM operation: HandshakeAllThreads done
Event: 4.708 Executing VM operation: G1PauseCleanup
Event: 4.709 Executing VM operation: G1PauseCleanup done
Event: 4.739 Executing VM operation: HandshakeAllThreads
Event: 4.739 Executing VM operation: HandshakeAllThreads done
Event: 4.843 Executing VM operation: HandshakeAllThreads
Event: 4.844 Executing VM operation: HandshakeAllThreads done
Event: 4.844 Executing VM operation: HandshakeAllThreads
Event: 4.844 Executing VM operation: HandshakeAllThreads done
Event: 4.848 Executing VM operation: HandshakeAllThreads
Event: 4.848 Executing VM operation: HandshakeAllThreads done
Event: 4.851 Executing VM operation: HandshakeAllThreads
Event: 4.851 Executing VM operation: HandshakeAllThreads done
Event: 4.917 Executing VM operation: HandshakeAllThreads
Event: 4.918 Executing VM operation: HandshakeAllThreads done
Event: 4.978 Executing VM operation: G1CollectForAllocation

Events (20 events):
Event: 4.915 loading class jdk/internal/jimage/ImageReader$Directory
Event: 4.915 loading class jdk/internal/jimage/ImageReader$Node
Event: 4.916 loading class jdk/internal/jimage/ImageReader$Node done
Event: 4.916 loading class jdk/internal/jimage/ImageReader$Directory done
Event: 4.916 loading class jdk/internal/jrtfs/SystemImage$1
Event: 4.916 loading class jdk/internal/jrtfs/SystemImage$1 done
Event: 4.916 loading class jdk/internal/jimage/ImageReader$SharedImageReader$LocationVisitor
Event: 4.916 loading class jdk/internal/jimage/ImageReader$SharedImageReader$LocationVisitor done
Event: 4.917 loading class java/nio/ByteBufferAsIntBufferL
Event: 4.917 loading class java/nio/ByteBufferAsIntBufferL done
Event: 4.918 loading class jdk/internal/jrtfs/JrtFileAttributes
Event: 4.918 loading class jdk/internal/jrtfs/JrtFileAttributes done
Event: 4.918 loading class jdk/internal/jrtfs/JrtDirectoryStream
Event: 4.918 loading class jdk/internal/jrtfs/JrtDirectoryStream done
Event: 4.919 loading class jdk/internal/jrtfs/JrtDirectoryStream$1
Event: 4.919 loading class jdk/internal/jrtfs/JrtDirectoryStream$1 done
Event: 4.920 loading class java/util/function/BooleanSupplier
Event: 4.920 loading class java/util/function/BooleanSupplier done
Event: 4.920 loading class jdk/internal/jimage/ImageReader$Resource
Event: 4.920 loading class jdk/internal/jimage/ImageReader$Resource done


Dynamic libraries:
0x00007ff613990000 - 0x00007ff61399a000 	C:\Program Files\Android\Android Studio\jbr\bin\java.exe
0x00007ff8e32f0000 - 0x00007ff8e3507000 	C:\WINDOWS\SYSTEM32\ntdll.dll
0x00007ff8e2b80000 - 0x00007ff8e2c44000 	C:\WINDOWS\System32\KERNEL32.DLL
0x00007ff8e06d0000 - 0x00007ff8e0a7d000 	C:\WINDOWS\System32\KERNELBASE.dll
0x00007ff8e0ae0000 - 0x00007ff8e0bf1000 	C:\WINDOWS\System32\ucrtbase.dll
0x00007ff859ca0000 - 0x00007ff859cb7000 	C:\Program Files\Android\Android Studio\jbr\bin\jli.dll
0x00007ff8ac0f0000 - 0x00007ff8ac10b000 	C:\Program Files\Android\Android Studio\jbr\bin\VCRUNTIME140.dll
0x00007ff8e28f0000 - 0x00007ff8e2a9e000 	C:\WINDOWS\System32\USER32.dll
0x00007ff8e0ab0000 - 0x00007ff8e0ad6000 	C:\WINDOWS\System32\win32u.dll
0x00007ff8d2b00000 - 0x00007ff8d2d93000 	C:\WINDOWS\WinSxS\amd64_microsoft.windows.common-controls_6595b64144ccf1df_6.0.22621.3672_none_2713b9d173822955\COMCTL32.dll
0x00007ff8e3110000 - 0x00007ff8e31b7000 	C:\WINDOWS\System32\msvcrt.dll
0x00007ff8e1e90000 - 0x00007ff8e1eb9000 	C:\WINDOWS\System32\GDI32.dll
0x00007ff8e0ca0000 - 0x00007ff8e0db9000 	C:\WINDOWS\System32\gdi32full.dll
0x00007ff8e0c00000 - 0x00007ff8e0c9a000 	C:\WINDOWS\System32\msvcp_win.dll
0x00007ff8e12e0000 - 0x00007ff8e1311000 	C:\WINDOWS\System32\IMM32.DLL
0x00007ff8ab980000 - 0x00007ff8ab98c000 	C:\Program Files\Android\Android Studio\jbr\bin\vcruntime140_1.dll
0x00007ff89fcf0000 - 0x00007ff89fd7d000 	C:\Program Files\Android\Android Studio\jbr\bin\msvcp140.dll
0x00007ff84c970000 - 0x00007ff84d5f3000 	C:\Program Files\Android\Android Studio\jbr\bin\server\jvm.dll
0x00007ff8e31c0000 - 0x00007ff8e3272000 	C:\WINDOWS\System32\ADVAPI32.dll
0x00007ff8e1320000 - 0x00007ff8e13c9000 	C:\WINDOWS\System32\sechost.dll
0x00007ff8e0a80000 - 0x00007ff8e0aa8000 	C:\WINDOWS\System32\bcrypt.dll
0x00007ff8e2c50000 - 0x00007ff8e2d64000 	C:\WINDOWS\System32\RPCRT4.dll
0x00007ff8d5270000 - 0x00007ff8d527a000 	C:\WINDOWS\SYSTEM32\VERSION.dll
0x00007ff8e0320000 - 0x00007ff8e036d000 	C:\WINDOWS\SYSTEM32\POWRPROF.dll
0x00007ff8dadb0000 - 0x00007ff8dade4000 	C:\WINDOWS\SYSTEM32\WINMM.dll
0x00007ff8c3c90000 - 0x00007ff8c3c99000 	C:\WINDOWS\SYSTEM32\WSOCK32.dll
0x00007ff8e1020000 - 0x00007ff8e1091000 	C:\WINDOWS\System32\WS2_32.dll
0x00007ff8e0300000 - 0x00007ff8e0313000 	C:\WINDOWS\SYSTEM32\UMPDC.dll
0x00007ff8df640000 - 0x00007ff8df658000 	C:\WINDOWS\SYSTEM32\kernel.appcore.dll
0x00007ff8c88f0000 - 0x00007ff8c88fa000 	C:\Program Files\Android\Android Studio\jbr\bin\jimage.dll
0x00007ff8d7a60000 - 0x00007ff8d7c92000 	C:\WINDOWS\SYSTEM32\DBGHELP.DLL
0x00007ff8e2d80000 - 0x00007ff8e310d000 	C:\WINDOWS\System32\combase.dll
0x00007ff8e10b0000 - 0x00007ff8e1187000 	C:\WINDOWS\System32\OLEAUT32.dll
0x00007ff8c8870000 - 0x00007ff8c88a2000 	C:\WINDOWS\SYSTEM32\dbgcore.DLL
0x00007ff8e0e30000 - 0x00007ff8e0eab000 	C:\WINDOWS\System32\bcryptPrimitives.dll
0x00007ff8c88c0000 - 0x00007ff8c88e5000 	C:\Program Files\Android\Android Studio\jbr\bin\java.dll
0x00007ff8c81d0000 - 0x00007ff8c81e8000 	C:\Program Files\Android\Android Studio\jbr\bin\zip.dll
0x00007ff8e1ec0000 - 0x00007ff8e2728000 	C:\WINDOWS\System32\SHELL32.dll
0x00007ff8de520000 - 0x00007ff8dee1e000 	C:\WINDOWS\SYSTEM32\windows.storage.dll
0x00007ff8de3e0000 - 0x00007ff8de51f000 	C:\WINDOWS\SYSTEM32\wintypes.dll
0x00007ff8e1190000 - 0x00007ff8e1289000 	C:\WINDOWS\System32\SHCORE.dll
0x00007ff8e2aa0000 - 0x00007ff8e2afe000 	C:\WINDOWS\System32\shlwapi.dll
0x00007ff8e0540000 - 0x00007ff8e0561000 	C:\WINDOWS\SYSTEM32\profapi.dll
0x00007ff8c66c0000 - 0x00007ff8c66d9000 	C:\Program Files\Android\Android Studio\jbr\bin\net.dll
0x00007ff8dc310000 - 0x00007ff8dc446000 	C:\WINDOWS\SYSTEM32\WINHTTP.dll
0x00007ff8dfab0000 - 0x00007ff8dfb19000 	C:\WINDOWS\system32\mswsock.dll
0x00007ff8c66a0000 - 0x00007ff8c66b6000 	C:\Program Files\Android\Android Studio\jbr\bin\nio.dll
0x00007ff866840000 - 0x00007ff866850000 	C:\Program Files\Android\Android Studio\jbr\bin\verify.dll
0x00007ff8aca00000 - 0x00007ff8aca27000 	C:\Users\23480\.gradle\native\68d5fa5c4cc2d200863cafc0d521ce42e7d3e7ee720ec0a83991735586a16f82\windows-amd64\native-platform.dll
0x00007ff896e50000 - 0x00007ff896f94000 	C:\Users\23480\.gradle\native\e376f236ea51e6404a007f0833ffe2c6e607c4080706a723a18a27aeea778392\windows-amd64\native-platform-file-events.dll
0x00007ff8c63d0000 - 0x00007ff8c63d9000 	C:\Program Files\Android\Android Studio\jbr\bin\management.dll
0x00007ff89ae00000 - 0x00007ff89ae0b000 	C:\Program Files\Android\Android Studio\jbr\bin\management_ext.dll
0x00007ff8e2d70000 - 0x00007ff8e2d78000 	C:\WINDOWS\System32\PSAPI.DLL
0x00007ff8dfd20000 - 0x00007ff8dfd3b000 	C:\WINDOWS\SYSTEM32\CRYPTSP.dll
0x00007ff8df5a0000 - 0x00007ff8df5d5000 	C:\WINDOWS\system32\rsaenh.dll
0x00007ff8dfbb0000 - 0x00007ff8dfbd8000 	C:\WINDOWS\SYSTEM32\USERENV.dll
0x00007ff8dfd10000 - 0x00007ff8dfd1c000 	C:\WINDOWS\SYSTEM32\CRYPTBASE.dll
0x00007ff8df080000 - 0x00007ff8df0ad000 	C:\WINDOWS\SYSTEM32\IPHLPAPI.DLL
0x00007ff8e1e80000 - 0x00007ff8e1e89000 	C:\WINDOWS\System32\NSI.dll
0x00007ff8db840000 - 0x00007ff8db859000 	C:\WINDOWS\SYSTEM32\dhcpcsvc6.DLL
0x00007ff8db380000 - 0x00007ff8db39f000 	C:\WINDOWS\SYSTEM32\dhcpcsvc.DLL
0x00007ff8df0b0000 - 0x00007ff8df1a8000 	C:\WINDOWS\SYSTEM32\DNSAPI.dll
0x00007ff8c88b0000 - 0x00007ff8c88b9000 	C:\Program Files\Android\Android Studio\jbr\bin\extnet.dll
0x00007ff8dae40000 - 0x00007ff8dae48000 	C:\WINDOWS\system32\wshunix.dll

dbghelp: loaded successfully - version: 4.0.5 - missing functions: none
symbol engine: initialized successfully - sym options: 0x614 - pdb path: .;C:\Program Files\Android\Android Studio\jbr\bin;C:\WINDOWS\SYSTEM32;C:\WINDOWS\WinSxS\amd64_microsoft.windows.common-controls_6595b64144ccf1df_6.0.22621.3672_none_2713b9d173822955;C:\Program Files\Android\Android Studio\jbr\bin\server;C:\Users\23480\.gradle\native\68d5fa5c4cc2d200863cafc0d521ce42e7d3e7ee720ec0a83991735586a16f82\windows-amd64;C:\Users\23480\.gradle\native\e376f236ea51e6404a007f0833ffe2c6e607c4080706a723a18a27aeea778392\windows-amd64

VM Arguments:
jvm_args: --add-opens=java.base/java.util=ALL-UNNAMED --add-opens=java.base/java.lang=ALL-UNNAMED --add-opens=java.base/java.lang.invoke=ALL-UNNAMED --add-opens=java.prefs/java.util.prefs=ALL-UNNAMED --add-opens=java.base/java.nio.charset=ALL-UNNAMED --add-opens=java.base/java.net=ALL-UNNAMED --add-opens=java.base/java.util.concurrent.atomic=ALL-UNNAMED -Xmx2048m -Dfile.encoding=UTF-8 -Duser.country=US -Duser.language=en -Duser.variant 
java_command: org.gradle.launcher.daemon.bootstrap.GradleDaemon 8.0
java_class_path (initial): C:\Users\23480\.gradle\wrapper\dists\gradle-8.0-bin\ca5e32bp14vu59qr306oxotwh\gradle-8.0\lib\gradle-launcher-8.0.jar
Launcher Type: SUN_STANDARD

[Global flags]
     intx CICompilerCount                          = 4                                         {product} {ergonomic}
     uint ConcGCThreads                            = 2                                         {product} {ergonomic}
     uint G1ConcRefinementThreads                  = 8                                         {product} {ergonomic}
   size_t G1HeapRegionSize                         = 1048576                                   {product} {ergonomic}
    uintx GCDrainStackTargetSize                   = 64                                        {product} {ergonomic}
   size_t InitialHeapSize                          = 123731968                                 {product} {ergonomic}
   size_t MarkStackSize                            = 4194304                                   {product} {ergonomic}
   size_t MaxHeapSize                              = 2147483648                                {product} {command line}
   size_t MaxNewSize                               = 1287651328                                {product} {ergonomic}
   size_t MinHeapDeltaBytes                        = 1048576                                   {product} {ergonomic}
   size_t MinHeapSize                              = 8388608                                   {product} {ergonomic}
    uintx NonNMethodCodeHeapSize                   = 5839372                                {pd product} {ergonomic}
    uintx NonProfiledCodeHeapSize                  = 122909434                              {pd product} {ergonomic}
    uintx ProfiledCodeHeapSize                     = 122909434                              {pd product} {ergonomic}
    uintx ReservedCodeCacheSize                    = 251658240                              {pd product} {ergonomic}
     bool SegmentedCodeCache                       = true                                      {product} {ergonomic}
   size_t SoftMaxHeapSize                          = 2147483648                             {manageable} {ergonomic}
     bool UseCompressedClassPointers               = true                           {product lp64_product} {ergonomic}
     bool UseCompressedOops                        = true                           {product lp64_product} {ergonomic}
     bool UseG1GC                                  = true                                      {product} {ergonomic}
     bool UseLargePagesIndividualAllocation        = false                                  {pd product} {ergonomic}

Logging:
Log output configuration:
 #0: stdout all=warning uptime,level,tags
 #1: stderr all=off uptime,level,tags

Environment Variables:
PATH=C:\WINDOWS\system32;C:\WINDOWS;C:\WINDOWS\System32\Wbem;C:\WINDOWS\System32\WindowsPowerShell\v1.0\;C:\WINDOWS\System32\OpenSSH\;C:\Program Files\nodejs\;C:\Program Files\HP\HP One Agent;C:\Program Files\Git\cmd;C:\Users\23480\AppData\Local\Programs\Python\Python311\Scripts\;C:\Users\23480\AppData\Local\Programs\Python\Python311\;C:\Users\23480\AppData\Local\Microsoft\WindowsApps;C:\Users\23480\AppData\Local\atom\bin;C:\Users\23480\AppData\Local\Programs\Microsoft VS Code\bin;C:\Users\23480\AppData\Local\Microsoft\WindowsApps;;C:\Program Files\JetBrains\IntelliJ IDEA Community Edition 2023.2.1\bin;;C:\Users\23480\AppData\Roaming\npm
USERNAME=23480
OS=Windows_NT
PROCESSOR_IDENTIFIER=AMD64 Family 23 Model 104 Stepping 1, AuthenticAMD
TMP=C:\Users\23480\AppData\Local\Temp
TEMP=C:\Users\23480\AppData\Local\Temp



Periodic native trim disabled

JNI global refs:
JNI global refs: 24, weak refs: 5

JNI global refs memory usage: 843, weak refs: 841

Process memory usage:
Resident Set Size: 227956K (2% of 7682524K total physical memory with 459408K free physical memory)

OOME stack traces (most recent first):
Classloader memory used:
Loader bootstrap                                                                       : 2242K
Loader org.gradle.internal.classloader.VisitableURLClassLoader                         : 2174K
Loader org.gradle.initialization.MixInLegacyTypesClassLoader                           : 412K
Loader jdk.internal.loader.ClassLoaders$PlatformClassLoader                            : 65608B
Loader jdk.internal.loader.ClassLoaders$AppClassLoader                                 : 26051B
Loader jdk.internal.reflect.DelegatingClassLoader                                      : 3132B

Classes loaded by more than one classloader:
Class org.gradle.internal.installation.GradleInstallation                             : loaded 2 times (x 73B)
Class org.gradle.internal.classpath.ClassPath                                         : loaded 2 times (x 68B)
Class org.gradle.api.internal.classpath.DefaultModuleRegistry                         : loaded 2 times (x 84B)
Class org.gradle.api.Action                                                           : loaded 2 times (x 68B)
Class org.gradle.api.internal.DefaultClassPathProvider                                : loaded 2 times (x 74B)
Class org.gradle.internal.installation.GradleInstallation$1                           : loaded 2 times (x 73B)
Class org.gradle.internal.classloader.FilteringClassLoader                            : loaded 2 times (x 103B)
Class org.gradle.internal.classpath.DefaultClassPath$ImmutableUniqueList$Builder      : loaded 2 times (x 73B)
Class org.gradle.internal.classloader.ClassLoaderVisitor                              : loaded 2 times (x 74B)
Class org.gradle.internal.service.DefaultServiceLocator                               : loaded 2 times (x 81B)
Class org.gradle.internal.service.UnknownServiceException                             : loaded 2 times (x 81B)
Class org.gradle.internal.classloader.DefaultClassLoaderFactory                       : loaded 2 times (x 80B)
Class org.gradle.internal.classloader.VisitableURLClassLoader$Spec                    : loaded 2 times (x 72B)
Class org.gradle.api.GradleException                                                  : loaded 2 times (x 80B)
Class org.gradle.api.internal.classpath.ModuleRegistry                                : loaded 2 times (x 68B)
Class org.gradle.api.internal.ClassPathProvider                                       : loaded 2 times (x 68B)
Class org.gradle.internal.classloader.ClasspathUtil$1                                 : loaded 2 times (x 74B)
Class org.gradle.internal.classloader.ClassLoaderFactory                              : loaded 2 times (x 68B)
Class org.gradle.api.internal.classpath.ManifestUtil                                  : loaded 2 times (x 69B)
Class org.gradle.api.specs.Spec                                                       : loaded 2 times (x 68B)
Class org.gradle.internal.IoActions                                                   : loaded 2 times (x 69B)
Class org.gradle.api.internal.classpath.EffectiveClassPath                            : loaded 2 times (x 88B)
Class org.gradle.internal.installation.CurrentGradleInstallation                      : loaded 2 times (x 71B)
Class org.gradle.internal.installation.CurrentGradleInstallationLocator               : loaded 2 times (x 69B)
Class org.gradle.api.internal.classpath.Module                                        : loaded 2 times (x 68B)
Class org.gradle.internal.service.CachingServiceLocator                               : loaded 2 times (x 80B)
Class org.gradle.internal.classpath.DefaultClassPath                                  : loaded 2 times (x 88B)
Class org.gradle.internal.classloader.SystemClassLoaderSpec                           : loaded 2 times (x 69B)
Class org.gradle.api.UncheckedIOException                                             : loaded 2 times (x 80B)
Class org.gradle.internal.classloader.ClasspathUtil                                   : loaded 2 times (x 69B)
Class org.gradle.api.internal.DefaultClassPathRegistry                                : loaded 2 times (x 74B)
Class org.gradle.api.internal.classpath.DefaultModuleRegistry$DefaultModule           : loaded 2 times (x 84B)
Class org.gradle.api.internal.classpath.UnknownModuleException                        : loaded 2 times (x 80B)
Class org.gradle.internal.service.ServiceLookupException                              : loaded 2 times (x 80B)
Class org.gradle.cache.GlobalCache                                                    : loaded 2 times (x 68B)
Class [Lorg.gradle.api.internal.ClassPathProvider;                                    : loaded 2 times (x 67B)
Class org.gradle.util.internal.GUtil                                                  : loaded 2 times (x 69B)
Class org.gradle.internal.classloader.ClassLoaderSpec                                 : loaded 2 times (x 69B)
Class org.gradle.internal.classloader.VisitableURLClassLoader                         : loaded 2 times (x 115B)
Class org.gradle.internal.Cast                                                        : loaded 2 times (x 69B)
Class org.gradle.api.internal.ClassPathRegistry                                       : loaded 2 times (x 68B)
Class org.gradle.internal.classloader.ClassLoaderHierarchy                            : loaded 2 times (x 68B)
Class org.gradle.internal.InternalTransformer                                         : loaded 2 times (x 68B)
Class org.gradle.internal.service.ServiceLocator                                      : loaded 2 times (x 68B)
Class org.gradle.internal.classpath.DefaultClassPath$ImmutableUniqueList              : loaded 2 times (x 159B)


---------------  S Y S T E M  ---------------

OS:
 Windows 11 , 64 bit Build 22621 (10.0.22621.3958)
OS uptime: 0 days 1:53 hours
Hyper-V role detected

CPU: total 8 (initial active 8) (8 cores per cpu, 2 threads per core) family 23 model 104 stepping 1 microcode 0x0, cx8, cmov, fxsr, ht, mmx, 3dnowpref, sse, sse2, sse3, ssse3, sse4a, sse4.1, sse4.2, popcnt, lzcnt, tsc, tscinvbit, avx, avx2, aes, clmul, bmi1, bmi2, adx, sha, fma, vzeroupper, clflush, clflushopt, hv
Processor Information for processor 0
  Max Mhz: 2600, Current Mhz: 2600, Mhz Limit: 2600
Processor Information for processor 1
  Max Mhz: 2600, Current Mhz: 2003, Mhz Limit: 2600
Processor Information for processor 2
  Max Mhz: 2600, Current Mhz: 2600, Mhz Limit: 2600
Processor Information for processor 3
  Max Mhz: 2600, Current Mhz: 2003, Mhz Limit: 2600
Processor Information for processor 4
  Max Mhz: 2600, Current Mhz: 2003, Mhz Limit: 2600
Processor Information for processor 5
  Max Mhz: 2600, Current Mhz: 2003, Mhz Limit: 2600
Processor Information for processor 6
  Max Mhz: 2600, Current Mhz: 2003, Mhz Limit: 2600
Processor Information for processor 7
  Max Mhz: 2600, Current Mhz: 2600, Mhz Limit: 2600

Memory: 4k page, system-wide physical 7502M (449M free)
TotalPageFile size 11571M (AvailPageFile size 45M)
current process WorkingSet (physical memory assigned to process): 218M, peak: 222M
current process commit charge ("private bytes"): 268M, peak: 309M

vm_info: OpenJDK 64-Bit Server VM (17.0.11+0--11852314) for windows-amd64 JRE (17.0.11+0--11852314), built on May 16 2024 21:29:20 by "androidbuild" with MS VC++ 16.10 / 16.11 (VS2019)

END.
