#
# There is insufficient memory for the Java Runtime Environment to continue.
# Native memory allocation (mmap) failed to map 29360128 bytes. Error detail: G1 virtual space
# Possible reasons:
#   The system is out of physical RAM or swap space
#   This process is running with CompressedOops enabled, and the Java Heap may be blocking the growth of the native heap
# Possible solutions:
#   Reduce memory load on the system
#   Increase physical memory or swap space
#   Check if swap backing store is full
#   Decrease Java heap size (-Xmx/-Xms)
#   Decrease number of Java threads
#   Decrease Java thread stack sizes (-Xss)
#   Set larger code cache with -XX:ReservedCodeCacheSize=
#   JVM is running with Unscaled Compressed Oops mode in which the Java heap is
#     placed in the first 4GB address space. The Java Heap base address is the
#     maximum limit for the native heap growth. Please use -XX:HeapBaseMinAddress
#     to set the Java Heap base and to place the Java Heap above 4GB virtual address.
# This output file may be truncated or incomplete.
#
#  Out of Memory Error (os_windows.cpp:3825), pid=11088, tid=16632
#
# JRE version: OpenJDK Runtime Environment (17.0.11) (build 17.0.11+0--11852314)
# Java VM: OpenJDK 64-Bit Server VM (17.0.11+0--11852314, mixed mode, tiered, compressed oops, compressed class ptrs, g1 gc, windows-amd64)
# No core dump will be written. Minidumps are not enabled by default on client versions of Windows
#

---------------  S U M M A R Y ------------

Command Line: --add-opens=java.base/java.util=ALL-UNNAMED --add-opens=java.base/java.lang=ALL-UNNAMED --add-opens=java.base/java.lang.invoke=ALL-UNNAMED --add-opens=java.prefs/java.util.prefs=ALL-UNNAMED --add-opens=java.base/java.nio.charset=ALL-UNNAMED --add-opens=java.base/java.net=ALL-UNNAMED --add-opens=java.base/java.util.concurrent.atomic=ALL-UNNAMED -Xmx2048m -Dfile.encoding=UTF-8 -Duser.country=US -Duser.language=en -Duser.variant org.gradle.launcher.daemon.bootstrap.GradleDaemon 8.0

Host: AMD Ryzen 3 5300U with Radeon Graphics         , 8 cores, 7G,  Windows 11 , 64 bit Build 22621 (10.0.22621.3958)
Time: Tue Sep  3 11:57:57 2024 W. Central Africa Standard Time elapsed time: 6.294133 seconds (0d 0h 0m 6s)

---------------  T H R E A D  ---------------

Current thread (0x000001c69fc3c950):  VMThread "VM Thread" [stack: 0x0000001938600000,0x0000001938700000] [id=16632]

Stack: [0x0000001938600000,0x0000001938700000]
Native frames: (J=compiled Java code, j=interpreted, Vv=VM code, C=native code)
V  [jvm.dll+0x687bb9]
V  [jvm.dll+0x84142a]
V  [jvm.dll+0x8430ae]
V  [jvm.dll+0x843713]
V  [jvm.dll+0x24a35f]
V  [jvm.dll+0x684989]
V  [jvm.dll+0x67923a]
V  [jvm.dll+0x30af0b]
V  [jvm.dll+0x3123b6]
V  [jvm.dll+0x361dfe]
V  [jvm.dll+0x36202f]
V  [jvm.dll+0x2e0d38]
V  [jvm.dll+0x2df144]
V  [jvm.dll+0x2de74c]
V  [jvm.dll+0x32305b]
V  [jvm.dll+0x847e0b]
V  [jvm.dll+0x848b42]
V  [jvm.dll+0x84905d]
V  [jvm.dll+0x849434]
V  [jvm.dll+0x849500]
V  [jvm.dll+0x7efa4a]
V  [jvm.dll+0x686a35]
C  [ucrtbase.dll+0x29333]
C  [KERNEL32.DLL+0x1257d]
C  [ntdll.dll+0x5af28]

VM_Operation (0x0000001939ef0640): G1CollectForAllocation, mode: safepoint, requested by thread 0x000001c6a56e2030


---------------  P R O C E S S  ---------------

Threads class SMR info:
_java_thread_list=0x000001c6a783d890, length=125, elements={
0x000001c683c8dff0, 0x000001c6a4013260, 0x000001c6a40140e0, 0x000001c69fc4e730,
0x000001c69fc4f5b0, 0x000001c69fc511e0, 0x000001c69fc51ba0, 0x000001c69fc52d50,
0x000001c69fc54c10, 0x000001c6a4050cb0, 0x000001c6a41fe020, 0x000001c6a42036e0,
0x000001c6a43b3db0, 0x000001c6a5787f10, 0x000001c6a61469d0, 0x000001c6a64f8020,
0x000001c6a5f31550, 0x000001c6a5f31a30, 0x000001c6a5bb6340, 0x000001c6a56e2030,
0x000001c6a5aa5240, 0x000001c6a5aa6170, 0x000001c6a5aa89f0, 0x000001c6a5aa75b0,
0x000001c6a5aa5c60, 0x000001c6a5aa70a0, 0x000001c6a5aa7ac0, 0x000001c6a5aa7fd0,
0x000001c6a5aa84e0, 0x000001c6a5aa6680, 0x000001c6a5aa5750, 0x000001c6a6fe1c30,
0x000001c6a6fe02e0, 0x000001c6a6fe07f0, 0x000001c6a6fe53e0, 0x000001c6a6fe2140,
0x000001c6a6fe0d00, 0x000001c6a6fe58f0, 0x000001c6a6fe2650, 0x000001c6a6fe1720,
0x000001c6a6fe2b60, 0x000001c6a6fe1210, 0x000001c6a6fdfdd0, 0x000001c6a6fdf8c0,
0x000001c6a6fe49c0, 0x000001c6a6fe3070, 0x000001c6a6fe3580, 0x000001c6a6fe3a90,
0x000001c6a6fe3fa0, 0x000001c6a6fde480, 0x000001c6a6fe44b0, 0x000001c6a6fe4ed0,
0x000001c6a6fe5e00, 0x000001c6a6fdf3b0, 0x000001c6a6fde990, 0x000001c6a6fdeea0,
0x000001c6a6326580, 0x000001c6a6327ed0, 0x000001c6a63283e0, 0x000001c6a63232e0,
0x000001c6a6329310, 0x000001c6a6326070, 0x000001c6a6326fa0, 0x000001c6a63274b0,
0x000001c6a6324c30, 0x000001c6a63288f0, 0x000001c6a63237f0, 0x000001c6a6328e00,
0x000001c6a632a240, 0x000001c6a632a750, 0x000001c6a6329d30, 0x000001c6a6329820,
0x000001c6a6323d00, 0x000001c6a632ac60, 0x000001c6a63279c0, 0x000001c6a6324210,
0x000001c6a6324720, 0x000001c6a6325140, 0x000001c6a6325650, 0x000001c6a6325b60,
0x000001c6a6326a90, 0x000001c6a88b9df0, 0x000001c6a88b84a0, 0x000001c6a88b89b0,
0x000001c6a88ba300, 0x000001c6a88b8ec0, 0x000001c6a88b7060, 0x000001c6a88b93d0,
0x000001c6a88b98e0, 0x000001c6a88b7570, 0x000001c6a88b7a80, 0x000001c6a88ba810,
0x000001c6a88b7f90, 0x000001c6a5f7c7e0, 0x000001c6a5f7b3a0, 0x000001c6a5f7ccf0,
0x000001c6a5f7c2d0, 0x000001c6a5f7d200, 0x000001c6a5f7d710, 0x000001c6a5f7b8b0,
0x000001c6a5f79f60, 0x000001c6a5f7a470, 0x000001c6a5f7a980, 0x000001c6a5f7ae90,
0x000001c6a5f7bdc0, 0x000001c6a8871ee0, 0x000001c6a886f150, 0x000001c6a886e730,
0x000001c6a886cde0, 0x000001c6a8870aa0, 0x000001c6a886e220, 0x000001c6a886ec40,
0x000001c6a886f660, 0x000001c6a88723f0, 0x000001c6a886dd10, 0x000001c6a886fb70,
0x000001c6a8872900, 0x000001c6a88719d0, 0x000001c6a886d800, 0x000001c6a8872e10,
0x000001c6a8873320, 0x000001c6a8873830, 0x000001c6a8870080, 0x000001c6a886c3c0,
0x000001c6a8870590
}

Java Threads: ( => current thread )
  0x000001c683c8dff0 JavaThread "main" [_thread_blocked, id=12756, stack(0x0000001938000000,0x0000001938100000)]
  0x000001c6a4013260 JavaThread "Reference Handler" daemon [_thread_blocked, id=14400, stack(0x0000001938700000,0x0000001938800000)]
  0x000001c6a40140e0 JavaThread "Finalizer" daemon [_thread_blocked, id=3812, stack(0x0000001938800000,0x0000001938900000)]
  0x000001c69fc4e730 JavaThread "Signal Dispatcher" daemon [_thread_blocked, id=9648, stack(0x0000001938900000,0x0000001938a00000)]
  0x000001c69fc4f5b0 JavaThread "Attach Listener" daemon [_thread_blocked, id=18768, stack(0x0000001938a00000,0x0000001938b00000)]
  0x000001c69fc511e0 JavaThread "Service Thread" daemon [_thread_blocked, id=10436, stack(0x0000001938b00000,0x0000001938c00000)]
  0x000001c69fc51ba0 JavaThread "Monitor Deflation Thread" daemon [_thread_blocked, id=12488, stack(0x0000001938c00000,0x0000001938d00000)]
  0x000001c69fc52d50 JavaThread "C2 CompilerThread0" daemon [_thread_blocked, id=8076, stack(0x0000001938d00000,0x0000001938e00000)]
  0x000001c69fc54c10 JavaThread "C1 CompilerThread0" daemon [_thread_blocked, id=16980, stack(0x0000001938e00000,0x0000001938f00000)]
  0x000001c6a4050cb0 JavaThread "Sweeper thread" daemon [_thread_blocked, id=19216, stack(0x0000001938f00000,0x0000001939000000)]
  0x000001c6a41fe020 JavaThread "Common-Cleaner" daemon [_thread_blocked, id=17540, stack(0x0000001939000000,0x0000001939100000)]
  0x000001c6a42036e0 JavaThread "Notification Thread" daemon [_thread_blocked, id=15364, stack(0x0000001939100000,0x0000001939200000)]
  0x000001c6a43b3db0 JavaThread "C2 CompilerThread1" daemon [_thread_blocked, id=580, stack(0x0000001939300000,0x0000001939400000)]
  0x000001c6a5787f10 JavaThread "Daemon health stats" [_thread_blocked, id=15740, stack(0x0000001939800000,0x0000001939900000)]
  0x000001c6a61469d0 JavaThread "Incoming local TCP Connector on port 52084" [_thread_in_native, id=14548, stack(0x0000001939900000,0x0000001939a00000)]
  0x000001c6a64f8020 JavaThread "Daemon periodic checks" [_thread_blocked, id=4016, stack(0x0000001939a00000,0x0000001939b00000)]
  0x000001c6a5f31550 JavaThread "Daemon" [_thread_blocked, id=6532, stack(0x0000001939b00000,0x0000001939c00000)]
  0x000001c6a5f31a30 JavaThread "Handler for socket connection from /127.0.0.1:52084 to /127.0.0.1:52085" [_thread_in_native, id=16764, stack(0x0000001939c00000,0x0000001939d00000)]
  0x000001c6a5bb6340 JavaThread "Cancel handler" [_thread_blocked, id=4744, stack(0x0000001939d00000,0x0000001939e00000)]
  0x000001c6a56e2030 JavaThread "Daemon worker" [_thread_blocked, id=6160, stack(0x0000001939e00000,0x0000001939f00000)]
  0x000001c6a5aa5240 JavaThread "Asynchronous log dispatcher for DefaultDaemonConnection: socket connection from /127.0.0.1:52084 to /127.0.0.1:52085" [_thread_blocked, id=8932, stack(0x0000001939f00000,0x000000193a000000)]
  0x000001c6a5aa6170 JavaThread "Stdin handler" [_thread_blocked, id=6848, stack(0x000000193a000000,0x000000193a100000)]
  0x000001c6a5aa89f0 JavaThread "Daemon client event forwarder" [_thread_blocked, id=8404, stack(0x000000193a100000,0x000000193a200000)]
  0x000001c6a5aa75b0 JavaThread "Cache worker for journal cache (C:\Users\23480\.gradle\caches\journal-1)" [_thread_blocked, id=7872, stack(0x000000193a600000,0x000000193a700000)]
  0x000001c6a5aa5c60 JavaThread "File lock request listener" [_thread_in_native, id=10232, stack(0x000000193a700000,0x000000193a800000)]
  0x000001c6a5aa70a0 JavaThread "Cache worker for file hash cache (C:\Users\23480\.gradle\caches\8.0\fileHashes)" [_thread_blocked, id=7012, stack(0x000000193a800000,0x000000193a900000)]
  0x000001c6a5aa7ac0 JavaThread "File watcher server" daemon [_thread_in_native, id=19028, stack(0x000000193a900000,0x000000193aa00000)]
  0x000001c6a5aa7fd0 JavaThread "File watcher consumer" daemon [_thread_blocked, id=2832, stack(0x000000193aa00000,0x000000193ab00000)]
  0x000001c6a5aa84e0 JavaThread "Cache worker for checksums cache (C:\Users\23480\Documents\androidproject\DailyQuotes\.gradle\8.0\checksums)" [_thread_blocked, id=18552, stack(0x000000193ab00000,0x000000193ac00000)]
  0x000001c6a5aa6680 JavaThread "Cache worker for cache directory md-rule (C:\Users\23480\.gradle\caches\8.0\md-rule)" [_thread_blocked, id=5400, stack(0x000000193ac00000,0x000000193ad00000)]
  0x000001c6a5aa5750 JavaThread "Cache worker for file content cache (C:\Users\23480\.gradle\caches\8.0\fileContent)" [_thread_blocked, id=12212, stack(0x000000193ad00000,0x000000193ae00000)]
  0x000001c6a6fe1c30 JavaThread "Cache worker for file hash cache (C:\Users\23480\Documents\androidproject\DailyQuotes\.gradle\8.0\fileHashes)" [_thread_blocked, id=5356, stack(0x000000193ae00000,0x000000193af00000)]
  0x000001c6a6fe02e0 JavaThread "Cache worker for cache directory md-supplier (C:\Users\23480\.gradle\caches\8.0\md-supplier)" [_thread_blocked, id=16644, stack(0x000000193af00000,0x000000193b000000)]
  0x000001c6a6fe07f0 JavaThread "Cache worker for execution history cache (C:\Users\23480\.gradle\caches\8.0\executionHistory)" [_thread_blocked, id=16808, stack(0x000000193b000000,0x000000193b100000)]
  0x000001c6a6fe53e0 JavaThread "Cache worker for kotlin-dsl (C:\Users\23480\.gradle\caches\8.0\kotlin-dsl)" [_thread_blocked, id=10272, stack(0x000000193b100000,0x000000193b200000)]
  0x000001c6a6fe2140 JavaThread "jar transforms" [_thread_blocked, id=17664, stack(0x000000193b200000,0x000000193b300000)]
  0x000001c6a6fe0d00 JavaThread "jar transforms Thread 2" [_thread_blocked, id=16660, stack(0x000000193b300000,0x000000193b400000)]
  0x000001c6a6fe58f0 JavaThread "Cache worker for dependencies-accessors (C:\Users\23480\Documents\androidproject\DailyQuotes\.gradle\8.0\dependencies-accessors)" [_thread_blocked, id=5060, stack(0x000000193b400000,0x000000193b500000)]
  0x000001c6a6fe2650 JavaThread "Cache worker for Build Output Cleanup Cache (C:\Users\23480\Documents\androidproject\DailyQuotes\.gradle\buildOutputCleanup)" [_thread_blocked, id=6176, stack(0x000000193b500000,0x000000193b600000)]
  0x000001c6a6fe1720 JavaThread "jar transforms Thread 3" [_thread_blocked, id=11136, stack(0x000000193b600000,0x000000193b700000)]
  0x000001c6a6fe2b60 JavaThread "Unconstrained build operations" [_thread_blocked, id=4396, stack(0x000000193b700000,0x000000193b800000)]
  0x000001c6a6fe1210 JavaThread "Unconstrained build operations Thread 2" [_thread_blocked, id=6800, stack(0x000000193b800000,0x000000193b900000)]
  0x000001c6a6fdfdd0 JavaThread "Unconstrained build operations Thread 3" [_thread_blocked, id=4520, stack(0x000000193b900000,0x000000193ba00000)]
  0x000001c6a6fdf8c0 JavaThread "Unconstrained build operations Thread 4" [_thread_blocked, id=7060, stack(0x000000193ba00000,0x000000193bb00000)]
  0x000001c6a6fe49c0 JavaThread "Unconstrained build operations Thread 5" [_thread_blocked, id=7888, stack(0x000000193bb00000,0x000000193bc00000)]
  0x000001c6a6fe3070 JavaThread "Unconstrained build operations Thread 6" [_thread_blocked, id=10588, stack(0x000000193bc00000,0x000000193bd00000)]
  0x000001c6a6fe3580 JavaThread "Unconstrained build operations Thread 7" [_thread_blocked, id=12956, stack(0x000000193bd00000,0x000000193be00000)]
  0x000001c6a6fe3a90 JavaThread "Unconstrained build operations Thread 8" [_thread_blocked, id=13488, stack(0x000000193be00000,0x000000193bf00000)]
  0x000001c6a6fe3fa0 JavaThread "Unconstrained build operations Thread 9" [_thread_blocked, id=7256, stack(0x000000193bf00000,0x000000193c000000)]
  0x000001c6a6fde480 JavaThread "Unconstrained build operations Thread 10" [_thread_blocked, id=9744, stack(0x000000193c000000,0x000000193c100000)]
  0x000001c6a6fe44b0 JavaThread "Unconstrained build operations Thread 11" [_thread_blocked, id=3880, stack(0x000000193c100000,0x000000193c200000)]
  0x000001c6a6fe4ed0 JavaThread "Unconstrained build operations Thread 12" [_thread_blocked, id=14384, stack(0x000000193c200000,0x000000193c300000)]
  0x000001c6a6fe5e00 JavaThread "Unconstrained build operations Thread 13" [_thread_blocked, id=16976, stack(0x000000193c300000,0x000000193c400000)]
  0x000001c6a6fdf3b0 JavaThread "Unconstrained build operations Thread 14" [_thread_blocked, id=19156, stack(0x000000193c400000,0x000000193c500000)]
  0x000001c6a6fde990 JavaThread "Unconstrained build operations Thread 15" [_thread_blocked, id=4608, stack(0x000000193c500000,0x000000193c600000)]
  0x000001c6a6fdeea0 JavaThread "Unconstrained build operations Thread 16" [_thread_blocked, id=16696, stack(0x000000193c600000,0x000000193c700000)]
  0x000001c6a6326580 JavaThread "Unconstrained build operations Thread 17" [_thread_blocked, id=15576, stack(0x000000193c700000,0x000000193c800000)]
  0x000001c6a6327ed0 JavaThread "Unconstrained build operations Thread 18" [_thread_blocked, id=14980, stack(0x000000193c800000,0x000000193c900000)]
  0x000001c6a63283e0 JavaThread "Unconstrained build operations Thread 19" [_thread_blocked, id=17068, stack(0x000000193c900000,0x000000193ca00000)]
  0x000001c6a63232e0 JavaThread "Unconstrained build operations Thread 20" [_thread_blocked, id=6140, stack(0x000000193ca00000,0x000000193cb00000)]
  0x000001c6a6329310 JavaThread "Unconstrained build operations Thread 21" [_thread_blocked, id=17324, stack(0x000000193cb00000,0x000000193cc00000)]
  0x000001c6a6326070 JavaThread "Unconstrained build operations Thread 22" [_thread_blocked, id=18052, stack(0x000000193cc00000,0x000000193cd00000)]
  0x000001c6a6326fa0 JavaThread "Unconstrained build operations Thread 23" [_thread_blocked, id=16912, stack(0x000000193cd00000,0x000000193ce00000)]
  0x000001c6a63274b0 JavaThread "Unconstrained build operations Thread 24" [_thread_blocked, id=6520, stack(0x000000193ce00000,0x000000193cf00000)]
  0x000001c6a6324c30 JavaThread "Unconstrained build operations Thread 25" [_thread_blocked, id=9636, stack(0x000000193cf00000,0x000000193d000000)]
  0x000001c6a63288f0 JavaThread "Unconstrained build operations Thread 26" [_thread_blocked, id=8088, stack(0x000000193d000000,0x000000193d100000)]
  0x000001c6a63237f0 JavaThread "Unconstrained build operations Thread 27" [_thread_blocked, id=13888, stack(0x000000193d100000,0x000000193d200000)]
  0x000001c6a6328e00 JavaThread "Unconstrained build operations Thread 28" [_thread_blocked, id=18512, stack(0x000000193d200000,0x000000193d300000)]
  0x000001c6a632a240 JavaThread "Unconstrained build operations Thread 29" [_thread_blocked, id=9200, stack(0x000000193d300000,0x000000193d400000)]
  0x000001c6a632a750 JavaThread "Unconstrained build operations Thread 30" [_thread_blocked, id=11328, stack(0x000000193d400000,0x000000193d500000)]
  0x000001c6a6329d30 JavaThread "Unconstrained build operations Thread 31" [_thread_blocked, id=18692, stack(0x000000193d500000,0x000000193d600000)]
  0x000001c6a6329820 JavaThread "Unconstrained build operations Thread 32" [_thread_blocked, id=18408, stack(0x000000193d600000,0x000000193d700000)]
  0x000001c6a6323d00 JavaThread "Unconstrained build operations Thread 33" [_thread_blocked, id=9660, stack(0x000000193d700000,0x000000193d800000)]
  0x000001c6a632ac60 JavaThread "Unconstrained build operations Thread 34" [_thread_blocked, id=14040, stack(0x000000193d800000,0x000000193d900000)]
  0x000001c6a63279c0 JavaThread "Unconstrained build operations Thread 35" [_thread_blocked, id=16984, stack(0x000000193d900000,0x000000193da00000)]
  0x000001c6a6324210 JavaThread "Unconstrained build operations Thread 36" [_thread_blocked, id=19276, stack(0x000000193da00000,0x000000193db00000)]
  0x000001c6a6324720 JavaThread "Unconstrained build operations Thread 37" [_thread_blocked, id=6756, stack(0x000000193db00000,0x000000193dc00000)]
  0x000001c6a6325140 JavaThread "Unconstrained build operations Thread 38" [_thread_blocked, id=6868, stack(0x000000193dc00000,0x000000193dd00000)]
  0x000001c6a6325650 JavaThread "Unconstrained build operations Thread 39" [_thread_blocked, id=12172, stack(0x000000193dd00000,0x000000193de00000)]
  0x000001c6a6325b60 JavaThread "Unconstrained build operations Thread 40" [_thread_blocked, id=2356, stack(0x000000193de00000,0x000000193df00000)]
  0x000001c6a6326a90 JavaThread "Unconstrained build operations Thread 41" [_thread_blocked, id=9208, stack(0x000000193df00000,0x000000193e000000)]
  0x000001c6a88b9df0 JavaThread "Unconstrained build operations Thread 42" [_thread_blocked, id=18584, stack(0x000000193e000000,0x000000193e100000)]
  0x000001c6a88b84a0 JavaThread "Unconstrained build operations Thread 43" [_thread_blocked, id=11816, stack(0x000000193e100000,0x000000193e200000)]
  0x000001c6a88b89b0 JavaThread "Unconstrained build operations Thread 44" [_thread_blocked, id=18948, stack(0x000000193e200000,0x000000193e300000)]
  0x000001c6a88ba300 JavaThread "Unconstrained build operations Thread 45" [_thread_blocked, id=11888, stack(0x000000193e300000,0x000000193e400000)]
  0x000001c6a88b8ec0 JavaThread "Unconstrained build operations Thread 46" [_thread_blocked, id=8860, stack(0x000000193e400000,0x000000193e500000)]
  0x000001c6a88b7060 JavaThread "Unconstrained build operations Thread 47" [_thread_blocked, id=9148, stack(0x000000193e500000,0x000000193e600000)]
  0x000001c6a88b93d0 JavaThread "Unconstrained build operations Thread 48" [_thread_blocked, id=3392, stack(0x000000193e600000,0x000000193e700000)]
  0x000001c6a88b98e0 JavaThread "Unconstrained build operations Thread 49" [_thread_blocked, id=5056, stack(0x000000193e700000,0x000000193e800000)]
  0x000001c6a88b7570 JavaThread "Unconstrained build operations Thread 50" [_thread_blocked, id=12728, stack(0x000000193e800000,0x000000193e900000)]
  0x000001c6a88b7a80 JavaThread "Unconstrained build operations Thread 51" [_thread_blocked, id=17720, stack(0x000000193e900000,0x000000193ea00000)]
  0x000001c6a88ba810 JavaThread "Unconstrained build operations Thread 52" [_thread_blocked, id=18876, stack(0x000000193ea00000,0x000000193eb00000)]
  0x000001c6a88b7f90 JavaThread "Unconstrained build operations Thread 53" [_thread_blocked, id=8000, stack(0x000000193eb00000,0x000000193ec00000)]
  0x000001c6a5f7c7e0 JavaThread "Unconstrained build operations Thread 54" [_thread_blocked, id=9416, stack(0x000000193ec00000,0x000000193ed00000)]
  0x000001c6a5f7b3a0 JavaThread "Unconstrained build operations Thread 55" [_thread_blocked, id=10088, stack(0x000000193ed00000,0x000000193ee00000)]
  0x000001c6a5f7ccf0 JavaThread "Unconstrained build operations Thread 56" [_thread_blocked, id=7544, stack(0x000000193ee00000,0x000000193ef00000)]
  0x000001c6a5f7c2d0 JavaThread "Unconstrained build operations Thread 57" [_thread_blocked, id=5300, stack(0x000000193ef00000,0x000000193f000000)]
  0x000001c6a5f7d200 JavaThread "Unconstrained build operations Thread 58" [_thread_blocked, id=16564, stack(0x000000193f000000,0x000000193f100000)]
  0x000001c6a5f7d710 JavaThread "Unconstrained build operations Thread 59" [_thread_blocked, id=7496, stack(0x000000193f100000,0x000000193f200000)]
  0x000001c6a5f7b8b0 JavaThread "Unconstrained build operations Thread 60" [_thread_blocked, id=12420, stack(0x000000193f200000,0x000000193f300000)]
  0x000001c6a5f79f60 JavaThread "Unconstrained build operations Thread 61" [_thread_blocked, id=9020, stack(0x000000193f300000,0x000000193f400000)]
  0x000001c6a5f7a470 JavaThread "Unconstrained build operations Thread 62" [_thread_blocked, id=15728, stack(0x000000193f400000,0x000000193f500000)]
  0x000001c6a5f7a980 JavaThread "Unconstrained build operations Thread 63" [_thread_blocked, id=8348, stack(0x000000193f500000,0x000000193f600000)]
  0x000001c6a5f7ae90 JavaThread "Unconstrained build operations Thread 64" [_thread_blocked, id=16684, stack(0x000000193f600000,0x000000193f700000)]
  0x000001c6a5f7bdc0 JavaThread "Unconstrained build operations Thread 65" [_thread_blocked, id=8064, stack(0x000000193f700000,0x000000193f800000)]
  0x000001c6a8871ee0 JavaThread "Unconstrained build operations Thread 66" [_thread_blocked, id=3296, stack(0x000000193f800000,0x000000193f900000)]
  0x000001c6a886f150 JavaThread "Unconstrained build operations Thread 67" [_thread_blocked, id=6788, stack(0x000000193f900000,0x000000193fa00000)]
  0x000001c6a886e730 JavaThread "Unconstrained build operations Thread 68" [_thread_blocked, id=332, stack(0x000000193fa00000,0x000000193fb00000)]
  0x000001c6a886cde0 JavaThread "Unconstrained build operations Thread 69" [_thread_blocked, id=8520, stack(0x000000193fb00000,0x000000193fc00000)]
  0x000001c6a8870aa0 JavaThread "Unconstrained build operations Thread 70" [_thread_blocked, id=13636, stack(0x000000193fc00000,0x000000193fd00000)]
  0x000001c6a886e220 JavaThread "Unconstrained build operations Thread 71" [_thread_blocked, id=15008, stack(0x000000193fd00000,0x000000193fe00000)]
  0x000001c6a886ec40 JavaThread "Unconstrained build operations Thread 72" [_thread_blocked, id=13072, stack(0x000000193fe00000,0x000000193ff00000)]
  0x000001c6a886f660 JavaThread "Unconstrained build operations Thread 73" [_thread_blocked, id=1856, stack(0x000000193ff00000,0x0000001940000000)]
  0x000001c6a88723f0 JavaThread "Unconstrained build operations Thread 74" [_thread_blocked, id=2236, stack(0x0000001940000000,0x0000001940100000)]
  0x000001c6a886dd10 JavaThread "Unconstrained build operations Thread 75" [_thread_blocked, id=3732, stack(0x0000001940100000,0x0000001940200000)]
  0x000001c6a886fb70 JavaThread "Unconstrained build operations Thread 76" [_thread_blocked, id=5340, stack(0x0000001940200000,0x0000001940300000)]
  0x000001c6a8872900 JavaThread "Unconstrained build operations Thread 77" [_thread_blocked, id=12000, stack(0x0000001940300000,0x0000001940400000)]
  0x000001c6a88719d0 JavaThread "Unconstrained build operations Thread 78" [_thread_blocked, id=16512, stack(0x0000001940400000,0x0000001940500000)]
  0x000001c6a886d800 JavaThread "Unconstrained build operations Thread 79" [_thread_blocked, id=4164, stack(0x0000001940500000,0x0000001940600000)]
  0x000001c6a8872e10 JavaThread "Unconstrained build operations Thread 80" [_thread_blocked, id=5136, stack(0x0000001940600000,0x0000001940700000)]
  0x000001c6a8873320 JavaThread "jar transforms Thread 4" [_thread_blocked, id=9336, stack(0x0000001940700000,0x0000001940800000)]
  0x000001c6a8873830 JavaThread "jar transforms Thread 5" [_thread_blocked, id=17488, stack(0x0000001940800000,0x0000001940900000)]
  0x000001c6a8870080 JavaThread "jar transforms Thread 6" [_thread_blocked, id=4468, stack(0x0000001940900000,0x0000001940a00000)]
  0x000001c6a886c3c0 JavaThread "jar transforms Thread 7" [_thread_blocked, id=16920, stack(0x0000001940a00000,0x0000001940b00000)]
  0x000001c6a8870590 JavaThread "jar transforms Thread 8" [_thread_blocked, id=1700, stack(0x0000001940b00000,0x0000001940c00000)]

Other Threads:
=>0x000001c69fc3c950 VMThread "VM Thread" [stack: 0x0000001938600000,0x0000001938700000] [id=16632]
  0x000001c6a4207bd0 WatcherThread [stack: 0x0000001939200000,0x0000001939300000] [id=9516]
  0x000001c685e28e70 GCTaskThread "GC Thread#0" [stack: 0x0000001938100000,0x0000001938200000] [id=11256]
  0x000001c6a4f463a0 GCTaskThread "GC Thread#1" [stack: 0x0000001939400000,0x0000001939500000] [id=7264]
  0x000001c6a4f6a120 GCTaskThread "GC Thread#2" [stack: 0x0000001939500000,0x0000001939600000] [id=4792]
  0x000001c6a4e1a880 GCTaskThread "GC Thread#3" [stack: 0x0000001939600000,0x0000001939700000] [id=19436]
  0x000001c6a514fc00 GCTaskThread "GC Thread#4" [stack: 0x0000001939700000,0x0000001939800000] [id=2436]
  0x000001c6a6c91bf0 GCTaskThread "GC Thread#5" [stack: 0x000000193a200000,0x000000193a300000] [id=10400]
  0x000001c6a60f20f0 GCTaskThread "GC Thread#6" [stack: 0x000000193a300000,0x000000193a400000] [id=19344]
  0x000001c6a54ae900 GCTaskThread "GC Thread#7" [stack: 0x000000193a400000,0x000000193a500000] [id=18492]
  0x000001c685e39dc0 ConcurrentGCThread "G1 Main Marker" [stack: 0x0000001938200000,0x0000001938300000] [id=12608]
  0x000001c685e3a7e0 ConcurrentGCThread "G1 Conc#0" [stack: 0x0000001938300000,0x0000001938400000] [id=19284]
  0x000001c6a60c1030 ConcurrentGCThread "G1 Conc#1" [stack: 0x000000193a500000,0x000000193a600000] [id=16532]
  0x000001c685e7e9e0 ConcurrentGCThread "G1 Refine#0" [stack: 0x0000001938400000,0x0000001938500000] [id=10660]
  0x000001c69fa96630 ConcurrentGCThread "G1 Service" [stack: 0x0000001938500000,0x0000001938600000] [id=12908]

Threads with active compile tasks:

VM state: at safepoint (normal execution)

VM Mutex/Monitor currently owned by a thread:  ([mutex/lock_event])
[0x000001c683c8ae30] Threads_lock - owner thread: 0x000001c69fc3c950
[0x000001c683c8b850] Heap_lock - owner thread: 0x000001c6a56e2030

Heap address: 0x0000000080000000, size: 2048 MB, Compressed Oops mode: 32-bit

CDS archive(s) not mapped
Compressed class space mapped at: 0x0000000100000000-0x0000000140000000, reserved size: 1073741824
Narrow klass base: 0x0000000000000000, Narrow klass shift: 3, Narrow klass range: 0x140000000

GC Precious Log:
 CPUs: 8 total, 8 available
 Memory: 7502M
 Large Page Support: Disabled
 NUMA Support: Disabled
 Compressed Oops: Enabled (32-bit)
 Heap Region Size: 1M
 Heap Min Capacity: 8M
 Heap Initial Capacity: 118M
 Heap Max Capacity: 2G
 Pre-touch: Disabled
 Parallel Workers: 8
 Concurrent Workers: 2
 Concurrent Refinement Workers: 8
 Periodic GC: Disabled

Heap:
 garbage-first heap   total 92160K, used 53575K [0x0000000080000000, 0x0000000100000000)
  region size 1024K, 3 young (3072K), 3 survivors (3072K)
 Metaspace       used 53357K, committed 53824K, reserved 1114112K
  class space    used 7192K, committed 7424K, reserved 1048576K

Heap Regions: E=young(eden), S=young(survivor), O=old, HS=humongous(starts), HC=humongous(continues), CS=collection set, F=free, OA=open archive, CA=closed archive, TAMS=top-at-mark-start (previous, next)
|   0|0x0000000080000000, 0x0000000080100000, 0x0000000080100000|100%|HS|  |TAMS 0x0000000080100000, 0x0000000080000000| Complete 
|   1|0x0000000080100000, 0x0000000080200000, 0x0000000080200000|100%|HC|  |TAMS 0x0000000080200000, 0x0000000080100000| Complete 
|   2|0x0000000080200000, 0x0000000080300000, 0x0000000080300000|100%|HC|  |TAMS 0x0000000080300000, 0x0000000080200000| Complete 
|   3|0x0000000080300000, 0x0000000080400000, 0x0000000080400000|100%|HC|  |TAMS 0x0000000080400000, 0x0000000080300000| Complete 
|   4|0x0000000080400000, 0x0000000080500000, 0x0000000080500000|100%| O|  |TAMS 0x0000000080500000, 0x0000000080400000| Untracked 
|   5|0x0000000080500000, 0x0000000080600000, 0x0000000080600000|100%| O|  |TAMS 0x0000000080600000, 0x0000000080500000| Untracked 
|   6|0x0000000080600000, 0x0000000080700000, 0x0000000080700000|100%| O|  |TAMS 0x0000000080700000, 0x0000000080600000| Untracked 
|   7|0x0000000080700000, 0x0000000080800000, 0x0000000080800000|100%| O|  |TAMS 0x0000000080800000, 0x0000000080700000| Untracked 
|   8|0x0000000080800000, 0x0000000080900000, 0x0000000080900000|100%| O|  |TAMS 0x0000000080900000, 0x0000000080800000| Untracked 
|   9|0x0000000080900000, 0x0000000080a00000, 0x0000000080a00000|100%| O|  |TAMS 0x0000000080a00000, 0x0000000080900000| Untracked 
|  10|0x0000000080a00000, 0x0000000080affa00, 0x0000000080b00000| 99%| O|  |TAMS 0x0000000080affa00, 0x0000000080a00000| Untracked 
|  11|0x0000000080b00000, 0x0000000080c00000, 0x0000000080c00000|100%| O|  |TAMS 0x0000000080c00000, 0x0000000080b00000| Untracked 
|  12|0x0000000080c00000, 0x0000000080d00000, 0x0000000080d00000|100%| O|  |TAMS 0x0000000080d00000, 0x0000000080c00000| Untracked 
|  13|0x0000000080d00000, 0x0000000080e00000, 0x0000000080e00000|100%| O|  |TAMS 0x0000000080e00000, 0x0000000080d00000| Untracked 
|  14|0x0000000080e00000, 0x0000000080f00000, 0x0000000080f00000|100%| O|  |TAMS 0x0000000080f00000, 0x0000000080e00000| Untracked 
|  15|0x0000000080f00000, 0x0000000081000000, 0x0000000081000000|100%| O|  |TAMS 0x0000000081000000, 0x0000000080f00000| Untracked 
|  16|0x0000000081000000, 0x0000000081100000, 0x0000000081100000|100%| O|  |TAMS 0x0000000081100000, 0x0000000081000000| Untracked 
|  17|0x0000000081100000, 0x0000000081200000, 0x0000000081200000|100%| O|  |TAMS 0x0000000081200000, 0x0000000081100000| Untracked 
|  18|0x0000000081200000, 0x0000000081300000, 0x0000000081300000|100%| O|  |TAMS 0x0000000081300000, 0x0000000081200000| Untracked 
|  19|0x0000000081300000, 0x0000000081400000, 0x0000000081400000|100%| O|  |TAMS 0x0000000081400000, 0x0000000081300000| Untracked 
|  20|0x0000000081400000, 0x0000000081500000, 0x0000000081500000|100%| O|  |TAMS 0x0000000081500000, 0x0000000081400000| Untracked 
|  21|0x0000000081500000, 0x0000000081600000, 0x0000000081600000|100%| O|  |TAMS 0x0000000081600000, 0x0000000081500000| Untracked 
|  22|0x0000000081600000, 0x0000000081700000, 0x0000000081700000|100%| O|  |TAMS 0x0000000081700000, 0x0000000081600000| Untracked 
|  23|0x0000000081700000, 0x0000000081800000, 0x0000000081800000|100%| O|  |TAMS 0x0000000081800000, 0x0000000081700000| Untracked 
|  24|0x0000000081800000, 0x0000000081900000, 0x0000000081900000|100%| O|  |TAMS 0x0000000081900000, 0x0000000081800000| Untracked 
|  25|0x0000000081900000, 0x0000000081a00000, 0x0000000081a00000|100%| O|  |TAMS 0x0000000081a00000, 0x0000000081900000| Untracked 
|  26|0x0000000081a00000, 0x0000000081b00000, 0x0000000081b00000|100%| O|  |TAMS 0x0000000081b00000, 0x0000000081a00000| Untracked 
|  27|0x0000000081b00000, 0x0000000081c00000, 0x0000000081c00000|100%| O|  |TAMS 0x0000000081c00000, 0x0000000081b00000| Untracked 
|  28|0x0000000081c00000, 0x0000000081d00000, 0x0000000081d00000|100%| O|  |TAMS 0x0000000081d00000, 0x0000000081c00000| Untracked 
|  29|0x0000000081d00000, 0x0000000081e00000, 0x0000000081e00000|100%| O|  |TAMS 0x0000000081e00000, 0x0000000081d00000| Untracked 
|  30|0x0000000081e00000, 0x0000000081f00000, 0x0000000081f00000|100%| O|  |TAMS 0x0000000081f00000, 0x0000000081e00000| Untracked 
|  31|0x0000000081f00000, 0x0000000082000000, 0x0000000082000000|100%| O|  |TAMS 0x0000000082000000, 0x0000000081f00000| Untracked 
|  32|0x0000000082000000, 0x0000000082100000, 0x0000000082100000|100%| O|  |TAMS 0x0000000082100000, 0x0000000082000000| Untracked 
|  33|0x0000000082100000, 0x0000000082200000, 0x0000000082200000|100%|HS|  |TAMS 0x0000000082200000, 0x0000000082100000| Complete 
|  34|0x0000000082200000, 0x0000000082300000, 0x0000000082300000|100%|HS|  |TAMS 0x0000000082300000, 0x0000000082200000| Complete 
|  35|0x0000000082300000, 0x0000000082400000, 0x0000000082400000|100%|HS|  |TAMS 0x0000000082400000, 0x0000000082300000| Complete 
|  36|0x0000000082400000, 0x0000000082500000, 0x0000000082500000|100%|HC|  |TAMS 0x0000000082500000, 0x0000000082400000| Complete 
|  37|0x0000000082500000, 0x0000000082600000, 0x0000000082600000|100%| O|  |TAMS 0x0000000082600000, 0x0000000082500000| Untracked 
|  38|0x0000000082600000, 0x0000000082700000, 0x0000000082700000|100%| O|  |TAMS 0x0000000082700000, 0x0000000082600000| Untracked 
|  39|0x0000000082700000, 0x0000000082800000, 0x0000000082800000|100%| O|  |TAMS 0x0000000082800000, 0x0000000082700000| Untracked 
|  40|0x0000000082800000, 0x0000000082900000, 0x0000000082900000|100%| O|  |TAMS 0x0000000082873400, 0x0000000082800000| Untracked 
|  41|0x0000000082900000, 0x0000000082a00000, 0x0000000082a00000|100%|HS|  |TAMS 0x0000000082a00000, 0x0000000082900000| Complete 
|  42|0x0000000082a00000, 0x0000000082b00000, 0x0000000082b00000|100%| O|  |TAMS 0x0000000082a00000, 0x0000000082a00000| Untracked 
|  43|0x0000000082b00000, 0x0000000082c00000, 0x0000000082c00000|100%| O|  |TAMS 0x0000000082b00000, 0x0000000082b00000| Untracked 
|  44|0x0000000082c00000, 0x0000000082d00000, 0x0000000082d00000|100%|HS|  |TAMS 0x0000000082c00000, 0x0000000082c00000| Complete 
|  45|0x0000000082d00000, 0x0000000082e00000, 0x0000000082e00000|100%|HC|  |TAMS 0x0000000082d00000, 0x0000000082d00000| Complete 
|  46|0x0000000082e00000, 0x0000000082f00000, 0x0000000082f00000|100%|HC|  |TAMS 0x0000000082e00000, 0x0000000082e00000| Complete 
|  47|0x0000000082f00000, 0x0000000083000000, 0x0000000083000000|100%|HC|  |TAMS 0x0000000082f00000, 0x0000000082f00000| Complete 
|  48|0x0000000083000000, 0x0000000083000000, 0x0000000083100000|  0%| F|  |TAMS 0x0000000083000000, 0x0000000083000000| Untracked 
|  49|0x0000000083100000, 0x0000000083200000, 0x0000000083200000|100%| O|  |TAMS 0x0000000083100000, 0x0000000083100000| Untracked 
|  50|0x0000000083200000, 0x0000000083252200, 0x0000000083300000| 32%| O|  |TAMS 0x0000000083200000, 0x0000000083200000| Untracked 
|  51|0x0000000083300000, 0x0000000083300000, 0x0000000083400000|  0%| F|  |TAMS 0x0000000083300000, 0x0000000083300000| Untracked 
|  52|0x0000000083400000, 0x0000000083400000, 0x0000000083500000|  0%| F|  |TAMS 0x0000000083400000, 0x0000000083400000| Untracked 
|  53|0x0000000083500000, 0x0000000083500000, 0x0000000083600000|  0%| F|  |TAMS 0x0000000083500000, 0x0000000083500000| Untracked 
|  54|0x0000000083600000, 0x0000000083600000, 0x0000000083700000|  0%| F|  |TAMS 0x0000000083600000, 0x0000000083600000| Untracked 
|  55|0x0000000083700000, 0x0000000083700000, 0x0000000083800000|  0%| F|  |TAMS 0x0000000083700000, 0x0000000083700000| Untracked 
|  56|0x0000000083800000, 0x0000000083800000, 0x0000000083900000|  0%| F|  |TAMS 0x0000000083800000, 0x0000000083800000| Untracked 
|  57|0x0000000083900000, 0x0000000083900000, 0x0000000083a00000|  0%| F|  |TAMS 0x0000000083900000, 0x0000000083900000| Untracked 
|  58|0x0000000083a00000, 0x0000000083a00000, 0x0000000083b00000|  0%| F|  |TAMS 0x0000000083a00000, 0x0000000083a00000| Untracked 
|  59|0x0000000083b00000, 0x0000000083b00000, 0x0000000083c00000|  0%| F|  |TAMS 0x0000000083b00000, 0x0000000083b00000| Untracked 
|  60|0x0000000083c00000, 0x0000000083c00000, 0x0000000083d00000|  0%| F|  |TAMS 0x0000000083c00000, 0x0000000083c00000| Untracked 
|  61|0x0000000083d00000, 0x0000000083d00000, 0x0000000083e00000|  0%| F|  |TAMS 0x0000000083d00000, 0x0000000083d00000| Untracked 
|  62|0x0000000083e00000, 0x0000000083e00000, 0x0000000083f00000|  0%| F|  |TAMS 0x0000000083e00000, 0x0000000083e00000| Untracked 
|  63|0x0000000083f00000, 0x0000000083f00000, 0x0000000084000000|  0%| F|  |TAMS 0x0000000083f00000, 0x0000000083f00000| Untracked 
|  64|0x0000000084000000, 0x0000000084000000, 0x0000000084100000|  0%| F|  |TAMS 0x0000000084000000, 0x0000000084000000| Untracked 
|  65|0x0000000084100000, 0x0000000084100000, 0x0000000084200000|  0%| F|  |TAMS 0x0000000084100000, 0x0000000084100000| Untracked 
|  66|0x0000000084200000, 0x0000000084200000, 0x0000000084300000|  0%| F|  |TAMS 0x0000000084200000, 0x0000000084200000| Untracked 
|  67|0x0000000084300000, 0x0000000084300000, 0x0000000084400000|  0%| F|  |TAMS 0x0000000084300000, 0x0000000084300000| Untracked 
|  68|0x0000000084400000, 0x0000000084400000, 0x0000000084500000|  0%| F|  |TAMS 0x0000000084400000, 0x0000000084400000| Untracked 
|  69|0x0000000084500000, 0x0000000084500000, 0x0000000084600000|  0%| F|  |TAMS 0x0000000084500000, 0x0000000084500000| Untracked 
|  70|0x0000000084600000, 0x0000000084700000, 0x0000000084700000|100%| S|CS|TAMS 0x0000000084600000, 0x0000000084600000| Complete 
|  71|0x0000000084700000, 0x0000000084800000, 0x0000000084800000|100%| S|CS|TAMS 0x0000000084700000, 0x0000000084700000| Complete 
|  72|0x0000000084800000, 0x0000000084900000, 0x0000000084900000|100%| S|CS|TAMS 0x0000000084800000, 0x0000000084800000| Complete 
|  73|0x0000000084900000, 0x0000000084900000, 0x0000000084a00000|  0%| F|  |TAMS 0x0000000084900000, 0x0000000084900000| Untracked 
|  74|0x0000000084a00000, 0x0000000084a00000, 0x0000000084b00000|  0%| F|  |TAMS 0x0000000084a00000, 0x0000000084a00000| Untracked 
|  75|0x0000000084b00000, 0x0000000084b00000, 0x0000000084c00000|  0%| F|  |TAMS 0x0000000084b00000, 0x0000000084b00000| Untracked 
|  76|0x0000000084c00000, 0x0000000084c00000, 0x0000000084d00000|  0%| F|  |TAMS 0x0000000084c00000, 0x0000000084c00000| Untracked 
|  77|0x0000000084d00000, 0x0000000084d00000, 0x0000000084e00000|  0%| F|  |TAMS 0x0000000084d00000, 0x0000000084d00000| Untracked 
|  78|0x0000000084e00000, 0x0000000084e00000, 0x0000000084f00000|  0%| F|  |TAMS 0x0000000084e00000, 0x0000000084e00000| Untracked 
|  79|0x0000000084f00000, 0x0000000084f00000, 0x0000000085000000|  0%| F|  |TAMS 0x0000000084f00000, 0x0000000084f00000| Untracked 
|  80|0x0000000085000000, 0x0000000085000000, 0x0000000085100000|  0%| F|  |TAMS 0x0000000085000000, 0x0000000085000000| Untracked 
|  81|0x0000000085100000, 0x0000000085100000, 0x0000000085200000|  0%| F|  |TAMS 0x0000000085100000, 0x0000000085100000| Untracked 
|  82|0x0000000085200000, 0x0000000085200000, 0x0000000085300000|  0%| F|  |TAMS 0x0000000085200000, 0x0000000085200000| Untracked 
|  83|0x0000000085300000, 0x0000000085300000, 0x0000000085400000|  0%| F|  |TAMS 0x0000000085300000, 0x0000000085300000| Untracked 
|  84|0x0000000085400000, 0x0000000085400000, 0x0000000085500000|  0%| F|  |TAMS 0x0000000085400000, 0x0000000085400000| Untracked 
|  85|0x0000000085500000, 0x0000000085500000, 0x0000000085600000|  0%| F|  |TAMS 0x0000000085500000, 0x0000000085500000| Untracked 
|  86|0x0000000085600000, 0x0000000085600000, 0x0000000085700000|  0%| F|  |TAMS 0x0000000085600000, 0x0000000085600000| Untracked 
|  87|0x0000000085700000, 0x0000000085700000, 0x0000000085800000|  0%| F|  |TAMS 0x0000000085700000, 0x0000000085700000| Untracked 
|  88|0x0000000085800000, 0x0000000085800000, 0x0000000085900000|  0%| F|  |TAMS 0x0000000085800000, 0x0000000085800000| Untracked 
| 117|0x0000000087500000, 0x0000000087500000, 0x0000000087600000|  0%| F|  |TAMS 0x0000000087500000, 0x0000000087500000| Untracked 

Card table byte_map: [0x000001c6989e0000,0x000001c698de0000] _byte_map_base: 0x000001c6985e0000

Marking Bits (Prev, Next): (CMBitMap*) 0x000001c685e29490, (CMBitMap*) 0x000001c685e294d0
 Prev Bits: [0x000001c6991e0000, 0x000001c69b1e0000)
 Next Bits: [0x000001c69b1e0000, 0x000001c69d1e0000)

Polling page: 0x000001c685580000

Metaspace:

Usage:
  Non-class:     45.08 MB used.
      Class:      7.02 MB used.
       Both:     52.11 MB used.

Virtual space:
  Non-class space:       64.00 MB reserved,      45.31 MB ( 71%) committed,  1 nodes.
      Class space:        1.00 GB reserved,       7.25 MB ( <1%) committed,  1 nodes.
             Both:        1.06 GB reserved,      52.56 MB (  5%) committed. 

Chunk freelists:
   Non-Class:  1.95 MB
       Class:  8.70 MB
        Both:  10.66 MB

MaxMetaspaceSize: unlimited
CompressedClassSpaceSize: 1.00 GB
Initial GC threshold: 21.00 MB
Current GC threshold: 85.12 MB
CDS: off
MetaspaceReclaimPolicy: balanced
 - commit_granule_bytes: 65536.
 - commit_granule_words: 8192.
 - virtual_space_node_default_size: 8388608.
 - enlarge_chunks_in_place: 1.
 - new_chunks_are_fully_committed: 0.
 - uncommit_free_chunks: 1.
 - use_allocation_guard: 0.
 - handle_deallocations: 1.


Internal statistics:

num_allocs_failed_limit: 6.
num_arena_births: 576.
num_arena_deaths: 0.
num_vsnodes_births: 2.
num_vsnodes_deaths: 0.
num_space_committed: 841.
num_space_uncommitted: 0.
num_chunks_returned_to_freelist: 6.
num_chunks_taken_from_freelist: 2320.
num_chunk_merges: 3.
num_chunk_splits: 1515.
num_chunks_enlarged: 1028.
num_inconsistent_stats: 0.

CodeHeap 'non-profiled nmethods': size=120000Kb used=2837Kb max_used=3234Kb free=117162Kb
 bounds [0x000001c690d70000, 0x000001c6910a0000, 0x000001c6982a0000]
CodeHeap 'profiled nmethods': size=120000Kb used=9905Kb max_used=11008Kb free=110094Kb
 bounds [0x000001c6892a0000, 0x000001c689d70000, 0x000001c6907d0000]
CodeHeap 'non-nmethods': size=5760Kb used=1619Kb max_used=1661Kb free=4140Kb
 bounds [0x000001c6907d0000, 0x000001c690a40000, 0x000001c690d70000]
 total_blobs=6154 nmethods=5462 adapters=604
 compilation: enabled
              stopped_count=0, restarted_count=0
 full_count=0

Compilation events (20 events):
Event: 6.251 Thread 0x000001c69fc54c10 5904       3       java.lang.ClassLoader::findClass (9 bytes)
Event: 6.251 Thread 0x000001c69fc54c10 nmethod 5904 0x000001c689302090 code [0x000001c689302220, 0x000001c6893023a8]
Event: 6.256 Thread 0x000001c69fc54c10 5905       3       org.gradle.internal.classloader.FilteringClassLoader$TrieSet::contains (11 bytes)
Event: 6.256 Thread 0x000001c69fc54c10 nmethod 5905 0x000001c6892fbd90 code [0x000001c6892fbf40, 0x000001c6892fc108]
Event: 6.273 Thread 0x000001c69fc54c10 5907       3       com.google.common.collect.MapMakerInternalMap$StrongKeyWeakValueEntry$Helper::newEntry (16 bytes)
Event: 6.274 Thread 0x000001c69fc54c10 nmethod 5907 0x000001c6892a5790 code [0x000001c6892a5940, 0x000001c6892a5c48]
Event: 6.274 Thread 0x000001c69fc54c10 5908       3       com.google.common.collect.MapMakerInternalMap$StrongKeyWeakValueEntry$Helper::newEntry (12 bytes)
Event: 6.274 Thread 0x000001c69fc54c10 nmethod 5908 0x000001c689307f10 code [0x000001c6893080e0, 0x000001c6893084f8]
Event: 6.274 Thread 0x000001c69fc54c10 5909       3       com.google.common.collect.MapMakerInternalMap$StrongKeyWeakValueEntry$Helper::setValue (14 bytes)
Event: 6.274 Thread 0x000001c69fc54c10 nmethod 5909 0x000001c689318990 code [0x000001c689318b60, 0x000001c689318ee8]
Event: 6.274 Thread 0x000001c69fc54c10 5910       3       com.google.common.collect.MapMakerInternalMap$StrongKeyWeakValueEntry$Helper::setValue (10 bytes)
Event: 6.274 Thread 0x000001c69fc54c10 nmethod 5910 0x000001c68931e190 code [0x000001c68931e340, 0x000001c68931e4a8]
Event: 6.274 Thread 0x000001c69fc54c10 5911       3       com.google.common.collect.MapMakerInternalMap$StrongKeyWeakValueEntry::setValue (26 bytes)
Event: 6.274 Thread 0x000001c69fc54c10 nmethod 5911 0x000001c68934fd90 code [0x000001c68934ff60, 0x000001c6893504e8]
Event: 6.274 Thread 0x000001c69fc54c10 5912       3       com.google.common.collect.MapMakerInternalMap$1::clear (1 bytes)
Event: 6.275 Thread 0x000001c69fc54c10 nmethod 5912 0x000001c6892f5e90 code [0x000001c6892f6020, 0x000001c6892f6138]
Event: 6.277 Thread 0x000001c69fc54c10 5913       3       com.google.common.collect.RegularImmutableSet::size (6 bytes)
Event: 6.277 Thread 0x000001c69fc54c10 nmethod 5913 0x000001c689304d10 code [0x000001c689304ea0, 0x000001c689304fb8]
Event: 6.284 Thread 0x000001c69fc52d50 5914       4       org.objectweb.asm.ByteVector::putShort (52 bytes)
Event: 6.286 Thread 0x000001c69fc52d50 nmethod 5914 0x000001c690d79090 code [0x000001c690d79220, 0x000001c690d793a8]

GC Heap History (20 events):
Event: 3.141 GC heap after
{Heap after GC invocations=6 (full 0):
 garbage-first heap   total 68608K, used 22268K [0x0000000080000000, 0x0000000100000000)
  region size 1024K, 2 young (2048K), 2 survivors (2048K)
 Metaspace       used 31025K, committed 31360K, reserved 1114112K
  class space    used 4192K, committed 4352K, reserved 1048576K
}
Event: 3.493 GC heap before
{Heap before GC invocations=6 (full 0):
 garbage-first heap   total 68608K, used 47868K [0x0000000080000000, 0x0000000100000000)
  region size 1024K, 28 young (28672K), 2 survivors (2048K)
 Metaspace       used 35668K, committed 35968K, reserved 1114112K
  class space    used 4801K, committed 4928K, reserved 1048576K
}
Event: 3.497 GC heap after
{Heap after GC invocations=7 (full 0):
 garbage-first heap   total 68608K, used 24082K [0x0000000080000000, 0x0000000100000000)
  region size 1024K, 4 young (4096K), 4 survivors (4096K)
 Metaspace       used 35668K, committed 35968K, reserved 1114112K
  class space    used 4801K, committed 4928K, reserved 1048576K
}
Event: 3.763 GC heap before
{Heap before GC invocations=8 (full 0):
 garbage-first heap   total 68608K, used 49682K [0x0000000080000000, 0x0000000100000000)
  region size 1024K, 30 young (30720K), 4 survivors (4096K)
 Metaspace       used 39381K, committed 39744K, reserved 1114112K
  class space    used 5191K, committed 5376K, reserved 1048576K
}
Event: 3.767 GC heap after
{Heap after GC invocations=9 (full 0):
 garbage-first heap   total 68608K, used 27094K [0x0000000080000000, 0x0000000100000000)
  region size 1024K, 4 young (4096K), 4 survivors (4096K)
 Metaspace       used 39381K, committed 39744K, reserved 1114112K
  class space    used 5191K, committed 5376K, reserved 1048576K
}
Event: 3.788 GC heap before
{Heap before GC invocations=9 (full 0):
 garbage-first heap   total 68608K, used 28118K [0x0000000080000000, 0x0000000100000000)
  region size 1024K, 5 young (5120K), 4 survivors (4096K)
 Metaspace       used 39521K, committed 39872K, reserved 1114112K
  class space    used 5213K, committed 5376K, reserved 1048576K
}
Event: 3.792 GC heap after
{Heap after GC invocations=10 (full 0):
 garbage-first heap   total 82944K, used 27782K [0x0000000080000000, 0x0000000100000000)
  region size 1024K, 1 young (1024K), 1 survivors (1024K)
 Metaspace       used 39521K, committed 39872K, reserved 1114112K
  class space    used 5213K, committed 5376K, reserved 1048576K
}
Event: 4.217 GC heap before
{Heap before GC invocations=10 (full 0):
 garbage-first heap   total 82944K, used 60550K [0x0000000080000000, 0x0000000100000000)
  region size 1024K, 33 young (33792K), 1 survivors (1024K)
 Metaspace       used 43198K, committed 43584K, reserved 1114112K
  class space    used 5707K, committed 5888K, reserved 1048576K
}
Event: 4.219 GC heap after
{Heap after GC invocations=11 (full 0):
 garbage-first heap   total 82944K, used 29267K [0x0000000080000000, 0x0000000100000000)
  region size 1024K, 3 young (3072K), 3 survivors (3072K)
 Metaspace       used 43198K, committed 43584K, reserved 1114112K
  class space    used 5707K, committed 5888K, reserved 1048576K
}
Event: 4.740 GC heap before
{Heap before GC invocations=11 (full 0):
 garbage-first heap   total 82944K, used 61011K [0x0000000080000000, 0x0000000100000000)
  region size 1024K, 34 young (34816K), 3 survivors (3072K)
 Metaspace       used 47486K, committed 47872K, reserved 1114112K
  class space    used 6422K, committed 6592K, reserved 1048576K
}
Event: 4.743 GC heap after
{Heap after GC invocations=12 (full 0):
 garbage-first heap   total 82944K, used 31293K [0x0000000080000000, 0x0000000100000000)
  region size 1024K, 5 young (5120K), 5 survivors (5120K)
 Metaspace       used 47486K, committed 47872K, reserved 1114112K
  class space    used 6422K, committed 6592K, reserved 1048576K
}
Event: 5.357 GC heap before
{Heap before GC invocations=12 (full 0):
 garbage-first heap   total 82944K, used 62013K [0x0000000080000000, 0x0000000100000000)
  region size 1024K, 35 young (35840K), 5 survivors (5120K)
 Metaspace       used 50599K, committed 51136K, reserved 1114112K
  class space    used 6846K, committed 7104K, reserved 1048576K
}
Event: 5.364 GC heap after
{Heap after GC invocations=13 (full 0):
 garbage-first heap   total 82944K, used 34259K [0x0000000080000000, 0x0000000100000000)
  region size 1024K, 5 young (5120K), 5 survivors (5120K)
 Metaspace       used 50599K, committed 51136K, reserved 1114112K
  class space    used 6846K, committed 7104K, reserved 1048576K
}
Event: 5.819 GC heap before
{Heap before GC invocations=13 (full 0):
 garbage-first heap   total 82944K, used 62931K [0x0000000080000000, 0x0000000100000000)
  region size 1024K, 34 young (34816K), 5 survivors (5120K)
 Metaspace       used 51513K, committed 52032K, reserved 1114112K
  class space    used 6959K, committed 7232K, reserved 1048576K
}
Event: 5.824 GC heap after
{Heap after GC invocations=14 (full 0):
 garbage-first heap   total 82944K, used 37589K [0x0000000080000000, 0x0000000100000000)
  region size 1024K, 5 young (5120K), 5 survivors (5120K)
 Metaspace       used 51513K, committed 52032K, reserved 1114112K
  class space    used 6959K, committed 7232K, reserved 1048576K
}
Event: 5.919 GC heap before
{Heap before GC invocations=14 (full 0):
 garbage-first heap   total 82944K, used 47829K [0x0000000080000000, 0x0000000100000000)
  region size 1024K, 12 young (12288K), 5 survivors (5120K)
 Metaspace       used 51756K, committed 52288K, reserved 1114112K
  class space    used 6977K, committed 7232K, reserved 1048576K
}
Event: 5.922 GC heap after
{Heap after GC invocations=15 (full 0):
 garbage-first heap   total 82944K, used 43690K [0x0000000080000000, 0x0000000100000000)
  region size 1024K, 3 young (3072K), 3 survivors (3072K)
 Metaspace       used 51756K, committed 52288K, reserved 1114112K
  class space    used 6977K, committed 7232K, reserved 1048576K
}
Event: 5.961 GC heap before
{Heap before GC invocations=16 (full 0):
 garbage-first heap   total 82944K, used 46762K [0x0000000080000000, 0x0000000100000000)
  region size 1024K, 6 young (6144K), 3 survivors (3072K)
 Metaspace       used 51772K, committed 52288K, reserved 1114112K
  class space    used 6977K, committed 7232K, reserved 1048576K
}
Event: 5.963 GC heap after
{Heap after GC invocations=17 (full 0):
 garbage-first heap   total 82944K, used 46505K [0x0000000080000000, 0x0000000100000000)
  region size 1024K, 2 young (2048K), 2 survivors (2048K)
 Metaspace       used 51772K, committed 52288K, reserved 1114112K
  class space    used 6977K, committed 7232K, reserved 1048576K
}
Event: 6.287 GC heap before
{Heap before GC invocations=18 (full 0):
 garbage-first heap   total 92160K, used 65961K [0x0000000080000000, 0x0000000100000000)
  region size 1024K, 17 young (17408K), 2 survivors (2048K)
 Metaspace       used 53357K, committed 53824K, reserved 1114112K
  class space    used 7192K, committed 7424K, reserved 1048576K
}

Dll operation events (2 events):
Event: 0.010 Loaded shared library C:\Program Files\Android\Android Studio\jbr\bin\java.dll
Event: 0.507 Loaded shared library C:\Program Files\Android\Android Studio\jbr\bin\verify.dll

Deoptimization events (20 events):
Event: 5.874 Thread 0x000001c6a56e2030 Uncommon trap: trap_request=0xfffffff4 fr.pc=0x000001c691001910 relative=0x0000000000000730
Event: 5.874 Thread 0x000001c6a56e2030 Uncommon trap: reason=null_check action=make_not_entrant pc=0x000001c691001910 method=org.gradle.util.internal.SimpleMapInterner.intern(Ljava/lang/Object;)Ljava/lang/Object; @ 2 c2
Event: 5.874 Thread 0x000001c6a56e2030 DEOPT PACKING pc=0x000001c691001910 sp=0x0000001939ef91a0
Event: 5.874 Thread 0x000001c6a56e2030 DEOPT UNPACKING pc=0x000001c6908269a3 sp=0x0000001939ef9168 mode 2
Event: 5.874 Thread 0x000001c6a56e2030 Uncommon trap: trap_request=0xffffff45 fr.pc=0x000001c690fff278 relative=0x0000000000000718
Event: 5.874 Thread 0x000001c6a56e2030 Uncommon trap: reason=unstable_if action=reinterpret pc=0x000001c690fff278 method=org.gradle.util.internal.SimpleMapInterner.intern(Ljava/lang/String;)Ljava/lang/String; @ 1 c2
Event: 5.874 Thread 0x000001c6a56e2030 DEOPT PACKING pc=0x000001c690fff278 sp=0x0000001939ef9130
Event: 5.874 Thread 0x000001c6a56e2030 DEOPT UNPACKING pc=0x000001c6908269a3 sp=0x0000001939ef90f8 mode 2
Event: 5.894 Thread 0x000001c6a56e2030 DEOPT PACKING pc=0x000001c68935f63d sp=0x0000001939ef8790
Event: 5.894 Thread 0x000001c6a56e2030 DEOPT UNPACKING pc=0x000001c690827143 sp=0x0000001939ef7c18 mode 0
Event: 5.897 Thread 0x000001c6a56e2030 Uncommon trap: trap_request=0xffffff45 fr.pc=0x000001c690dcb8a8 relative=0x0000000000000668
Event: 5.897 Thread 0x000001c6a56e2030 Uncommon trap: reason=unstable_if action=reinterpret pc=0x000001c690dcb8a8 method=java.util.jar.Manifest$FastInputStream.readLine([BII)I @ 130 c2
Event: 5.897 Thread 0x000001c6a56e2030 DEOPT PACKING pc=0x000001c690dcb8a8 sp=0x0000001939ef8400
Event: 5.897 Thread 0x000001c6a56e2030 DEOPT UNPACKING pc=0x000001c6908269a3 sp=0x0000001939ef8390 mode 2
Event: 6.003 Thread 0x000001c6a56e2030 DEOPT PACKING pc=0x000001c689d26f69 sp=0x0000001939ef6790
Event: 6.003 Thread 0x000001c6a56e2030 DEOPT UNPACKING pc=0x000001c690827143 sp=0x0000001939ef5d10 mode 0
Event: 6.018 Thread 0x000001c6a56e2030 Uncommon trap: trap_request=0xffffffde fr.pc=0x000001c691069e4c relative=0x000000000000046c
Event: 6.018 Thread 0x000001c6a56e2030 Uncommon trap: reason=class_check action=maybe_recompile pc=0x000001c691069e4c method=java.util.regex.Pattern$Start.match(Ljava/util/regex/Matcher;ILjava/lang/CharSequence;)Z @ 44 c2
Event: 6.018 Thread 0x000001c6a56e2030 DEOPT PACKING pc=0x000001c691069e4c sp=0x0000001939ef7c50
Event: 6.018 Thread 0x000001c6a56e2030 DEOPT UNPACKING pc=0x000001c6908269a3 sp=0x0000001939ef7b18 mode 2

Classes unloaded (0 events):
No events

Classes redefined (0 events):
No events

Internal exceptions (20 events):
Event: 5.013 Thread 0x000001c6a56e2030 Exception <a 'java/lang/NoSuchMethodError'{0x00000000840625c8}: 'int java.lang.invoke.DirectMethodHandle$Holder.invokeStatic(java.lang.Object)'> (0x00000000840625c8) 
thrown [s\src\hotspot\share\interpreter\linkResolver.cpp, line 771]
Event: 5.014 Thread 0x000001c6a56e2030 Exception <a 'java/lang/NoSuchMethodError'{0x0000000084066c60}: 'int java.lang.invoke.DirectMethodHandle$Holder.invokeStaticInit(java.lang.Object)'> (0x0000000084066c60) 
thrown [s\src\hotspot\share\interpreter\linkResolver.cpp, line 771]
Event: 5.024 Thread 0x000001c6a56e2030 Exception <a 'java/lang/NoSuchMethodError'{0x00000000840db390}: 'java.lang.Object java.lang.invoke.DirectMethodHandle$Holder.newInvokeSpecial(java.lang.Object, java.lang.Object, java.lang.Object, java.lang.Object, java.lang.Object, int)'> (0x00000000840db390) 
thrown [s\src\hotspot\share\interpreter\linkResolver.cpp, line 771]
Event: 5.024 Thread 0x000001c6a56e2030 Exception <a 'java/lang/NoSuchMethodError'{0x00000000840e09e8}: 'java.lang.Object java.lang.invoke.DirectMethodHandle$Holder.invokeSpecial(java.lang.Object, java.lang.Object, java.lang.Object, java.lang.Object, java.lang.Object, java.lang.Object, int)'> (0x00000000840e09e8) 
thrown [s\src\hotspot\share\interpreter\linkResolver.cpp, line 771]
Event: 5.043 Thread 0x000001c6a56e2030 Exception <a 'java/lang/NoSuchMethodError'{0x0000000083fb20b0}: 'void java.lang.invoke.DirectMethodHandle$Holder.invokeStatic(java.lang.Object, java.lang.Object, java.lang.Object, int, java.lang.Object)'> (0x0000000083fb20b0) 
thrown [s\src\hotspot\share\interpreter\linkResolver.cpp, line 771]
Event: 5.116 Thread 0x000001c6a56e2030 Exception <a 'java/lang/NoSuchMethodError'{0x0000000083b19a28}: 'java.lang.Object java.lang.invoke.DirectMethodHandle$Holder.newInvokeSpecial(java.lang.Object, java.lang.Object, int)'> (0x0000000083b19a28) 
thrown [s\src\hotspot\share\interpreter\linkResolver.cpp, line 771]
Event: 5.695 Thread 0x000001c6a56e2030 Exception <a 'java/lang/NoSuchMethodError'{0x0000000083afcec8}: 'long java.lang.invoke.DirectMethodHandle$Holder.invokeVirtual(java.lang.Object, java.lang.Object)'> (0x0000000083afcec8) 
thrown [s\src\hotspot\share\interpreter\linkResolver.cpp, line 771]
Event: 5.701 Thread 0x000001c6a5aa89f0 Exception <a 'java/lang/NoSuchMethodError'{0x0000000083987c90}: static Lorg/gradle/internal/build/event/types/DefaultOperationFinishedProgressEvent;.<clinit>()V> (0x0000000083987c90) 
thrown [s\src\hotspot\share\prims\jni.cpp, line 1127]
Event: 5.703 Thread 0x000001c6a5aa89f0 Exception <a 'java/lang/NoSuchMethodError'{0x00000000839ac7b8}: static Lorg/gradle/internal/build/event/types/DefaultProjectConfigurationSuccessResult;.<clinit>()V> (0x00000000839ac7b8) 
thrown [s\src\hotspot\share\prims\jni.cpp, line 1127]
Event: 5.703 Thread 0x000001c6a5aa89f0 Exception <a 'java/lang/NoSuchMethodError'{0x00000000839adae0}: static Lorg/gradle/internal/build/event/types/AbstractProjectConfigurationResult;.<clinit>()V> (0x00000000839adae0) 
thrown [s\src\hotspot\share\prims\jni.cpp, line 1127]
Event: 5.703 Thread 0x000001c6a5aa89f0 Exception <a 'java/lang/NoSuchMethodError'{0x00000000839aefe8}: static Lorg/gradle/internal/build/event/types/AbstractOperationResult;.<clinit>()V> (0x00000000839aefe8) 
thrown [s\src\hotspot\share\prims\jni.cpp, line 1127]
Event: 5.703 Thread 0x000001c6a5aa89f0 Exception <a 'java/lang/NoSuchMethodError'{0x00000000839b0238}: static Lorg/gradle/internal/build/event/types/AbstractResult;.<clinit>()V> (0x00000000839b0238) 
thrown [s\src\hotspot\share\prims\jni.cpp, line 1127]
Event: 5.705 Thread 0x000001c6a5aa89f0 Exception <a 'java/lang/NoSuchMethodError'{0x00000000839c5878}: static Lorg/gradle/internal/build/event/types/DefaultPluginApplicationResult;.<clinit>()V> (0x00000000839c5878) 
thrown [s\src\hotspot\share\prims\jni.cpp, line 1127]
Event: 5.706 Thread 0x000001c6a5aa89f0 Exception <a 'java/lang/NoSuchMethodError'{0x00000000839d10e8}: static Lorg/gradle/internal/build/event/types/DefaultBinaryPluginIdentifier;.<clinit>()V> (0x00000000839d10e8) 
thrown [s\src\hotspot\share\prims\jni.cpp, line 1127]
Event: 5.708 Thread 0x000001c6a5aa89f0 Exception <a 'java/lang/NoSuchMethodError'{0x00000000839e66f8}: static Lorg/gradle/internal/build/event/types/DefaultScriptPluginIdentifier;.<clinit>()V> (0x00000000839e66f8) 
thrown [s\src\hotspot\share\prims\jni.cpp, line 1127]
Event: 5.874 Thread 0x000001c6a56e2030 Implicit null exception at 0x000001c691001212 to 0x000001c691001900
Event: 5.874 Thread 0x000001c6a56e2030 Implicit null exception at 0x000001c690ffeb94 to 0x000001c690fff260
Event: 6.017 Thread 0x000001c6a56e2030 Exception <a 'java/lang/ClassNotFoundException'{0x0000000085713228}: org/gradle/api/internal/plugins/DefaultObjectConfigurationActionBeanInfo> (0x0000000085713228) 
thrown [s\src\hotspot\share\classfile\systemDictionary.cpp, line 256]
Event: 6.018 Thread 0x000001c6a56e2030 Exception <a 'java/lang/ClassNotFoundException'{0x00000000857270a0}: org/gradle/api/internal/plugins/DefaultObjectConfigurationActionCustomizer> (0x00000000857270a0) 
thrown [s\src\hotspot\share\classfile\systemDictionary.cpp, line 256]
Event: 6.264 Thread 0x000001c6a56e2030 Exception <a 'java/lang/NoSuchMethodError'{0x000000008490a5c0}: 'java.lang.Object java.lang.invoke.DirectMethodHandle$Holder.invokeSpecial(java.lang.Object, java.lang.Object, java.lang.Object, int, java.lang.Object, java.lang.Object)'> (0x000000008490a5c0) 
thrown [s\src\hotspot\share\interpreter\linkResolver.cpp, line 771]

VM Operations (20 events):
Event: 5.824 Executing VM operation: G1CollectForAllocation done
Event: 5.919 Executing VM operation: G1TryInitiateConcMark
Event: 5.923 Executing VM operation: G1TryInitiateConcMark done
Event: 5.947 Executing VM operation: G1PauseRemark
Event: 5.950 Executing VM operation: G1PauseRemark done
Event: 5.959 Executing VM operation: G1PauseCleanup
Event: 5.959 Executing VM operation: G1PauseCleanup done
Event: 5.961 Executing VM operation: G1TryInitiateConcMark
Event: 5.963 Executing VM operation: G1TryInitiateConcMark done
Event: 5.993 Executing VM operation: G1PauseRemark
Event: 5.996 Executing VM operation: G1PauseRemark done
Event: 6.005 Executing VM operation: G1PauseCleanup
Event: 6.005 Executing VM operation: G1PauseCleanup done
Event: 6.196 Executing VM operation: HandshakeAllThreads
Event: 6.197 Executing VM operation: HandshakeAllThreads done
Event: 6.215 Executing VM operation: HandshakeAllThreads
Event: 6.233 Executing VM operation: HandshakeAllThreads done
Event: 6.286 Executing VM operation: HandshakeAllThreads
Event: 6.286 Executing VM operation: HandshakeAllThreads done
Event: 6.287 Executing VM operation: G1CollectForAllocation

Events (20 events):
Event: 6.244 Thread 0x000001c6a4050cb0 flushing nmethod 0x000001c689745690
Event: 6.244 Thread 0x000001c6a4050cb0 flushing nmethod 0x000001c689745d10
Event: 6.244 Thread 0x000001c6a4050cb0 flushing nmethod 0x000001c689746010
Event: 6.244 Thread 0x000001c6a4050cb0 flushing nmethod 0x000001c689748a90
Event: 6.244 Thread 0x000001c6a4050cb0 flushing nmethod 0x000001c68974fb10
Event: 6.244 Thread 0x000001c6a4050cb0 flushing nmethod 0x000001c68974fe90
Event: 6.244 Thread 0x000001c6a4050cb0 flushing nmethod 0x000001c689750210
Event: 6.244 Thread 0x000001c6a4050cb0 flushing nmethod 0x000001c689750590
Event: 6.244 Thread 0x000001c6a4050cb0 flushing nmethod 0x000001c689759d90
Event: 6.244 Thread 0x000001c6a4050cb0 flushing nmethod 0x000001c68975b010
Event: 6.244 Thread 0x000001c6a4050cb0 flushing nmethod 0x000001c68975bf10
Event: 6.245 Thread 0x000001c6a4050cb0 flushing nmethod 0x000001c6897d4f90
Event: 6.287 Thread 0x000001c6a4050cb0 flushing nmethod 0x000001c690d8c490
Event: 6.287 Thread 0x000001c6a4050cb0 flushing nmethod 0x000001c690dc6510
Event: 6.287 Thread 0x000001c6a4050cb0 flushing nmethod 0x000001c690dcb090
Event: 6.287 Thread 0x000001c6a4050cb0 flushing nmethod 0x000001c690dd0610
Event: 6.287 Thread 0x000001c6a4050cb0 flushing nmethod 0x000001c690dd6590
Event: 6.287 Thread 0x000001c6a4050cb0 flushing nmethod 0x000001c690e11710
Event: 6.287 Thread 0x000001c6a4050cb0 flushing nmethod 0x000001c690e68310
Event: 6.287 Thread 0x000001c6a4050cb0 flushing nmethod 0x000001c690e7a090


Dynamic libraries:
0x00007ff613990000 - 0x00007ff61399a000 	C:\Program Files\Android\Android Studio\jbr\bin\java.exe
0x00007ff8e32f0000 - 0x00007ff8e3507000 	C:\WINDOWS\SYSTEM32\ntdll.dll
0x00007ff8e2b80000 - 0x00007ff8e2c44000 	C:\WINDOWS\System32\KERNEL32.DLL
0x00007ff8e06d0000 - 0x00007ff8e0a7d000 	C:\WINDOWS\System32\KERNELBASE.dll
0x00007ff8e0ae0000 - 0x00007ff8e0bf1000 	C:\WINDOWS\System32\ucrtbase.dll
0x00007ff8ac0f0000 - 0x00007ff8ac10b000 	C:\Program Files\Android\Android Studio\jbr\bin\VCRUNTIME140.dll
0x00007ff859ca0000 - 0x00007ff859cb7000 	C:\Program Files\Android\Android Studio\jbr\bin\jli.dll
0x00007ff8e28f0000 - 0x00007ff8e2a9e000 	C:\WINDOWS\System32\USER32.dll
0x00007ff8e0ab0000 - 0x00007ff8e0ad6000 	C:\WINDOWS\System32\win32u.dll
0x00007ff8d2b00000 - 0x00007ff8d2d93000 	C:\WINDOWS\WinSxS\amd64_microsoft.windows.common-controls_6595b64144ccf1df_6.0.22621.3672_none_2713b9d173822955\COMCTL32.dll
0x00007ff8e1e90000 - 0x00007ff8e1eb9000 	C:\WINDOWS\System32\GDI32.dll
0x00007ff8e3110000 - 0x00007ff8e31b7000 	C:\WINDOWS\System32\msvcrt.dll
0x00007ff8e0ca0000 - 0x00007ff8e0db9000 	C:\WINDOWS\System32\gdi32full.dll
0x00007ff8e0c00000 - 0x00007ff8e0c9a000 	C:\WINDOWS\System32\msvcp_win.dll
0x00007ff8e12e0000 - 0x00007ff8e1311000 	C:\WINDOWS\System32\IMM32.DLL
0x00007ff8ab980000 - 0x00007ff8ab98c000 	C:\Program Files\Android\Android Studio\jbr\bin\vcruntime140_1.dll
0x00007ff89fcf0000 - 0x00007ff89fd7d000 	C:\Program Files\Android\Android Studio\jbr\bin\msvcp140.dll
0x00007ff84c970000 - 0x00007ff84d5f3000 	C:\Program Files\Android\Android Studio\jbr\bin\server\jvm.dll
0x00007ff8e31c0000 - 0x00007ff8e3272000 	C:\WINDOWS\System32\ADVAPI32.dll
0x00007ff8e1320000 - 0x00007ff8e13c9000 	C:\WINDOWS\System32\sechost.dll
0x00007ff8e0a80000 - 0x00007ff8e0aa8000 	C:\WINDOWS\System32\bcrypt.dll
0x00007ff8e2c50000 - 0x00007ff8e2d64000 	C:\WINDOWS\System32\RPCRT4.dll
0x00007ff8d5270000 - 0x00007ff8d527a000 	C:\WINDOWS\SYSTEM32\VERSION.dll
0x00007ff8c3c90000 - 0x00007ff8c3c99000 	C:\WINDOWS\SYSTEM32\WSOCK32.dll
0x00007ff8dadb0000 - 0x00007ff8dade4000 	C:\WINDOWS\SYSTEM32\WINMM.dll
0x00007ff8e0320000 - 0x00007ff8e036d000 	C:\WINDOWS\SYSTEM32\POWRPROF.dll
0x00007ff8e1020000 - 0x00007ff8e1091000 	C:\WINDOWS\System32\WS2_32.dll
0x00007ff8e0300000 - 0x00007ff8e0313000 	C:\WINDOWS\SYSTEM32\UMPDC.dll
0x00007ff8df640000 - 0x00007ff8df658000 	C:\WINDOWS\SYSTEM32\kernel.appcore.dll
0x00007ff8c88f0000 - 0x00007ff8c88fa000 	C:\Program Files\Android\Android Studio\jbr\bin\jimage.dll
0x00007ff8d7a60000 - 0x00007ff8d7c92000 	C:\WINDOWS\SYSTEM32\DBGHELP.DLL
0x00007ff8e2d80000 - 0x00007ff8e310d000 	C:\WINDOWS\System32\combase.dll
0x00007ff8e10b0000 - 0x00007ff8e1187000 	C:\WINDOWS\System32\OLEAUT32.dll
0x00007ff8c8870000 - 0x00007ff8c88a2000 	C:\WINDOWS\SYSTEM32\dbgcore.DLL
0x00007ff8e0e30000 - 0x00007ff8e0eab000 	C:\WINDOWS\System32\bcryptPrimitives.dll
0x00007ff8c88c0000 - 0x00007ff8c88e5000 	C:\Program Files\Android\Android Studio\jbr\bin\java.dll
0x00007ff8c81d0000 - 0x00007ff8c81e8000 	C:\Program Files\Android\Android Studio\jbr\bin\zip.dll
0x00007ff8e1ec0000 - 0x00007ff8e2728000 	C:\WINDOWS\System32\SHELL32.dll
0x00007ff8de520000 - 0x00007ff8dee1e000 	C:\WINDOWS\SYSTEM32\windows.storage.dll
0x00007ff8de3e0000 - 0x00007ff8de51f000 	C:\WINDOWS\SYSTEM32\wintypes.dll
0x00007ff8e1190000 - 0x00007ff8e1289000 	C:\WINDOWS\System32\SHCORE.dll
0x00007ff8e2aa0000 - 0x00007ff8e2afe000 	C:\WINDOWS\System32\shlwapi.dll
0x00007ff8e0540000 - 0x00007ff8e0561000 	C:\WINDOWS\SYSTEM32\profapi.dll
0x00007ff8c66c0000 - 0x00007ff8c66d9000 	C:\Program Files\Android\Android Studio\jbr\bin\net.dll
0x00007ff8dc310000 - 0x00007ff8dc446000 	C:\WINDOWS\SYSTEM32\WINHTTP.dll
0x00007ff8dfab0000 - 0x00007ff8dfb19000 	C:\WINDOWS\system32\mswsock.dll
0x00007ff8c66a0000 - 0x00007ff8c66b6000 	C:\Program Files\Android\Android Studio\jbr\bin\nio.dll
0x00007ff866840000 - 0x00007ff866850000 	C:\Program Files\Android\Android Studio\jbr\bin\verify.dll
0x00007ff8aca00000 - 0x00007ff8aca27000 	C:\Users\23480\.gradle\native\68d5fa5c4cc2d200863cafc0d521ce42e7d3e7ee720ec0a83991735586a16f82\windows-amd64\native-platform.dll
0x00007ff896e50000 - 0x00007ff896f94000 	C:\Users\23480\.gradle\native\e376f236ea51e6404a007f0833ffe2c6e607c4080706a723a18a27aeea778392\windows-amd64\native-platform-file-events.dll
0x00007ff8c63d0000 - 0x00007ff8c63d9000 	C:\Program Files\Android\Android Studio\jbr\bin\management.dll
0x00007ff89ae00000 - 0x00007ff89ae0b000 	C:\Program Files\Android\Android Studio\jbr\bin\management_ext.dll
0x00007ff8e2d70000 - 0x00007ff8e2d78000 	C:\WINDOWS\System32\PSAPI.DLL
0x00007ff8dfd20000 - 0x00007ff8dfd3b000 	C:\WINDOWS\SYSTEM32\CRYPTSP.dll
0x00007ff8df5a0000 - 0x00007ff8df5d5000 	C:\WINDOWS\system32\rsaenh.dll
0x00007ff8dfbb0000 - 0x00007ff8dfbd8000 	C:\WINDOWS\SYSTEM32\USERENV.dll
0x00007ff8dfd10000 - 0x00007ff8dfd1c000 	C:\WINDOWS\SYSTEM32\CRYPTBASE.dll
0x00007ff8df080000 - 0x00007ff8df0ad000 	C:\WINDOWS\SYSTEM32\IPHLPAPI.DLL
0x00007ff8e1e80000 - 0x00007ff8e1e89000 	C:\WINDOWS\System32\NSI.dll
0x00007ff8db840000 - 0x00007ff8db859000 	C:\WINDOWS\SYSTEM32\dhcpcsvc6.DLL
0x00007ff8db380000 - 0x00007ff8db39f000 	C:\WINDOWS\SYSTEM32\dhcpcsvc.DLL
0x00007ff8df0b0000 - 0x00007ff8df1a8000 	C:\WINDOWS\SYSTEM32\DNSAPI.dll
0x00007ff8c88b0000 - 0x00007ff8c88b9000 	C:\Program Files\Android\Android Studio\jbr\bin\extnet.dll
0x00007ff8dae40000 - 0x00007ff8dae48000 	C:\WINDOWS\system32\wshunix.dll

dbghelp: loaded successfully - version: 4.0.5 - missing functions: none
symbol engine: initialized successfully - sym options: 0x614 - pdb path: .;C:\Program Files\Android\Android Studio\jbr\bin;C:\WINDOWS\SYSTEM32;C:\WINDOWS\WinSxS\amd64_microsoft.windows.common-controls_6595b64144ccf1df_6.0.22621.3672_none_2713b9d173822955;C:\Program Files\Android\Android Studio\jbr\bin\server;C:\Users\23480\.gradle\native\68d5fa5c4cc2d200863cafc0d521ce42e7d3e7ee720ec0a83991735586a16f82\windows-amd64;C:\Users\23480\.gradle\native\e376f236ea51e6404a007f0833ffe2c6e607c4080706a723a18a27aeea778392\windows-amd64

VM Arguments:
jvm_args: --add-opens=java.base/java.util=ALL-UNNAMED --add-opens=java.base/java.lang=ALL-UNNAMED --add-opens=java.base/java.lang.invoke=ALL-UNNAMED --add-opens=java.prefs/java.util.prefs=ALL-UNNAMED --add-opens=java.base/java.nio.charset=ALL-UNNAMED --add-opens=java.base/java.net=ALL-UNNAMED --add-opens=java.base/java.util.concurrent.atomic=ALL-UNNAMED -Xmx2048m -Dfile.encoding=UTF-8 -Duser.country=US -Duser.language=en -Duser.variant 
java_command: org.gradle.launcher.daemon.bootstrap.GradleDaemon 8.0
java_class_path (initial): C:\Users\23480\.gradle\wrapper\dists\gradle-8.0-bin\ca5e32bp14vu59qr306oxotwh\gradle-8.0\lib\gradle-launcher-8.0.jar
Launcher Type: SUN_STANDARD

[Global flags]
     intx CICompilerCount                          = 4                                         {product} {ergonomic}
     uint ConcGCThreads                            = 2                                         {product} {ergonomic}
     uint G1ConcRefinementThreads                  = 8                                         {product} {ergonomic}
   size_t G1HeapRegionSize                         = 1048576                                   {product} {ergonomic}
    uintx GCDrainStackTargetSize                   = 64                                        {product} {ergonomic}
   size_t InitialHeapSize                          = 123731968                                 {product} {ergonomic}
   size_t MarkStackSize                            = 4194304                                   {product} {ergonomic}
   size_t MaxHeapSize                              = 2147483648                                {product} {command line}
   size_t MaxNewSize                               = 1287651328                                {product} {ergonomic}
   size_t MinHeapDeltaBytes                        = 1048576                                   {product} {ergonomic}
   size_t MinHeapSize                              = 8388608                                   {product} {ergonomic}
    uintx NonNMethodCodeHeapSize                   = 5839372                                {pd product} {ergonomic}
    uintx NonProfiledCodeHeapSize                  = 122909434                              {pd product} {ergonomic}
    uintx ProfiledCodeHeapSize                     = 122909434                              {pd product} {ergonomic}
    uintx ReservedCodeCacheSize                    = 251658240                              {pd product} {ergonomic}
     bool SegmentedCodeCache                       = true                                      {product} {ergonomic}
   size_t SoftMaxHeapSize                          = 2147483648                             {manageable} {ergonomic}
     bool UseCompressedClassPointers               = true                           {product lp64_product} {ergonomic}
     bool UseCompressedOops                        = true                           {product lp64_product} {ergonomic}
     bool UseG1GC                                  = true                                      {product} {ergonomic}
     bool UseLargePagesIndividualAllocation        = false                                  {pd product} {ergonomic}

Logging:
Log output configuration:
 #0: stdout all=warning uptime,level,tags
 #1: stderr all=off uptime,level,tags

Environment Variables:
PATH=C:\WINDOWS\system32;C:\WINDOWS;C:\WINDOWS\System32\Wbem;C:\WINDOWS\System32\WindowsPowerShell\v1.0\;C:\WINDOWS\System32\OpenSSH\;C:\Program Files\nodejs\;C:\Program Files\HP\HP One Agent;C:\Program Files\Git\cmd;C:\Users\23480\AppData\Local\Programs\Python\Python311\Scripts\;C:\Users\23480\AppData\Local\Programs\Python\Python311\;C:\Users\23480\AppData\Local\Microsoft\WindowsApps;C:\Users\23480\AppData\Local\atom\bin;C:\Users\23480\AppData\Local\Programs\Microsoft VS Code\bin;C:\Users\23480\AppData\Local\Microsoft\WindowsApps;;C:\Program Files\JetBrains\IntelliJ IDEA Community Edition 2023.2.1\bin;;C:\Users\23480\AppData\Roaming\npm
USERNAME=23480
OS=Windows_NT
PROCESSOR_IDENTIFIER=AMD64 Family 23 Model 104 Stepping 1, AuthenticAMD
TMP=C:\Users\23480\AppData\Local\Temp
TEMP=C:\Users\23480\AppData\Local\Temp



Periodic native trim disabled

JNI global refs:
JNI global refs: 24, weak refs: 0

JNI global refs memory usage: 843, weak refs: 841

Process memory usage:
Resident Set Size: 260144K (3% of 7682524K total physical memory with 487308K free physical memory)

OOME stack traces (most recent first):
Classloader memory used:
Loader org.gradle.internal.classloader.VisitableURLClassLoader                         : 3049K
Loader bootstrap                                                                       : 2379K
Loader org.gradle.initialization.MixInLegacyTypesClassLoader                           : 950K
Loader org.gradle.internal.classloader.VisitableURLClassLoader                         : 187K
Loader jdk.internal.loader.ClassLoaders$PlatformClassLoader                            : 65558B
Loader jdk.internal.loader.ClassLoaders$AppClassLoader                                 : 26051B
Loader jdk.internal.reflect.DelegatingClassLoader                                      : 14102B

Classes loaded by more than one classloader:
Class Program                                                                         : loaded 4 times (x 72B)
Class com.google.common.collect.SingletonImmutableList                                : loaded 2 times (x 167B)
Class org.gradle.internal.classpath.ClassPath                                         : loaded 2 times (x 68B)
Class org.gradle.api.internal.classpath.DefaultModuleRegistry                         : loaded 2 times (x 84B)
Class Settings_gradle$1$1                                                             : loaded 2 times (x 72B)
Class com.google.common.collect.ListMultimap                                          : loaded 2 times (x 68B)
Class com.google.common.base.CharMatcher$JavaDigit                                    : loaded 2 times (x 109B)
Class com.google.common.base.CharMatcher$Digit                                        : loaded 2 times (x 110B)
Class com.google.common.collect.AbstractMultimap                                      : loaded 2 times (x 121B)
Class org.gradle.api.Action                                                           : loaded 2 times (x 68B)
Class com.google.common.collect.Lists$StringAsImmutableList                           : loaded 2 times (x 167B)
Class com.google.common.base.CharMatcher                                              : loaded 2 times (x 109B)
Class com.google.common.base.CharMatcher$IsNot                                        : loaded 2 times (x 109B)
Class com.google.common.base.Splitter                                                 : loaded 2 times (x 70B)
Class org.gradle.api.internal.DefaultClassPathProvider                                : loaded 2 times (x 74B)
Class org.gradle.internal.installation.GradleInstallation$1                           : loaded 2 times (x 73B)
Class com.google.common.base.CharMatcher$BitSetMatcher                                : loaded 2 times (x 110B)
Class com.google.common.collect.ImmutableMap$IteratorBasedImmutableMap                : loaded 2 times (x 123B)
Class com.google.common.collect.ImmutableMap                                          : loaded 2 times (x 118B)
Class com.google.common.base.Converter                                                : loaded 2 times (x 88B)
Class com.google.common.base.Predicate                                                : loaded 2 times (x 68B)
Class org.gradle.internal.classloader.FilteringClassLoader                            : loaded 2 times (x 103B)
Class org.gradle.internal.classpath.DefaultClassPath$ImmutableUniqueList$Builder      : loaded 2 times (x 73B)
Class com.google.common.collect.Maps$8                                                : loaded 2 times (x 80B)
Class com.google.common.base.CharMatcher$InRange                                      : loaded 2 times (x 109B)
Class com.google.common.collect.BiMap                                                 : loaded 2 times (x 68B)
Class com.google.common.collect.Lists                                                 : loaded 2 times (x 69B)
Class org.gradle.internal.classloader.ClassLoaderVisitor                              : loaded 2 times (x 74B)
Class org.gradle.internal.service.DefaultServiceLocator                               : loaded 2 times (x 81B)
Class org.gradle.internal.service.UnknownServiceException                             : loaded 2 times (x 81B)
Class com.google.common.collect.ArrayListMultimap                                     : loaded 2 times (x 170B)
Class org.gradle.internal.classloader.DefaultClassLoaderFactory                       : loaded 2 times (x 80B)
Class com.google.common.collect.UnmodifiableIterator                                  : loaded 2 times (x 78B)
Class com.google.common.base.CharMatcher$SingleWidth                                  : loaded 2 times (x 110B)
Class com.google.common.base.JdkPattern                                               : loaded 2 times (x 73B)
Class com.google.common.collect.Multimap                                              : loaded 2 times (x 68B)
Class org.gradle.internal.classloader.VisitableURLClassLoader$Spec                    : loaded 2 times (x 72B)
Class org.gradle.api.GradleException                                                  : loaded 2 times (x 80B)
Class com.google.common.base.CharMatcher$JavaLetterOrDigit                            : loaded 2 times (x 109B)
Class org.gradle.api.internal.classpath.ModuleRegistry                                : loaded 2 times (x 68B)
Class com.google.common.collect.ImmutableCollection                                   : loaded 2 times (x 123B)
Class org.gradle.api.internal.ClassPathProvider                                       : loaded 2 times (x 68B)
Class org.gradle.internal.classloader.ClasspathUtil$1                                 : loaded 2 times (x 74B)
Class com.google.common.collect.ImmutableEnumMap                                      : loaded 2 times (x 123B)
Class com.google.common.collect.ImmutableList$ReverseImmutableList                    : loaded 2 times (x 168B)
Class org.gradle.internal.classloader.ClassLoaderFactory                              : loaded 2 times (x 68B)
Class com.google.common.collect.ObjectArrays                                          : loaded 2 times (x 69B)
Class com.google.common.collect.ImmutableList                                         : loaded 2 times (x 166B)
Class org.gradle.api.internal.classpath.ManifestUtil                                  : loaded 2 times (x 69B)
Class org.gradle.api.specs.Spec                                                       : loaded 2 times (x 68B)
Class com.google.common.base.CharMatcher$Whitespace                                   : loaded 2 times (x 110B)
Class com.google.common.base.Preconditions                                            : loaded 2 times (x 69B)
Class com.google.common.base.Function                                                 : loaded 2 times (x 68B)
Class org.gradle.internal.IoActions                                                   : loaded 2 times (x 69B)
Class com.google.common.collect.CollectPreconditions                                  : loaded 2 times (x 69B)
Class com.google.common.collect.Maps                                                  : loaded 2 times (x 69B)
Class com.google.common.collect.AbstractIndexedListIterator                           : loaded 2 times (x 94B)
Class com.google.common.base.CharMatcher$None                                         : loaded 2 times (x 110B)
Class org.gradle.api.internal.classpath.EffectiveClassPath                            : loaded 2 times (x 88B)
Class com.google.common.collect.UnmodifiableListIterator                              : loaded 2 times (x 93B)
Class com.google.common.collect.ImmutableList$1                                       : loaded 2 times (x 95B)
Class com.google.common.base.Splitter$Strategy                                        : loaded 2 times (x 68B)
Class org.gradle.internal.installation.CurrentGradleInstallation                      : loaded 2 times (x 71B)
Class org.gradle.internal.installation.CurrentGradleInstallationLocator               : loaded 2 times (x 69B)
Class org.gradle.api.internal.classpath.Module                                        : loaded 2 times (x 68B)
Class com.google.common.base.Splitter$1$1                                             : loaded 2 times (x 84B)
Class org.gradle.internal.service.CachingServiceLocator                               : loaded 2 times (x 80B)
Class org.gradle.internal.classpath.DefaultClassPath                                  : loaded 2 times (x 88B)
Class com.google.common.base.Splitter$SplittingIterator                               : loaded 2 times (x 82B)
Class com.google.common.base.CharMatcher$Is                                           : loaded 2 times (x 109B)
Class com.google.common.collect.RegularImmutableAsList                                : loaded 2 times (x 176B)
Class org.gradle.internal.classloader.SystemClassLoaderSpec                           : loaded 2 times (x 69B)
Class [Lcom.google.common.base.AbstractIterator$State;                                : loaded 2 times (x 67B)
Class com.google.common.base.AbstractIterator                                         : loaded 2 times (x 78B)
Class com.google.common.base.AbstractIterator$1                                       : loaded 2 times (x 69B)
Class com.google.common.base.CharMatcher$1                                            : loaded 2 times (x 111B)
Class com.google.common.base.CharMatcher$Ascii                                        : loaded 2 times (x 110B)
Class org.gradle.api.UncheckedIOException                                             : loaded 2 times (x 80B)
Class com.google.common.base.CharMatcher$And                                          : loaded 2 times (x 110B)
Class com.google.common.collect.AbstractListMultimap                                  : loaded 2 times (x 170B)
Class com.google.common.base.CharMatcher$Any                                          : loaded 2 times (x 110B)
Class org.gradle.internal.installation.GradleInstallation                             : loaded 2 times (x 73B)
Class com.google.common.collect.ArrayListMultimapGwtSerializationDependencies         : loaded 2 times (x 170B)
Class com.google.common.base.CharMatcher$RangesMatcher                                : loaded 2 times (x 110B)
Class com.google.common.collect.ImmutableList$SubList                                 : loaded 2 times (x 168B)
Class org.gradle.internal.classloader.ClasspathUtil                                   : loaded 2 times (x 69B)
Class com.google.common.base.Splitter$1                                               : loaded 2 times (x 75B)
Class com.google.common.collect.Maps$BiMapConverter                                   : loaded 2 times (x 88B)
Class org.gradle.api.internal.DefaultClassPathRegistry                                : loaded 2 times (x 74B)
Class org.gradle.api.internal.classpath.DefaultModuleRegistry$DefaultModule           : loaded 2 times (x 84B)
Class com.google.common.base.CharMatcher$JavaIsoControl                               : loaded 2 times (x 110B)
Class com.google.common.base.CharMatcher$Or                                           : loaded 2 times (x 110B)
Class com.google.common.base.CharMatcher$JavaLowerCase                                : loaded 2 times (x 109B)
Class org.gradle.api.internal.classpath.UnknownModuleException                        : loaded 2 times (x 80B)
Class com.google.common.collect.Maps$EntryTransformer                                 : loaded 2 times (x 68B)
Class com.google.common.base.CommonPattern                                            : loaded 2 times (x 72B)
Class org.gradle.internal.service.ServiceLookupException                              : loaded 2 times (x 80B)
Class org.gradle.cache.GlobalCache                                                    : loaded 2 times (x 68B)
Class com.google.common.base.CharMatcher$NegatedFastMatcher                           : loaded 2 times (x 111B)
Class [Lorg.gradle.api.internal.ClassPathProvider;                                    : loaded 2 times (x 67B)
Class org.gradle.util.internal.GUtil                                                  : loaded 2 times (x 69B)
Class org.gradle.internal.classloader.ClassLoaderSpec                                 : loaded 2 times (x 69B)
Class com.google.common.base.NullnessCasts                                            : loaded 2 times (x 69B)
Class com.google.common.base.CharMatcher$Negated                                      : loaded 2 times (x 111B)
Class com.google.common.base.CharMatcher$ForPredicate                                 : loaded 2 times (x 110B)
Class com.google.common.collect.SortedMapDifference                                   : loaded 2 times (x 68B)
Class org.gradle.internal.classloader.VisitableURLClassLoader                         : loaded 2 times (x 115B)
Class org.gradle.internal.Cast                                                        : loaded 2 times (x 69B)
Class org.gradle.api.internal.ClassPathRegistry                                       : loaded 2 times (x 68B)
Class org.gradle.internal.classloader.ClassLoaderHierarchy                            : loaded 2 times (x 68B)
Class com.google.common.base.AbstractIterator$State                                   : loaded 2 times (x 77B)
Class com.google.common.base.CharMatcher$NamedFastMatcher                             : loaded 2 times (x 110B)
Class org.gradle.internal.InternalTransformer                                         : loaded 2 times (x 68B)
Class org.gradle.internal.service.ServiceLocator                                      : loaded 2 times (x 68B)
Class Settings_gradle$1                                                               : loaded 2 times (x 72B)
Class com.google.common.base.CharMatcher$Invisible                                    : loaded 2 times (x 110B)
Class com.google.common.base.CharMatcher$FastMatcher                                  : loaded 2 times (x 109B)
Class org.gradle.internal.classpath.DefaultClassPath$ImmutableUniqueList              : loaded 2 times (x 159B)
Class com.google.common.base.CharMatcher$JavaLetter                                   : loaded 2 times (x 109B)
Class com.google.common.collect.MapDifference                                         : loaded 2 times (x 68B)
Class Settings_gradle                                                                 : loaded 2 times (x 126B)
Class com.google.common.collect.Platform                                              : loaded 2 times (x 69B)
Class com.google.common.collect.ImmutableAsList                                       : loaded 2 times (x 169B)
Class com.google.common.base.CharMatcher$AnyOf                                        : loaded 2 times (x 110B)
Class com.google.common.base.CharMatcher$IsEither                                     : loaded 2 times (x 109B)
Class com.google.common.collect.RegularImmutableList                                  : loaded 2 times (x 172B)
Class com.google.common.base.CharMatcher$JavaUpperCase                                : loaded 2 times (x 109B)
Class com.google.common.collect.Multiset                                              : loaded 2 times (x 68B)
Class com.google.common.collect.AbstractMapBasedMultimap                              : loaded 2 times (x 137B)


---------------  S Y S T E M  ---------------

OS:
 Windows 11 , 64 bit Build 22621 (10.0.22621.3958)
OS uptime: 0 days 1:53 hours
Hyper-V role detected

CPU: total 8 (initial active 8) (8 cores per cpu, 2 threads per core) family 23 model 104 stepping 1 microcode 0x0, cx8, cmov, fxsr, ht, mmx, 3dnowpref, sse, sse2, sse3, ssse3, sse4a, sse4.1, sse4.2, popcnt, lzcnt, tsc, tscinvbit, avx, avx2, aes, clmul, bmi1, bmi2, adx, sha, fma, vzeroupper, clflush, clflushopt, hv
Processor Information for processor 0
  Max Mhz: 2600, Current Mhz: 2600, Mhz Limit: 2600
Processor Information for processor 1
  Max Mhz: 2600, Current Mhz: 2003, Mhz Limit: 2600
Processor Information for processor 2
  Max Mhz: 2600, Current Mhz: 2003, Mhz Limit: 2600
Processor Information for processor 3
  Max Mhz: 2600, Current Mhz: 2600, Mhz Limit: 2600
Processor Information for processor 4
  Max Mhz: 2600, Current Mhz: 2003, Mhz Limit: 2600
Processor Information for processor 5
  Max Mhz: 2600, Current Mhz: 2600, Mhz Limit: 2600
Processor Information for processor 6
  Max Mhz: 2600, Current Mhz: 2003, Mhz Limit: 2600
Processor Information for processor 7
  Max Mhz: 2600, Current Mhz: 2003, Mhz Limit: 2600

Memory: 4k page, system-wide physical 7502M (475M free)
TotalPageFile size 11571M (AvailPageFile size 15M)
current process WorkingSet (physical memory assigned to process): 254M, peak: 263M
current process commit charge ("private bytes"): 294M, peak: 323M

vm_info: OpenJDK 64-Bit Server VM (17.0.11+0--11852314) for windows-amd64 JRE (17.0.11+0--11852314), built on May 16 2024 21:29:20 by "androidbuild" with MS VC++ 16.10 / 16.11 (VS2019)

END.
